2025-05-18 00:12:36 [SpringApplicationShutdownHook] INFO  com.zaxxer.hikari.HikariDataSource - HikariPool-1 - Shutdown initiated...
2025-05-18 00:12:36 [SpringApplicationShutdownHook] INFO  com.zaxxer.hikari.HikariDataSource - HikariPool-1 - Shutdown completed.
2025-05-18 00:12:44 [background-preinit] INFO  o.h.validator.internal.util.Version - HV000001: Hibernate Validator 8.0.1.Final
2025-05-18 00:12:44 [main] INFO  c.A.m.MainServiceApplication - Starting MainServiceApplication using Java 17.0.13 with PID 648613 (/home/mwas/SPRINGBOOT-PROJECTS/Microservices/fx-exchange-system/main-service/target/classes started by mwas in /home/mwas/SPRINGBOOT-PROJECTS/Microservices/fx-exchange-system)
2025-05-18 00:12:44 [main] INFO  c.A.m.MainServiceApplication - The following 1 profile is active: "dev"
2025-05-18 00:12:45 [main] INFO  o.s.d.r.c.RepositoryConfigurationDelegate - Bootstrapping Spring Data JDBC repositories in DEFAULT mode.
2025-05-18 00:12:46 [main] INFO  o.s.d.r.c.RepositoryConfigurationDelegate - Finished Spring Data repository scanning in 390 ms. Found 1 JDBC repository interface.
2025-05-18 00:12:49 [main] INFO  com.zaxxer.hikari.HikariDataSource - HikariPool-1 - Starting...
2025-05-18 00:12:50 [main] INFO  com.zaxxer.hikari.pool.HikariPool - HikariPool-1 - Added connection org.postgresql.jdbc.PgConnection@781654f8
2025-05-18 00:12:50 [main] INFO  com.zaxxer.hikari.HikariDataSource - HikariPool-1 - Start completed.
2025-05-18 00:12:51 [main] INFO  o.s.b.w.e.netty.NettyWebServer - Netty started on port 8081
2025-05-18 00:12:51 [main] INFO  c.A.m.MainServiceApplication - Started MainServiceApplication in 8.596 seconds (process running for 9.317)
2025-05-18 00:13:04 [reactor-http-epoll-3] INFO  c.A.m.filter.SecurityFilter - dat:MAKEANOTHERCOFFEE :MAKEANOTHERCOFFEE
2025-05-18 00:13:04 [reactor-http-epoll-3] INFO  c.A.m.filter.SecurityFilter - Request ID: null - API Key Auth SUCCESS for /api/v1/mainService/convert
2025-05-18 00:13:05 [reactor-http-epoll-3] INFO  c.A.m.f.RequestResponseLoggingFilter - ID: e74422e4-1977-4f51-ac76-a5e8425db2f1 | Method: POST | URI: http://localhost:8081/api/v1/mainService/convert | Req Body: {
    "from":"USD",
    "to":"CAD",
    "amount":234
} | Status: 200 OK | Res Body: {"responseCode":200,"responseStatus":"success","responseMessage":"success","data":{"fromCurrency":"USD","toCurrency":"CAD","rate":1.3964201756,"amount":234,"convertedAmount":326.7623210904,"requestedAt":"2025-05-17T21:13:04.974+00:00"}} | Duration: 1209ms
2025-05-18 00:25:04 [SpringApplicationShutdownHook] INFO  com.zaxxer.hikari.HikariDataSource - HikariPool-1 - Shutdown initiated...
2025-05-18 00:25:04 [SpringApplicationShutdownHook] INFO  com.zaxxer.hikari.HikariDataSource - HikariPool-1 - Shutdown completed.
2025-05-18 00:25:11 [background-preinit] INFO  o.h.validator.internal.util.Version - HV000001: Hibernate Validator 8.0.1.Final
2025-05-18 00:25:11 [main] INFO  c.A.m.MainServiceApplication - Starting MainServiceApplication using Java 17.0.13 with PID 658916 (/home/mwas/SPRINGBOOT-PROJECTS/Microservices/fx-exchange-system/main-service/target/classes started by mwas in /home/mwas/SPRINGBOOT-PROJECTS/Microservices/fx-exchange-system)
2025-05-18 00:25:11 [main] INFO  c.A.m.MainServiceApplication - The following 1 profile is active: "dev"
2025-05-18 00:25:15 [main] INFO  o.s.d.r.c.RepositoryConfigurationDelegate - Bootstrapping Spring Data JDBC repositories in DEFAULT mode.
2025-05-18 00:25:15 [main] INFO  o.s.d.r.c.RepositoryConfigurationDelegate - Finished Spring Data repository scanning in 436 ms. Found 1 JDBC repository interface.
2025-05-18 00:25:18 [main] INFO  com.zaxxer.hikari.HikariDataSource - HikariPool-1 - Starting...
2025-05-18 00:25:20 [main] INFO  com.zaxxer.hikari.pool.HikariPool - HikariPool-1 - Added connection org.postgresql.jdbc.PgConnection@7ec3a8bd
2025-05-18 00:25:20 [main] INFO  com.zaxxer.hikari.HikariDataSource - HikariPool-1 - Start completed.
2025-05-18 00:25:21 [main] INFO  o.s.b.w.e.netty.NettyWebServer - Netty started on port 8081
2025-05-18 00:25:21 [main] INFO  c.A.m.MainServiceApplication - Started MainServiceApplication in 12.207 seconds (process running for 13.618)
2025-05-18 00:26:01 [reactor-http-epoll-3] INFO  c.A.m.filter.SecurityFilter - dat:MAKEANOTHERCOFFEE :MAKEANOTHERCOFFEE
2025-05-18 00:26:01 [reactor-http-epoll-3] INFO  c.A.m.filter.SecurityFilter - Request ID: null - API Key Auth SUCCESS for /api/v1/mainService/convert
2025-05-18 00:26:07 [reactor-http-epoll-3] WARN  r.n.http.client.HttpClientConnect - [db5d81c9-1, L:/127.0.0.1:37810 - R:localhost/127.0.0.1:8082] The connection observed an error
io.netty.handler.timeout.ReadTimeoutException: null
2025-05-18 00:26:07 [reactor-http-epoll-3] WARN  c.A.m.e.GlobalExceptionHandler - a runtime exception occurred:null
2025-05-18 00:26:07 [reactor-http-epoll-3] INFO  c.A.m.f.RequestResponseLoggingFilter - ID: 0ce08386-53cf-44d0-90e1-a65abfe5483d | Method: POST | URI: http://localhost:8081/api/v1/mainService/convert | Req Body: {
    "from":"USD",
    "to":"CAD",
    "amount":234
} | Status: 500 INTERNAL_SERVER_ERROR | Res Body: {"responseCode":500,"responseMessage":"An unexpected error occurred: ","path":"/api/v1/mainService/convert"} | Duration: 6472ms
2025-05-18 00:33:27 [reactor-http-epoll-1] INFO  c.A.m.filter.SecurityFilter - dat:MAKEANOTHERCOFFEE :MAKEANOTHERCOFFEE
2025-05-18 00:33:27 [reactor-http-epoll-1] INFO  c.A.m.filter.SecurityFilter - Request ID: null - API Key Auth SUCCESS for /api/v1/mainService/convert
2025-05-18 00:33:28 [boundedElastic-1] WARN  com.zaxxer.hikari.pool.PoolBase - HikariPool-1 - Failed to validate connection org.postgresql.jdbc.PgConnection@7ec3a8bd (This connection has been closed.). Possibly consider using a shorter maxLifetime value.
2025-05-18 00:33:28 [boundedElastic-1] WARN  com.zaxxer.hikari.pool.PoolBase - HikariPool-1 - Failed to validate connection org.postgresql.jdbc.PgConnection@8097813 (This connection has been closed.). Possibly consider using a shorter maxLifetime value.
2025-05-18 00:33:28 [boundedElastic-1] WARN  com.zaxxer.hikari.pool.PoolBase - HikariPool-1 - Failed to validate connection org.postgresql.jdbc.PgConnection@eb5de6a (This connection has been closed.). Possibly consider using a shorter maxLifetime value.
2025-05-18 00:33:28 [boundedElastic-1] WARN  com.zaxxer.hikari.pool.PoolBase - HikariPool-1 - Failed to validate connection org.postgresql.jdbc.PgConnection@5d3338bf (This connection has been closed.). Possibly consider using a shorter maxLifetime value.
2025-05-18 00:33:28 [boundedElastic-1] WARN  com.zaxxer.hikari.pool.PoolBase - HikariPool-1 - Failed to validate connection org.postgresql.jdbc.PgConnection@53ea99c6 (This connection has been closed.). Possibly consider using a shorter maxLifetime value.
2025-05-18 00:33:28 [boundedElastic-1] WARN  com.zaxxer.hikari.pool.PoolBase - HikariPool-1 - Failed to validate connection org.postgresql.jdbc.PgConnection@1060aa48 (This connection has been closed.). Possibly consider using a shorter maxLifetime value.
2025-05-18 00:33:28 [boundedElastic-1] WARN  com.zaxxer.hikari.pool.PoolBase - HikariPool-1 - Failed to validate connection org.postgresql.jdbc.PgConnection@308670a0 (This connection has been closed.). Possibly consider using a shorter maxLifetime value.
2025-05-18 00:33:28 [boundedElastic-1] WARN  com.zaxxer.hikari.pool.PoolBase - HikariPool-1 - Failed to validate connection org.postgresql.jdbc.PgConnection@74b440cf (This connection has been closed.). Possibly consider using a shorter maxLifetime value.
2025-05-18 00:33:28 [boundedElastic-1] WARN  com.zaxxer.hikari.pool.PoolBase - HikariPool-1 - Failed to validate connection org.postgresql.jdbc.PgConnection@7317d336 (This connection has been closed.). Possibly consider using a shorter maxLifetime value.
2025-05-18 00:33:28 [boundedElastic-1] WARN  com.zaxxer.hikari.pool.PoolBase - HikariPool-1 - Failed to validate connection org.postgresql.jdbc.PgConnection@66b005f6 (This connection has been closed.). Possibly consider using a shorter maxLifetime value.
2025-05-18 00:33:28 [reactor-http-epoll-1] INFO  c.A.m.f.RequestResponseLoggingFilter - ID: fba8a0ea-c02b-44e5-9a29-f56002317c74 | Method: POST | URI: http://localhost:8081/api/v1/mainService/convert | Req Body: {
    "from":"USD",
    "to":"CAD",
    "amount":234
} | Status: 200 OK | Res Body: {"responseCode":200,"responseStatus":"success","responseMessage":"success","data":{"fromCurrency":"USD","toCurrency":"CAD","rate":1.3964201756,"amount":234,"convertedAmount":326.7623210904,"requestedAt":"2025-05-17T21:33:28.451+00:00"}} | Duration: 1274ms
2025-05-18 00:33:51 [reactor-http-epoll-1] INFO  c.A.m.filter.SecurityFilter - dat:MAKEANOTHERCOFFEE :MAKEANOTHERCOFFEE
2025-05-18 00:33:51 [reactor-http-epoll-1] INFO  c.A.m.filter.SecurityFilter - Request ID: null - API Key Auth SUCCESS for /api/v1/mainService/convert
2025-05-18 00:33:51 [reactor-http-epoll-1] INFO  c.A.m.f.RequestResponseLoggingFilter - ID: d7b6e5e7-3046-4814-b0eb-a76829e75910 | Method: POST | URI: http://localhost:8081/api/v1/mainService/convert | Req Body: {
    "from":"AUX",
    "to":"CAD",
    "amount":234
} | Status: 422 UNPROCESSABLE_ENTITY | Res Body: {"responseCode":422,"responseMessage":"WebClient error: 422 Unprocessable Entity from GET http://localhost:8082/api/v1/rateService/rate","path":"/api/v1/mainService/convert"} | Duration: 519ms
2025-05-18 00:35:51 [reactor-http-epoll-3] INFO  c.A.m.filter.SecurityFilter - dat:MAKEANOTHERCOFFEE :MAKEANOTHERCOFFEE
2025-05-18 00:35:51 [reactor-http-epoll-3] INFO  c.A.m.filter.SecurityFilter - Request ID: null - API Key Auth SUCCESS for /api/v1/mainService/convert
2025-05-18 00:35:51 [reactor-http-epoll-3] INFO  c.A.m.f.RequestResponseLoggingFilter - ID: 930c0bef-7dc2-4c50-9210-fa7612486fa6 | Method: POST | URI: http://localhost:8081/api/v1/mainService/convert | Req Body: {
    "from":"NAZ",
    "to":"CAD",
    "amount":234
} | Status: 422 UNPROCESSABLE_ENTITY | Res Body: {"responseCode":422,"responseMessage":"WebClient error: 422 Unprocessable Entity from GET http://localhost:8082/api/v1/rateService/rate","path":"/api/v1/mainService/convert"} | Duration: 341ms
2025-05-18 01:17:11 [SpringApplicationShutdownHook] INFO  com.zaxxer.hikari.HikariDataSource - HikariPool-1 - Shutdown initiated...
2025-05-18 01:17:12 [SpringApplicationShutdownHook] INFO  com.zaxxer.hikari.HikariDataSource - HikariPool-1 - Shutdown completed.
