2025-05-14 11:49:07 [background-preinit] INFO  o.h.validator.internal.util.Version - HV000001: Hibernate Validator 8.0.1.Final
2025-05-14 11:49:07 [main] INFO  c.A.m.MainServiceApplication - Starting MainServiceApplication using Java 17.0.13 with PID 216058 (/home/mwas/SPRINGBOOT-PROJECTS/Microservices/fx-exchange-system/main-service/target/classes started by mwas in /home/mwas/SPRINGBOOT-PROJECTS/Microservices/fx-exchange-system)
2025-05-14 11:49:07 [main] INFO  c.A.m.MainServiceApplication - The following 1 profile is active: "dev"
2025-05-14 11:49:11 [main] INFO  o.s.d.r.c.RepositoryConfigurationDelegate - Bootstrapping Spring Data JDBC repositories in DEFAULT mode.
2025-05-14 11:49:12 [main] INFO  o.s.d.r.c.RepositoryConfigurationDelegate - Finished Spring Data repository scanning in 374 ms. Found 1 JDBC repository interface.
2025-05-14 11:49:15 [main] INFO  com.zaxxer.hikari.HikariDataSource - HikariPool-1 - Starting...
2025-05-14 11:49:16 [main] INFO  com.zaxxer.hikari.pool.HikariPool - HikariPool-1 - Added connection org.postgresql.jdbc.PgConnection@2bf2d6eb
2025-05-14 11:49:16 [main] INFO  com.zaxxer.hikari.HikariDataSource - HikariPool-1 - Start completed.
2025-05-14 11:49:17 [main] INFO  o.s.b.w.e.netty.NettyWebServer - Netty started on port 8081
2025-05-14 11:49:17 [main] INFO  c.A.m.MainServiceApplication - Started MainServiceApplication in 11.039 seconds (process running for 12.224)
2025-05-14 12:01:20 [SpringApplicationShutdownHook] INFO  com.zaxxer.hikari.HikariDataSource - HikariPool-1 - Shutdown initiated...
2025-05-14 12:01:20 [SpringApplicationShutdownHook] INFO  com.zaxxer.hikari.HikariDataSource - HikariPool-1 - Shutdown completed.
2025-05-14 12:01:42 [background-preinit] INFO  o.h.validator.internal.util.Version - HV000001: Hibernate Validator 8.0.1.Final
2025-05-14 12:01:42 [main] INFO  c.A.m.MainServiceApplication - Starting MainServiceApplication using Java 17.0.13 with PID 233933 (/home/mwas/SPRINGBOOT-PROJECTS/Microservices/fx-exchange-system/main-service/target/classes started by mwas in /home/mwas/SPRINGBOOT-PROJECTS/Microservices/fx-exchange-system)
2025-05-14 12:01:42 [main] INFO  c.A.m.MainServiceApplication - The following 1 profile is active: "dev"
2025-05-14 12:01:51 [main] INFO  o.s.d.r.c.RepositoryConfigurationDelegate - Bootstrapping Spring Data JDBC repositories in DEFAULT mode.
2025-05-14 12:01:52 [main] INFO  o.s.d.r.c.RepositoryConfigurationDelegate - Finished Spring Data repository scanning in 965 ms. Found 1 JDBC repository interface.
2025-05-14 12:01:59 [main] INFO  com.zaxxer.hikari.HikariDataSource - HikariPool-1 - Starting...
2025-05-14 12:02:00 [main] INFO  com.zaxxer.hikari.pool.HikariPool - HikariPool-1 - Added connection org.postgresql.jdbc.PgConnection@47058864
2025-05-14 12:02:00 [main] INFO  com.zaxxer.hikari.HikariDataSource - HikariPool-1 - Start completed.
2025-05-14 12:02:02 [main] INFO  o.s.b.w.e.netty.NettyWebServer - Netty started on port 8081
2025-05-14 12:02:02 [main] INFO  c.A.m.MainServiceApplication - Started MainServiceApplication in 24.001 seconds (process running for 28.111)
2025-05-14 12:02:02 [SpringApplicationShutdownHook] INFO  com.zaxxer.hikari.HikariDataSource - HikariPool-1 - Shutdown initiated...
2025-05-14 12:02:02 [SpringApplicationShutdownHook] INFO  com.zaxxer.hikari.HikariDataSource - HikariPool-1 - Shutdown completed.
2025-05-14 12:02:17 [background-preinit] INFO  o.h.validator.internal.util.Version - HV000001: Hibernate Validator 8.0.1.Final
2025-05-14 12:02:17 [main] INFO  c.A.m.MainServiceApplication - Starting MainServiceApplication using Java 17.0.13 with PID 234602 (/home/mwas/SPRINGBOOT-PROJECTS/Microservices/fx-exchange-system/main-service/target/classes started by mwas in /home/mwas/SPRINGBOOT-PROJECTS/Microservices/fx-exchange-system)
2025-05-14 12:02:17 [main] INFO  c.A.m.MainServiceApplication - The following 1 profile is active: "dev"
2025-05-14 12:02:22 [main] INFO  o.s.d.r.c.RepositoryConfigurationDelegate - Bootstrapping Spring Data JDBC repositories in DEFAULT mode.
2025-05-14 12:02:23 [main] INFO  o.s.d.r.c.RepositoryConfigurationDelegate - Finished Spring Data repository scanning in 1049 ms. Found 1 JDBC repository interface.
2025-05-14 12:02:28 [main] INFO  com.zaxxer.hikari.HikariDataSource - HikariPool-1 - Starting...
2025-05-14 12:02:29 [main] INFO  com.zaxxer.hikari.pool.HikariPool - HikariPool-1 - Added connection org.postgresql.jdbc.PgConnection@5520f675
2025-05-14 12:02:29 [main] INFO  com.zaxxer.hikari.HikariDataSource - HikariPool-1 - Start completed.
2025-05-14 12:02:31 [main] INFO  o.s.b.w.e.netty.NettyWebServer - Netty started on port 8081
2025-05-14 12:02:31 [main] INFO  c.A.m.MainServiceApplication - Started MainServiceApplication in 16.578 seconds (process running for 18.406)
2025-05-14 12:02:49 [reactor-http-epoll-3] INFO  c.A.m.f.RequestResponseLoggingFilter - ID: da5fe6e7-148a-4ddb-ab2a-8e14eef03528 | Method: POST | URI: http://localhost:8081/api/v1/mainService/convert | Req Body: {
    "to":"USD",
    "from":"CAD",
    "amount":20
} | Status: 200 OK | Res Body: {"responseCode":200,"responseStatus":"success","responseMessage":"success","data":{"fromCurrency":"CAD","toCurrency":"USD","rate":0.7178594889,"amount":20,"convertedAmount":14.3571897780,"requestedAt":"2025-05-14T09:02:49.581+00:00"}} | Duration: 3897ms
2025-05-14 12:03:13 [SpringApplicationShutdownHook] INFO  com.zaxxer.hikari.HikariDataSource - HikariPool-1 - Shutdown initiated...
2025-05-14 12:03:13 [SpringApplicationShutdownHook] INFO  com.zaxxer.hikari.HikariDataSource - HikariPool-1 - Shutdown completed.
2025-05-14 12:03:27 [background-preinit] INFO  o.h.validator.internal.util.Version - HV000001: Hibernate Validator 8.0.1.Final
2025-05-14 12:03:28 [main] INFO  c.A.m.MainServiceApplication - Starting MainServiceApplication using Java 17.0.13 with PID 235544 (/home/mwas/SPRINGBOOT-PROJECTS/Microservices/fx-exchange-system/main-service/target/classes started by mwas in /home/mwas/SPRINGBOOT-PROJECTS/Microservices/fx-exchange-system)
2025-05-14 12:03:28 [main] INFO  c.A.m.MainServiceApplication - The following 1 profile is active: "dev"
2025-05-14 12:03:33 [main] INFO  o.s.d.r.c.RepositoryConfigurationDelegate - Bootstrapping Spring Data JDBC repositories in DEFAULT mode.
2025-05-14 12:03:33 [main] INFO  o.s.d.r.c.RepositoryConfigurationDelegate - Finished Spring Data repository scanning in 600 ms. Found 1 JDBC repository interface.
2025-05-14 12:03:37 [main] INFO  com.zaxxer.hikari.HikariDataSource - HikariPool-1 - Starting...
2025-05-14 12:03:38 [main] INFO  com.zaxxer.hikari.pool.HikariPool - HikariPool-1 - Added connection org.postgresql.jdbc.PgConnection@2ab09943
2025-05-14 12:03:38 [main] INFO  com.zaxxer.hikari.HikariDataSource - HikariPool-1 - Start completed.
2025-05-14 12:03:40 [main] INFO  o.s.b.w.e.netty.NettyWebServer - Netty started on port 8081
2025-05-14 12:03:40 [main] INFO  c.A.m.MainServiceApplication - Started MainServiceApplication in 14.562 seconds (process running for 16.16)
2025-05-14 12:03:45 [reactor-http-epoll-3] INFO  c.A.m.filter.SecurityFilter - dat:null :null
2025-05-14 12:03:45 [reactor-http-epoll-3] WARN  c.A.m.filter.SecurityFilter - Request ID: null - API Key Auth FAILED for /api/v1/mainService/convert
2025-05-14 12:08:40 [SpringApplicationShutdownHook] INFO  com.zaxxer.hikari.HikariDataSource - HikariPool-1 - Shutdown initiated...
2025-05-14 12:08:40 [SpringApplicationShutdownHook] INFO  com.zaxxer.hikari.HikariDataSource - HikariPool-1 - Shutdown completed.
2025-05-14 12:09:02 [background-preinit] INFO  o.h.validator.internal.util.Version - HV000001: Hibernate Validator 8.0.1.Final
2025-05-14 12:09:02 [main] INFO  c.A.m.MainServiceApplication - Starting MainServiceApplication using Java 17.0.13 with PID 241404 (/home/mwas/SPRINGBOOT-PROJECTS/Microservices/fx-exchange-system/main-service/target/classes started by mwas in /home/mwas/SPRINGBOOT-PROJECTS/Microservices/fx-exchange-system)
2025-05-14 12:09:02 [main] INFO  c.A.m.MainServiceApplication - The following 1 profile is active: "dev"
2025-05-14 12:09:11 [main] INFO  o.s.d.r.c.RepositoryConfigurationDelegate - Bootstrapping Spring Data JDBC repositories in DEFAULT mode.
2025-05-14 12:09:12 [main] INFO  o.s.d.r.c.RepositoryConfigurationDelegate - Finished Spring Data repository scanning in 1521 ms. Found 1 JDBC repository interface.
2025-05-14 12:09:24 [main] INFO  com.zaxxer.hikari.HikariDataSource - HikariPool-1 - Starting...
2025-05-14 12:09:28 [main] INFO  com.zaxxer.hikari.pool.HikariPool - HikariPool-1 - Added connection org.postgresql.jdbc.PgConnection@123307c4
2025-05-14 12:09:28 [main] INFO  com.zaxxer.hikari.HikariDataSource - HikariPool-1 - Start completed.
2025-05-14 12:09:31 [main] INFO  o.s.b.w.e.netty.NettyWebServer - Netty started on port 8081
2025-05-14 12:09:31 [main] INFO  c.A.m.MainServiceApplication - Started MainServiceApplication in 33.478 seconds (process running for 36.228)
2025-05-14 12:15:39 [reactor-http-epoll-3] INFO  c.A.m.filter.SecurityFilter - dat:null :null
2025-05-14 12:15:39 [reactor-http-epoll-3] WARN  c.A.m.filter.SecurityFilter - Request ID: null - API Key Auth FAILED for /api/v1/mainService/convert
2025-05-14 12:19:08 [SpringApplicationShutdownHook] INFO  com.zaxxer.hikari.HikariDataSource - HikariPool-1 - Shutdown initiated...
2025-05-14 12:19:08 [SpringApplicationShutdownHook] INFO  com.zaxxer.hikari.HikariDataSource - HikariPool-1 - Shutdown completed.
2025-05-14 12:19:36 [background-preinit] INFO  o.h.validator.internal.util.Version - HV000001: Hibernate Validator 8.0.1.Final
2025-05-14 12:19:36 [main] INFO  c.A.m.MainServiceApplication - Starting MainServiceApplication using Java 17.0.13 with PID 252598 (/home/mwas/SPRINGBOOT-PROJECTS/Microservices/fx-exchange-system/main-service/target/classes started by mwas in /home/mwas/SPRINGBOOT-PROJECTS/Microservices/fx-exchange-system)
2025-05-14 12:19:36 [main] INFO  c.A.m.MainServiceApplication - The following 1 profile is active: "dev"
2025-05-14 12:19:43 [main] INFO  o.s.d.r.c.RepositoryConfigurationDelegate - Bootstrapping Spring Data JDBC repositories in DEFAULT mode.
2025-05-14 12:19:44 [main] INFO  o.s.d.r.c.RepositoryConfigurationDelegate - Finished Spring Data repository scanning in 685 ms. Found 1 JDBC repository interface.
2025-05-14 12:19:51 [main] INFO  com.zaxxer.hikari.HikariDataSource - HikariPool-1 - Starting...
2025-05-14 12:19:52 [main] INFO  com.zaxxer.hikari.pool.HikariPool - HikariPool-1 - Added connection org.postgresql.jdbc.PgConnection@54ccb3
2025-05-14 12:19:52 [main] INFO  com.zaxxer.hikari.HikariDataSource - HikariPool-1 - Start completed.
2025-05-14 12:19:54 [main] INFO  o.s.b.w.e.netty.NettyWebServer - Netty started on port 8081
2025-05-14 12:19:54 [main] INFO  c.A.m.MainServiceApplication - Started MainServiceApplication in 20.977 seconds (process running for 23.241)
2025-05-14 12:20:39 [reactor-http-epoll-3] INFO  c.A.m.filter.SecurityFilter - dat:null :null
2025-05-14 12:20:39 [reactor-http-epoll-3] WARN  c.A.m.filter.SecurityFilter - Request ID: null - API Key Auth FAILED for /api/v1/mainService/convert
2025-05-14 12:21:57 [reactor-http-epoll-1] INFO  c.A.m.filter.SecurityFilter - dat:frank :frank
2025-05-14 12:21:57 [reactor-http-epoll-1] INFO  c.A.m.filter.SecurityFilter - Request ID: null - API Key Auth SUCCESS for /api/v1/mainService/convert
2025-05-14 12:21:59 [reactor-http-epoll-1] INFO  c.A.m.f.RequestResponseLoggingFilter - ID: 495f9785-4c61-42da-aba2-4362eb39ff8f | Method: POST | URI: http://localhost:8081/api/v1/mainService/convert | Req Body: {
    "to":"USD",
    "from":"CAD",
    "amount":20
} | Status: 200 OK | Res Body: {"responseCode":200,"responseStatus":"success","responseMessage":"success","data":{"fromCurrency":"CAD","toCurrency":"USD","rate":0.7178594889,"amount":20,"convertedAmount":14.3571897780,"requestedAt":"2025-05-14T09:21:58.847+00:00"}} | Duration: 1443ms
2025-05-14 14:33:41 [SpringApplicationShutdownHook] INFO  com.zaxxer.hikari.HikariDataSource - HikariPool-1 - Shutdown initiated...
2025-05-14 14:33:41 [SpringApplicationShutdownHook] INFO  com.zaxxer.hikari.HikariDataSource - HikariPool-1 - Shutdown completed.
2025-05-14 14:33:59 [background-preinit] INFO  o.h.validator.internal.util.Version - HV000001: Hibernate Validator 8.0.1.Final
2025-05-14 14:33:59 [main] INFO  c.A.m.MainServiceApplication - Starting MainServiceApplication using Java 17.0.13 with PID 363616 (/home/mwas/SPRINGBOOT-PROJECTS/Microservices/fx-exchange-system/main-service/target/classes started by mwas in /home/mwas/SPRINGBOOT-PROJECTS/Microservices/fx-exchange-system)
2025-05-14 14:33:59 [main] INFO  c.A.m.MainServiceApplication - The following 1 profile is active: "dev"
2025-05-14 14:34:03 [main] INFO  o.s.d.r.c.RepositoryConfigurationDelegate - Bootstrapping Spring Data JDBC repositories in DEFAULT mode.
2025-05-14 14:34:03 [main] INFO  o.s.d.r.c.RepositoryConfigurationDelegate - Finished Spring Data repository scanning in 558 ms. Found 1 JDBC repository interface.
2025-05-14 14:34:07 [main] INFO  com.zaxxer.hikari.HikariDataSource - HikariPool-1 - Starting...
2025-05-14 14:34:08 [main] INFO  com.zaxxer.hikari.pool.HikariPool - HikariPool-1 - Added connection org.postgresql.jdbc.PgConnection@4f811029
2025-05-14 14:34:08 [main] INFO  com.zaxxer.hikari.HikariDataSource - HikariPool-1 - Start completed.
2025-05-14 14:34:09 [main] INFO  o.s.b.w.e.netty.NettyWebServer - Netty started on port 8081
2025-05-14 14:34:09 [main] INFO  c.A.m.MainServiceApplication - Started MainServiceApplication in 13.046 seconds (process running for 15.039)
2025-05-14 14:35:37 [reactor-http-epoll-3] INFO  c.A.m.filter.SecurityFilter - dat:frank :frank
2025-05-14 14:35:37 [reactor-http-epoll-3] INFO  c.A.m.filter.SecurityFilter - Request ID: null - API Key Auth SUCCESS for /api/v1/mainService/convert
2025-05-14 14:35:42 [reactor-http-epoll-3] INFO  c.A.m.f.RequestResponseLoggingFilter - ID: 6db78694-3702-4e65-8c14-0804964e6926 | Method: POST | URI: http://localhost:8081/api/v1/mainService/convert | Req Body: {
    "to":"USD",
    "from":"CAD",
    "amount":20
} | Status: 200 OK | Res Body: {"responseCode":200,"responseStatus":"success","responseMessage":"success","data":{"fromCurrency":"CAD","toCurrency":"USD","rate":0.7178594889,"amount":20,"convertedAmount":14.3571897780,"requestedAt":"2025-05-14T11:35:42.218+00:00"}} | Duration: 4719ms
2025-05-14 14:35:59 [reactor-http-epoll-3] INFO  c.A.m.filter.SecurityFilter - dat:frank :frank
2025-05-14 14:35:59 [reactor-http-epoll-3] INFO  c.A.m.filter.SecurityFilter - Request ID: null - API Key Auth SUCCESS for /api/v1/mainService/convert
2025-05-14 14:35:59 [reactor-http-epoll-3] INFO  c.A.m.f.RequestResponseLoggingFilter - ID: a61eba30-1e5d-4919-9bfb-1b8b83d1dc7c | Method: POST | URI: http://localhost:8081/api/v1/mainService/convert | Req Body: {
    "to":"USD",
    "from":"CAD",
    "amount":20
} | Status: 200 OK | Res Body: {"responseCode":200,"responseStatus":"success","responseMessage":"success","data":{"fromCurrency":"CAD","toCurrency":"USD","rate":0.7178594889,"amount":20,"convertedAmount":14.3571897780,"requestedAt":"2025-05-14T11:35:59.781+00:00"}} | Duration: 116ms
2025-05-14 14:36:02 [reactor-http-epoll-3] INFO  c.A.m.filter.SecurityFilter - dat:frank :frank
2025-05-14 14:36:02 [reactor-http-epoll-3] INFO  c.A.m.filter.SecurityFilter - Request ID: null - API Key Auth SUCCESS for /api/v1/mainService/convert
2025-05-14 14:36:02 [reactor-http-epoll-3] INFO  c.A.m.f.RequestResponseLoggingFilter - ID: 916f0e25-e0ad-4e0d-a2fa-2c1e204cf8ee | Method: POST | URI: http://localhost:8081/api/v1/mainService/convert | Req Body: {
    "to":"USD",
    "from":"CAD",
    "amount":20
} | Status: 200 OK | Res Body: {"responseCode":200,"responseStatus":"success","responseMessage":"success","data":{"fromCurrency":"CAD","toCurrency":"USD","rate":0.7178594889,"amount":20,"convertedAmount":14.3571897780,"requestedAt":"2025-05-14T11:36:02.351+00:00"}} | Duration: 79ms
2025-05-14 14:36:19 [reactor-http-epoll-3] INFO  c.A.m.filter.SecurityFilter - dat:frank :frank
2025-05-14 14:36:19 [reactor-http-epoll-3] INFO  c.A.m.filter.SecurityFilter - Request ID: null - API Key Auth SUCCESS for /api/v1/mainService/convert
2025-05-14 14:36:19 [reactor-http-epoll-3] INFO  c.A.m.f.RequestResponseLoggingFilter - ID: 61ab4542-63db-42c5-9021-ffa16e4dd468 | Method: POST | URI: http://localhost:8081/api/v1/mainService/convert | Req Body: {
    "to":"USkD",
    "from":"CAD",
    "amount":20
} | Status: 500 INTERNAL_SERVER_ERROR | Res Body: {"responseCode":500,"responseMessage":"An unexpected error occurred: Validation failed for argument at index 0 in method: public reactor.core.publisher.Mono<org.springframework.http.ResponseEntity<com.AnvilShieldGroup.main_service.controller.dto.ApiResponse>> com.AnvilShieldGroup.main_service.controller.ConversionController.convert(com.AnvilShieldGroup.main_service.controller.dto.RequestDto), with 2 error(s): [Field error in object 'requestDto' on field 'to': rejected value [USkD]; codes [Pattern.requestDto.to,Pattern.to,Pattern.java.lang.String,Pattern]; arguments [org.springframework.context.support.DefaultMessageSourceResolvable: codes [requestDto.to,to]; arguments []; default message [to],[Ljakarta.validation.constraints.Pattern$Flag;@2db93db4,^[A-Z]{3}$]; default message ['to' must contain exactly three uppercase letters as per ISO 4217]] [Field error in object 'requestDto' on field 'to': rejected value [USkD]; codes [Size.requestDto.to,Size.to,Size.java.lang.String,Size]; arguments [org.springframework.context.support.DefaultMessageSourceResolvable: codes [requestDto.to,to]; arguments []; default message [to],3,3]; default message ['to' must be exactly 3 letters]] ","path":"/api/v1/mainService/convert"} | Duration: 259ms
2025-05-14 14:37:01 [reactor-http-epoll-3] INFO  c.A.m.filter.SecurityFilter - dat:frank :frank
2025-05-14 14:37:01 [reactor-http-epoll-3] INFO  c.A.m.filter.SecurityFilter - Request ID: null - API Key Auth SUCCESS for /api/v1/mainService/convert
2025-05-14 14:37:01 [reactor-http-epoll-3] INFO  c.A.m.f.RequestResponseLoggingFilter - ID: a967b02e-9ace-4d1a-8d92-4773fe53bf76 | Method: POST | URI: http://localhost:8081/api/v1/mainService/convert | Req Body: {
    "to":"XAU",
    "from":"CAD",
    "amount":20
} | Status: 500 INTERNAL_SERVER_ERROR | Res Body: {"responseCode":500,"responseMessage":"WebClient error: 500 Internal Server Error from GET http://localhost:8080/api/v1/rateService/rate","path":"/api/v1/mainService/convert"} | Duration: 382ms
2025-05-14 14:37:25 [reactor-http-epoll-3] INFO  c.A.m.filter.SecurityFilter - dat:frank :frank
2025-05-14 14:37:25 [reactor-http-epoll-3] INFO  c.A.m.filter.SecurityFilter - Request ID: null - API Key Auth SUCCESS for /api/v1/mainService/convert
2025-05-14 14:37:26 [reactor-http-epoll-3] INFO  c.A.m.f.RequestResponseLoggingFilter - ID: ad448be2-8548-474a-b404-163466a4d823 | Method: POST | URI: http://localhost:8081/api/v1/mainService/convert | Req Body: {
    "to":"XAU",
    "from":"CAD",
    "amount":20
} | Status: 422 UNPROCESSABLE_ENTITY | Res Body: {"responseCode":422,"responseMessage":"WebClient error: 422 Unprocessable Entity from GET http://localhost:8080/api/v1/rateService/rate","path":"/api/v1/mainService/convert"} | Duration: 1175ms
2025-05-14 14:41:03 [SpringApplicationShutdownHook] INFO  com.zaxxer.hikari.HikariDataSource - HikariPool-1 - Shutdown initiated...
2025-05-14 14:41:03 [SpringApplicationShutdownHook] INFO  com.zaxxer.hikari.HikariDataSource - HikariPool-1 - Shutdown completed.
2025-05-14 14:41:25 [background-preinit] INFO  o.h.validator.internal.util.Version - HV000001: Hibernate Validator 8.0.1.Final
2025-05-14 14:41:25 [main] INFO  c.A.m.MainServiceApplication - Starting MainServiceApplication using Java 17.0.13 with PID 370346 (/home/mwas/SPRINGBOOT-PROJECTS/Microservices/fx-exchange-system/main-service/target/classes started by mwas in /home/mwas/SPRINGBOOT-PROJECTS/Microservices/fx-exchange-system)
2025-05-14 14:41:25 [main] INFO  c.A.m.MainServiceApplication - The following 1 profile is active: "dev"
2025-05-14 14:41:29 [main] INFO  o.s.d.r.c.RepositoryConfigurationDelegate - Bootstrapping Spring Data JDBC repositories in DEFAULT mode.
2025-05-14 14:41:30 [main] INFO  o.s.d.r.c.RepositoryConfigurationDelegate - Finished Spring Data repository scanning in 692 ms. Found 1 JDBC repository interface.
2025-05-14 14:41:34 [main] INFO  com.zaxxer.hikari.HikariDataSource - HikariPool-1 - Starting...
2025-05-14 14:41:34 [main] INFO  com.zaxxer.hikari.pool.HikariPool - HikariPool-1 - Added connection org.postgresql.jdbc.PgConnection@6ce26986
2025-05-14 14:41:34 [main] INFO  com.zaxxer.hikari.HikariDataSource - HikariPool-1 - Start completed.
2025-05-14 14:41:36 [main] INFO  o.s.b.w.e.netty.NettyWebServer - Netty started on port 8081
2025-05-14 14:41:36 [main] INFO  c.A.m.MainServiceApplication - Started MainServiceApplication in 13.752 seconds (process running for 15.915)
2025-05-14 14:41:52 [reactor-http-epoll-3] INFO  c.A.m.filter.SecurityFilter - dat:frank :frank
2025-05-14 14:41:52 [reactor-http-epoll-3] INFO  c.A.m.filter.SecurityFilter - Request ID: null - API Key Auth SUCCESS for /api/v1/mainService/convert
2025-05-14 14:41:54 [reactor-http-epoll-3] INFO  c.A.m.f.RequestResponseLoggingFilter - ID: 8f1f8cc8-2137-483e-8ac6-562db4cf82ad | Method: POST | URI: http://localhost:8081/api/v1/mainService/convert | Req Body: {
    "to":"XAU",
    "from":"CAD",
    "amount":20
} | Status: 422 UNPROCESSABLE_ENTITY | Res Body: {"responseCode":422,"responseMessage":"WebClient error: 422 Unprocessable Entity from GET http://localhost:8080/api/v1/rateService/rate","path":"/api/v1/mainService/convert"} | Duration: 2455ms
2025-05-14 14:42:06 [reactor-http-epoll-3] INFO  c.A.m.filter.SecurityFilter - dat:frank :frank
2025-05-14 14:42:06 [reactor-http-epoll-3] INFO  c.A.m.filter.SecurityFilter - Request ID: null - API Key Auth SUCCESS for /api/v1/mainService/convert
2025-05-14 14:42:06 [reactor-http-epoll-3] INFO  c.A.m.f.RequestResponseLoggingFilter - ID: ce86eab2-f71a-4219-80b5-9c34a0e56d09 | Method: POST | URI: http://localhost:8081/api/v1/mainService/convert | Req Body: {
    "to":"XAoU",
    "from":"CAD",
    "amount":20
} | Status: 500 INTERNAL_SERVER_ERROR | Res Body: {"responseCode":500,"responseMessage":"An unexpected error occurred: Validation failed for argument at index 0 in method: public reactor.core.publisher.Mono<org.springframework.http.ResponseEntity<com.AnvilShieldGroup.main_service.controller.dto.ApiResponse>> com.AnvilShieldGroup.main_service.controller.ConversionController.convert(com.AnvilShieldGroup.main_service.controller.dto.RequestDto), with 2 error(s): [Field error in object 'requestDto' on field 'to': rejected value [XAoU]; codes [Size.requestDto.to,Size.to,Size.java.lang.String,Size]; arguments [org.springframework.context.support.DefaultMessageSourceResolvable: codes [requestDto.to,to]; arguments []; default message [to],3,3]; default message ['to' must be exactly 3 letters]] [Field error in object 'requestDto' on field 'to': rejected value [XAoU]; codes [Pattern.requestDto.to,Pattern.to,Pattern.java.lang.String,Pattern]; arguments [org.springframework.context.support.DefaultMessageSourceResolvable: codes [requestDto.to,to]; arguments []; default message [to],[Ljakarta.validation.constraints.Pattern$Flag;@3bb0f65,^[A-Z]{3}$]; default message ['to' must contain exactly three uppercase letters as per ISO 4217]] ","path":"/api/v1/mainService/convert"} | Duration: 79ms
2025-05-14 14:47:51 [SpringApplicationShutdownHook] INFO  com.zaxxer.hikari.HikariDataSource - HikariPool-1 - Shutdown initiated...
2025-05-14 14:47:51 [SpringApplicationShutdownHook] INFO  com.zaxxer.hikari.HikariDataSource - HikariPool-1 - Shutdown completed.
2025-05-14 14:48:11 [background-preinit] INFO  o.h.validator.internal.util.Version - HV000001: Hibernate Validator 8.0.1.Final
2025-05-14 14:48:12 [main] INFO  c.A.m.MainServiceApplication - Starting MainServiceApplication using Java 17.0.13 with PID 376568 (/home/mwas/SPRINGBOOT-PROJECTS/Microservices/fx-exchange-system/main-service/target/classes started by mwas in /home/mwas/SPRINGBOOT-PROJECTS/Microservices/fx-exchange-system)
2025-05-14 14:48:12 [main] INFO  c.A.m.MainServiceApplication - The following 1 profile is active: "dev"
2025-05-14 14:48:16 [main] INFO  o.s.d.r.c.RepositoryConfigurationDelegate - Bootstrapping Spring Data JDBC repositories in DEFAULT mode.
2025-05-14 14:48:18 [main] INFO  o.s.d.r.c.RepositoryConfigurationDelegate - Finished Spring Data repository scanning in 1122 ms. Found 1 JDBC repository interface.
2025-05-14 14:48:25 [main] INFO  com.zaxxer.hikari.HikariDataSource - HikariPool-1 - Starting...
2025-05-14 14:48:28 [main] INFO  com.zaxxer.hikari.pool.HikariPool - HikariPool-1 - Added connection org.postgresql.jdbc.PgConnection@4faf1f4
2025-05-14 14:48:28 [main] INFO  com.zaxxer.hikari.HikariDataSource - HikariPool-1 - Start completed.
2025-05-14 14:48:32 [main] INFO  o.s.b.w.e.netty.NettyWebServer - Netty started on port 8081
2025-05-14 14:48:32 [main] INFO  c.A.m.MainServiceApplication - Started MainServiceApplication in 23.675 seconds (process running for 25.65)
2025-05-14 14:49:16 [reactor-http-epoll-3] INFO  c.A.m.filter.SecurityFilter - dat:frank :frank
2025-05-14 14:49:16 [reactor-http-epoll-3] INFO  c.A.m.filter.SecurityFilter - Request ID: null - API Key Auth SUCCESS for /api/v1/mainService/convert
2025-05-14 14:49:18 [reactor-http-epoll-3] INFO  c.A.m.f.RequestResponseLoggingFilter - ID: 1aaf92fc-fb56-4a1b-90c3-00b697cd1628 | Method: POST | URI: http://localhost:8081/api/v1/mainService/convert | Req Body: {
    "to":"XAoU",
    "from":"CAD",
    "amount":20
} | Status: 400 BAD_REQUEST | Res Body: {"responseCode":400,"responseMessage":"to: 'to' must be exactly 3 letters | to: 'to' must contain exactly three uppercase letters as per ISO 4217","path":"/api/v1/mainService/convert"} | Duration: 2096ms
