2025-05-19 00:43:03 [background-preinit] INFO  o.h.validator.internal.util.Version - HV000001: Hibernate Validator 8.0.1.Final
2025-05-19 00:43:03 [main] INFO  c.A.m.MainServiceApplication - Starting MainServiceApplication using Java 17.0.13 with PID 9212 (/home/mwas/SPRINGBOOT-PROJECTS/Microservices/fx-exchange-system/main-service/target/classes started by mwas in /home/mwas/SPRINGBOOT-PROJECTS/Microservices/fx-exchange-system)
2025-05-19 00:43:03 [main] INFO  c.A.m.MainServiceApplication - The following 1 profile is active: "${MAIN_ACTIVE_PROFILE}"
2025-05-19 00:43:06 [main] INFO  o.s.d.r.c.RepositoryConfigurationDelegate - Bootstrapping Spring Data JDBC repositories in DEFAULT mode.
2025-05-19 00:43:06 [main] INFO  o.s.d.r.c.RepositoryConfigurationDelegate - Finished Spring Data repository scanning in 355 ms. Found 1 JDBC repository interface.
2025-05-19 00:43:07 [main] WARN  o.s.b.w.r.c.AnnotationConfigReactiveWebServerApplicationContext - Exception encountered during context initialization - cancelling refresh attempt: org.springframework.beans.factory.UnsatisfiedDependencyException: Error creating bean with name 'conversionController' defined in file [/home/mwas/SPRINGBOOT-PROJECTS/Microservices/fx-exchange-system/main-service/target/classes/com/AnvilShieldGroup/main_service/controller/ConversionController.class]: Unsatisfied dependency expressed through constructor parameter 0: Error creating bean with name 'conversionServiceImpl' defined in file [/home/mwas/SPRINGBOOT-PROJECTS/Microservices/fx-exchange-system/main-service/target/classes/com/AnvilShieldGroup/main_service/service/ConversionServiceImpl.class]: Unsatisfied dependency expressed through constructor parameter 1: Error creating bean with name 'conversionRepositoryServiceImpl' defined in file [/home/mwas/SPRINGBOOT-PROJECTS/Microservices/fx-exchange-system/main-service/target/classes/com/AnvilShieldGroup/main_service/infrastructure/Repository/ConversionRepositoryServiceImpl.class]: Unsatisfied dependency expressed through constructor parameter 1: Error creating bean with name 'dataSourceScriptDatabaseInitializer' defined in class path resource [org/springframework/boot/autoconfigure/sql/init/DataSourceInitializationConfiguration.class]: Unsatisfied dependency expressed through method 'dataSourceScriptDatabaseInitializer' parameter 0: Error creating bean with name 'dataSource' defined in class path resource [org/springframework/boot/autoconfigure/jdbc/DataSourceConfiguration$Hikari.class]: Failed to instantiate [com.zaxxer.hikari.HikariDataSource]: Factory method 'dataSource' threw exception with message: Failed to determine a suitable driver class
2025-05-19 00:43:07 [main] INFO  o.s.b.a.l.ConditionEvaluationReportLogger - 

Error starting ApplicationContext. To display the condition evaluation report re-run your application with 'debug' enabled.
2025-05-19 00:43:07 [main] ERROR o.s.b.d.LoggingFailureAnalysisReporter - 

***************************
APPLICATION FAILED TO START
***************************

Description:

Failed to configure a DataSource: 'url' attribute is not specified and no embedded datasource could be configured.

Reason: Failed to determine a suitable driver class


Action:

Consider the following:
	If you want an embedded database (H2, HSQL or Derby), please put it on the classpath.
	If you have database settings to be loaded from a particular profile you may need to activate it (the profiles ${MAIN_ACTIVE_PROFILE} are currently active).

2025-05-19 00:45:58 [background-preinit] INFO  o.h.validator.internal.util.Version - HV000001: Hibernate Validator 8.0.1.Final
2025-05-19 00:45:58 [main] INFO  c.A.m.MainServiceApplication - Starting MainServiceApplication using Java 17.0.13 with PID 9488 (/home/mwas/SPRINGBOOT-PROJECTS/Microservices/fx-exchange-system/main-service/target/classes started by mwas in /home/mwas/SPRINGBOOT-PROJECTS/Microservices/fx-exchange-system)
2025-05-19 00:45:58 [main] INFO  c.A.m.MainServiceApplication - The following 1 profile is active: "${MAIN_ACTIVE_PROFILE}"
2025-05-19 00:46:00 [main] INFO  o.s.d.r.c.RepositoryConfigurationDelegate - Bootstrapping Spring Data JDBC repositories in DEFAULT mode.
2025-05-19 00:46:00 [main] INFO  o.s.d.r.c.RepositoryConfigurationDelegate - Finished Spring Data repository scanning in 264 ms. Found 1 JDBC repository interface.
2025-05-19 00:46:01 [main] WARN  o.s.b.w.r.c.AnnotationConfigReactiveWebServerApplicationContext - Exception encountered during context initialization - cancelling refresh attempt: org.springframework.beans.factory.UnsatisfiedDependencyException: Error creating bean with name 'conversionController' defined in file [/home/mwas/SPRINGBOOT-PROJECTS/Microservices/fx-exchange-system/main-service/target/classes/com/AnvilShieldGroup/main_service/controller/ConversionController.class]: Unsatisfied dependency expressed through constructor parameter 0: Error creating bean with name 'conversionServiceImpl' defined in file [/home/mwas/SPRINGBOOT-PROJECTS/Microservices/fx-exchange-system/main-service/target/classes/com/AnvilShieldGroup/main_service/service/ConversionServiceImpl.class]: Unsatisfied dependency expressed through constructor parameter 1: Error creating bean with name 'conversionRepositoryServiceImpl' defined in file [/home/mwas/SPRINGBOOT-PROJECTS/Microservices/fx-exchange-system/main-service/target/classes/com/AnvilShieldGroup/main_service/infrastructure/Repository/ConversionRepositoryServiceImpl.class]: Unsatisfied dependency expressed through constructor parameter 1: Error creating bean with name 'dataSourceScriptDatabaseInitializer' defined in class path resource [org/springframework/boot/autoconfigure/sql/init/DataSourceInitializationConfiguration.class]: Unsatisfied dependency expressed through method 'dataSourceScriptDatabaseInitializer' parameter 0: Error creating bean with name 'dataSource' defined in class path resource [org/springframework/boot/autoconfigure/jdbc/DataSourceConfiguration$Hikari.class]: Failed to instantiate [com.zaxxer.hikari.HikariDataSource]: Factory method 'dataSource' threw exception with message: Failed to determine a suitable driver class
2025-05-19 00:46:01 [main] INFO  o.s.b.a.l.ConditionEvaluationReportLogger - 

Error starting ApplicationContext. To display the condition evaluation report re-run your application with 'debug' enabled.
2025-05-19 00:46:01 [main] ERROR o.s.b.d.LoggingFailureAnalysisReporter - 

***************************
APPLICATION FAILED TO START
***************************

Description:

Failed to configure a DataSource: 'url' attribute is not specified and no embedded datasource could be configured.

Reason: Failed to determine a suitable driver class


Action:

Consider the following:
	If you want an embedded database (H2, HSQL or Derby), please put it on the classpath.
	If you have database settings to be loaded from a particular profile you may need to activate it (the profiles ${MAIN_ACTIVE_PROFILE} are currently active).

2025-05-19 00:48:01 [background-preinit] INFO  o.h.validator.internal.util.Version - HV000001: Hibernate Validator 8.0.1.Final
2025-05-19 00:48:01 [main] INFO  c.A.m.MainServiceApplication - Starting MainServiceApplication using Java 17.0.13 with PID 9743 (/home/mwas/SPRINGBOOT-PROJECTS/Microservices/fx-exchange-system/main-service/target/classes started by mwas in /home/mwas/SPRINGBOOT-PROJECTS/Microservices/fx-exchange-system)
2025-05-19 00:48:01 [main] INFO  c.A.m.MainServiceApplication - The following 1 profile is active: "${MAIN_ACTIVE_PROFILE}"
2025-05-19 00:48:02 [main] INFO  o.s.d.r.c.RepositoryConfigurationDelegate - Bootstrapping Spring Data JDBC repositories in DEFAULT mode.
2025-05-19 00:48:02 [main] INFO  o.s.d.r.c.RepositoryConfigurationDelegate - Finished Spring Data repository scanning in 168 ms. Found 1 JDBC repository interface.
2025-05-19 00:48:03 [main] WARN  o.s.b.w.r.c.AnnotationConfigReactiveWebServerApplicationContext - Exception encountered during context initialization - cancelling refresh attempt: org.springframework.beans.factory.UnsatisfiedDependencyException: Error creating bean with name 'conversionController' defined in file [/home/mwas/SPRINGBOOT-PROJECTS/Microservices/fx-exchange-system/main-service/target/classes/com/AnvilShieldGroup/main_service/controller/ConversionController.class]: Unsatisfied dependency expressed through constructor parameter 0: Error creating bean with name 'conversionServiceImpl' defined in file [/home/mwas/SPRINGBOOT-PROJECTS/Microservices/fx-exchange-system/main-service/target/classes/com/AnvilShieldGroup/main_service/service/ConversionServiceImpl.class]: Unsatisfied dependency expressed through constructor parameter 1: Error creating bean with name 'conversionRepositoryServiceImpl' defined in file [/home/mwas/SPRINGBOOT-PROJECTS/Microservices/fx-exchange-system/main-service/target/classes/com/AnvilShieldGroup/main_service/infrastructure/Repository/ConversionRepositoryServiceImpl.class]: Unsatisfied dependency expressed through constructor parameter 1: Error creating bean with name 'dataSourceScriptDatabaseInitializer' defined in class path resource [org/springframework/boot/autoconfigure/sql/init/DataSourceInitializationConfiguration.class]: Unsatisfied dependency expressed through method 'dataSourceScriptDatabaseInitializer' parameter 0: Error creating bean with name 'dataSource' defined in class path resource [org/springframework/boot/autoconfigure/jdbc/DataSourceConfiguration$Hikari.class]: Failed to instantiate [com.zaxxer.hikari.HikariDataSource]: Factory method 'dataSource' threw exception with message: Failed to determine a suitable driver class
2025-05-19 00:48:03 [main] INFO  o.s.b.a.l.ConditionEvaluationReportLogger - 

Error starting ApplicationContext. To display the condition evaluation report re-run your application with 'debug' enabled.
2025-05-19 00:48:03 [main] ERROR o.s.b.d.LoggingFailureAnalysisReporter - 

***************************
APPLICATION FAILED TO START
***************************

Description:

Failed to configure a DataSource: 'url' attribute is not specified and no embedded datasource could be configured.

Reason: Failed to determine a suitable driver class


Action:

Consider the following:
	If you want an embedded database (H2, HSQL or Derby), please put it on the classpath.
	If you have database settings to be loaded from a particular profile you may need to activate it (the profiles ${MAIN_ACTIVE_PROFILE} are currently active).

2025-05-19 00:50:04 [background-preinit] INFO  o.h.validator.internal.util.Version - HV000001: Hibernate Validator 8.0.1.Final
2025-05-19 00:50:04 [main] INFO  c.A.m.MainServiceApplication - Starting MainServiceApplication using Java 17.0.13 with PID 9927 (/home/mwas/SPRINGBOOT-PROJECTS/Microservices/fx-exchange-system/main-service/target/classes started by mwas in /home/mwas/SPRINGBOOT-PROJECTS/Microservices/fx-exchange-system)
2025-05-19 00:50:04 [main] INFO  c.A.m.MainServiceApplication - The following 1 profile is active: "${MAIN_ACTIVE_PROFILE}"
2025-05-19 00:50:05 [main] INFO  o.s.d.r.c.RepositoryConfigurationDelegate - Bootstrapping Spring Data JDBC repositories in DEFAULT mode.
2025-05-19 00:50:05 [main] INFO  o.s.d.r.c.RepositoryConfigurationDelegate - Finished Spring Data repository scanning in 172 ms. Found 1 JDBC repository interface.
2025-05-19 00:50:06 [main] WARN  o.s.b.w.r.c.AnnotationConfigReactiveWebServerApplicationContext - Exception encountered during context initialization - cancelling refresh attempt: org.springframework.beans.factory.UnsatisfiedDependencyException: Error creating bean with name 'conversionController' defined in file [/home/mwas/SPRINGBOOT-PROJECTS/Microservices/fx-exchange-system/main-service/target/classes/com/AnvilShieldGroup/main_service/controller/ConversionController.class]: Unsatisfied dependency expressed through constructor parameter 0: Error creating bean with name 'conversionServiceImpl' defined in file [/home/mwas/SPRINGBOOT-PROJECTS/Microservices/fx-exchange-system/main-service/target/classes/com/AnvilShieldGroup/main_service/service/ConversionServiceImpl.class]: Unsatisfied dependency expressed through constructor parameter 1: Error creating bean with name 'conversionRepositoryServiceImpl' defined in file [/home/mwas/SPRINGBOOT-PROJECTS/Microservices/fx-exchange-system/main-service/target/classes/com/AnvilShieldGroup/main_service/infrastructure/Repository/ConversionRepositoryServiceImpl.class]: Unsatisfied dependency expressed through constructor parameter 1: Error creating bean with name 'dataSourceScriptDatabaseInitializer' defined in class path resource [org/springframework/boot/autoconfigure/sql/init/DataSourceInitializationConfiguration.class]: Unsatisfied dependency expressed through method 'dataSourceScriptDatabaseInitializer' parameter 0: Error creating bean with name 'dataSource' defined in class path resource [org/springframework/boot/autoconfigure/jdbc/DataSourceConfiguration$Hikari.class]: Failed to instantiate [com.zaxxer.hikari.HikariDataSource]: Factory method 'dataSource' threw exception with message: Failed to determine a suitable driver class
2025-05-19 00:50:06 [main] INFO  o.s.b.a.l.ConditionEvaluationReportLogger - 

Error starting ApplicationContext. To display the condition evaluation report re-run your application with 'debug' enabled.
2025-05-19 00:50:06 [main] ERROR o.s.b.d.LoggingFailureAnalysisReporter - 

***************************
APPLICATION FAILED TO START
***************************

Description:

Failed to configure a DataSource: 'url' attribute is not specified and no embedded datasource could be configured.

Reason: Failed to determine a suitable driver class


Action:

Consider the following:
	If you want an embedded database (H2, HSQL or Derby), please put it on the classpath.
	If you have database settings to be loaded from a particular profile you may need to activate it (the profiles ${MAIN_ACTIVE_PROFILE} are currently active).

2025-05-19 00:55:30 [background-preinit] INFO  o.h.validator.internal.util.Version - HV000001: Hibernate Validator 8.0.1.Final
2025-05-19 00:55:30 [main] INFO  c.A.m.MainServiceApplication - Starting MainServiceApplication using Java 17.0.13 with PID 10200 (/home/mwas/SPRINGBOOT-PROJECTS/Microservices/fx-exchange-system/main-service/target/classes started by mwas in /home/mwas/SPRINGBOOT-PROJECTS/Microservices/fx-exchange-system)
2025-05-19 00:55:30 [main] INFO  c.A.m.MainServiceApplication - The following 1 profile is active: "${MAIN_ACTIVE_PROFILE}"
2025-05-19 00:55:31 [main] INFO  o.s.d.r.c.RepositoryConfigurationDelegate - Bootstrapping Spring Data JDBC repositories in DEFAULT mode.
2025-05-19 00:55:32 [main] INFO  o.s.d.r.c.RepositoryConfigurationDelegate - Finished Spring Data repository scanning in 170 ms. Found 1 JDBC repository interface.
2025-05-19 00:55:32 [main] WARN  o.s.b.w.r.c.AnnotationConfigReactiveWebServerApplicationContext - Exception encountered during context initialization - cancelling refresh attempt: org.springframework.beans.factory.UnsatisfiedDependencyException: Error creating bean with name 'conversionController' defined in file [/home/mwas/SPRINGBOOT-PROJECTS/Microservices/fx-exchange-system/main-service/target/classes/com/AnvilShieldGroup/main_service/controller/ConversionController.class]: Unsatisfied dependency expressed through constructor parameter 0: Error creating bean with name 'conversionServiceImpl' defined in file [/home/mwas/SPRINGBOOT-PROJECTS/Microservices/fx-exchange-system/main-service/target/classes/com/AnvilShieldGroup/main_service/service/ConversionServiceImpl.class]: Unsatisfied dependency expressed through constructor parameter 1: Error creating bean with name 'conversionRepositoryServiceImpl' defined in file [/home/mwas/SPRINGBOOT-PROJECTS/Microservices/fx-exchange-system/main-service/target/classes/com/AnvilShieldGroup/main_service/infrastructure/Repository/ConversionRepositoryServiceImpl.class]: Unsatisfied dependency expressed through constructor parameter 1: Error creating bean with name 'dataSourceScriptDatabaseInitializer' defined in class path resource [org/springframework/boot/autoconfigure/sql/init/DataSourceInitializationConfiguration.class]: Unsatisfied dependency expressed through method 'dataSourceScriptDatabaseInitializer' parameter 0: Error creating bean with name 'dataSource' defined in class path resource [org/springframework/boot/autoconfigure/jdbc/DataSourceConfiguration$Hikari.class]: Failed to instantiate [com.zaxxer.hikari.HikariDataSource]: Factory method 'dataSource' threw exception with message: Failed to determine a suitable driver class
2025-05-19 00:55:32 [main] INFO  o.s.b.a.l.ConditionEvaluationReportLogger - 

Error starting ApplicationContext. To display the condition evaluation report re-run your application with 'debug' enabled.
2025-05-19 00:55:32 [main] ERROR o.s.b.d.LoggingFailureAnalysisReporter - 

***************************
APPLICATION FAILED TO START
***************************

Description:

Failed to configure a DataSource: 'url' attribute is not specified and no embedded datasource could be configured.

Reason: Failed to determine a suitable driver class


Action:

Consider the following:
	If you want an embedded database (H2, HSQL or Derby), please put it on the classpath.
	If you have database settings to be loaded from a particular profile you may need to activate it (the profiles ${MAIN_ACTIVE_PROFILE} are currently active).

2025-05-19 00:56:02 [background-preinit] INFO  o.h.validator.internal.util.Version - HV000001: Hibernate Validator 8.0.1.Final
2025-05-19 00:56:02 [main] INFO  c.A.m.MainServiceApplication - Starting MainServiceApplication using Java 17.0.13 with PID 10288 (/home/mwas/SPRINGBOOT-PROJECTS/Microservices/fx-exchange-system/main-service/target/classes started by mwas in /home/mwas/SPRINGBOOT-PROJECTS/Microservices/fx-exchange-system)
2025-05-19 00:56:02 [main] INFO  c.A.m.MainServiceApplication - The following 1 profile is active: "${MAIN_ACTIVE_PROFILE}"
2025-05-19 00:56:04 [main] INFO  o.s.d.r.c.RepositoryConfigurationDelegate - Bootstrapping Spring Data JDBC repositories in DEFAULT mode.
2025-05-19 00:56:04 [main] INFO  o.s.d.r.c.RepositoryConfigurationDelegate - Finished Spring Data repository scanning in 157 ms. Found 1 JDBC repository interface.
2025-05-19 00:56:04 [main] WARN  o.s.b.w.r.c.AnnotationConfigReactiveWebServerApplicationContext - Exception encountered during context initialization - cancelling refresh attempt: org.springframework.beans.factory.BeanCreationException: Error creating bean with name 'webClientConfig': Injection of autowired dependencies failed
2025-05-19 00:56:04 [main] INFO  o.s.b.a.l.ConditionEvaluationReportLogger - 

Error starting ApplicationContext. To display the condition evaluation report re-run your application with 'debug' enabled.
2025-05-19 00:56:04 [main] ERROR o.s.boot.SpringApplication - Application run failed
org.springframework.beans.factory.BeanCreationException: Error creating bean with name 'webClientConfig': Injection of autowired dependencies failed
	at org.springframework.beans.factory.annotation.AutowiredAnnotationBeanPostProcessor.postProcessProperties(AutowiredAnnotationBeanPostProcessor.java:503)
	at org.springframework.beans.factory.support.AbstractAutowireCapableBeanFactory.populateBean(AbstractAutowireCapableBeanFactory.java:1414)
	at org.springframework.beans.factory.support.AbstractAutowireCapableBeanFactory.doCreateBean(AbstractAutowireCapableBeanFactory.java:595)
	at org.springframework.beans.factory.support.AbstractAutowireCapableBeanFactory.createBean(AbstractAutowireCapableBeanFactory.java:518)
	at org.springframework.beans.factory.support.AbstractBeanFactory.lambda$doGetBean$0(AbstractBeanFactory.java:325)
	at org.springframework.beans.factory.support.DefaultSingletonBeanRegistry.getSingleton(DefaultSingletonBeanRegistry.java:234)
	at org.springframework.beans.factory.support.AbstractBeanFactory.doGetBean(AbstractBeanFactory.java:323)
	at org.springframework.beans.factory.support.AbstractBeanFactory.getBean(AbstractBeanFactory.java:199)
	at org.springframework.beans.factory.support.DefaultListableBeanFactory.preInstantiateSingletons(DefaultListableBeanFactory.java:973)
	at org.springframework.context.support.AbstractApplicationContext.finishBeanFactoryInitialization(AbstractApplicationContext.java:949)
	at org.springframework.context.support.AbstractApplicationContext.refresh(AbstractApplicationContext.java:615)
	at org.springframework.boot.web.reactive.context.ReactiveWebServerApplicationContext.refresh(ReactiveWebServerApplicationContext.java:66)
	at org.springframework.boot.SpringApplication.refresh(SpringApplication.java:738)
	at org.springframework.boot.SpringApplication.refreshContext(SpringApplication.java:440)
	at org.springframework.boot.SpringApplication.run(SpringApplication.java:324)
	at org.springframework.boot.SpringApplication.run(SpringApplication.java:1317)
	at org.springframework.boot.SpringApplication.run(SpringApplication.java:1306)
	at com.AnvilShieldGroup.main_service.MainServiceApplication.main(MainServiceApplication.java:10)
Caused by: java.lang.IllegalArgumentException: Could not resolve placeholder 'rate-service.base.url' in value "${rate-service.base.url}"
	at org.springframework.util.PropertyPlaceholderHelper.parseStringValue(PropertyPlaceholderHelper.java:180)
	at org.springframework.util.PropertyPlaceholderHelper.replacePlaceholders(PropertyPlaceholderHelper.java:126)
	at org.springframework.core.env.AbstractPropertyResolver.doResolvePlaceholders(AbstractPropertyResolver.java:239)
	at org.springframework.core.env.AbstractPropertyResolver.resolveRequiredPlaceholders(AbstractPropertyResolver.java:210)
	at org.springframework.context.support.PropertySourcesPlaceholderConfigurer.lambda$processProperties$0(PropertySourcesPlaceholderConfigurer.java:200)
	at org.springframework.beans.factory.support.AbstractBeanFactory.resolveEmbeddedValue(AbstractBeanFactory.java:918)
	at org.springframework.beans.factory.support.DefaultListableBeanFactory.doResolveDependency(DefaultListableBeanFactory.java:1358)
	at org.springframework.beans.factory.support.DefaultListableBeanFactory.resolveDependency(DefaultListableBeanFactory.java:1337)
	at org.springframework.beans.factory.annotation.AutowiredAnnotationBeanPostProcessor$AutowiredFieldElement.resolveFieldValue(AutowiredAnnotationBeanPostProcessor.java:773)
	at org.springframework.beans.factory.annotation.AutowiredAnnotationBeanPostProcessor$AutowiredFieldElement.inject(AutowiredAnnotationBeanPostProcessor.java:756)
	at org.springframework.beans.factory.annotation.InjectionMetadata.inject(InjectionMetadata.java:145)
	at org.springframework.beans.factory.annotation.AutowiredAnnotationBeanPostProcessor.postProcessProperties(AutowiredAnnotationBeanPostProcessor.java:497)
	... 17 common frames omitted
2025-05-19 00:57:55 [background-preinit] INFO  o.h.validator.internal.util.Version - HV000001: Hibernate Validator 8.0.1.Final
2025-05-19 00:57:55 [main] INFO  c.A.m.MainServiceApplication - Starting MainServiceApplication using Java 17.0.13 with PID 10389 (/home/mwas/SPRINGBOOT-PROJECTS/Microservices/fx-exchange-system/main-service/target/classes started by mwas in /home/mwas/SPRINGBOOT-PROJECTS/Microservices/fx-exchange-system)
2025-05-19 00:57:55 [main] INFO  c.A.m.MainServiceApplication - The following 1 profile is active: "dev"
2025-05-19 00:57:56 [main] INFO  o.s.d.r.c.RepositoryConfigurationDelegate - Bootstrapping Spring Data JDBC repositories in DEFAULT mode.
2025-05-19 00:57:56 [main] INFO  o.s.d.r.c.RepositoryConfigurationDelegate - Finished Spring Data repository scanning in 184 ms. Found 1 JDBC repository interface.
2025-05-19 00:57:59 [main] INFO  com.zaxxer.hikari.HikariDataSource - HikariPool-1 - Starting...
2025-05-19 00:57:59 [main] INFO  com.zaxxer.hikari.pool.HikariPool - HikariPool-1 - Added connection org.postgresql.jdbc.PgConnection@11eec06b
2025-05-19 00:57:59 [main] INFO  com.zaxxer.hikari.HikariDataSource - HikariPool-1 - Start completed.
2025-05-19 00:57:59 [main] WARN  o.s.b.w.r.c.AnnotationConfigReactiveWebServerApplicationContext - Exception encountered during context initialization - cancelling refresh attempt: org.springframework.context.ApplicationContextException: Failed to start bean 'webServerStartStop'
2025-05-19 00:57:59 [main] INFO  com.zaxxer.hikari.HikariDataSource - HikariPool-1 - Shutdown initiated...
2025-05-19 00:58:00 [main] INFO  com.zaxxer.hikari.HikariDataSource - HikariPool-1 - Shutdown completed.
2025-05-19 00:58:02 [main] INFO  o.s.b.a.l.ConditionEvaluationReportLogger - 

Error starting ApplicationContext. To display the condition evaluation report re-run your application with 'debug' enabled.
2025-05-19 00:58:02 [main] ERROR o.s.b.d.LoggingFailureAnalysisReporter - 

***************************
APPLICATION FAILED TO START
***************************

Description:

Web server failed to start. Port 8080 was already in use.

Action:

Identify and stop the process that's listening on port 8080 or configure this application to listen on another port.

2025-05-19 00:58:53 [background-preinit] INFO  o.h.validator.internal.util.Version - HV000001: Hibernate Validator 8.0.1.Final
2025-05-19 00:58:53 [main] INFO  c.A.m.MainServiceApplication - Starting MainServiceApplication using Java 17.0.13 with PID 10506 (/home/mwas/SPRINGBOOT-PROJECTS/Microservices/fx-exchange-system/main-service/target/classes started by mwas in /home/mwas/SPRINGBOOT-PROJECTS/Microservices/fx-exchange-system)
2025-05-19 00:58:53 [main] INFO  c.A.m.MainServiceApplication - The following 1 profile is active: "dev"
2025-05-19 00:58:55 [main] INFO  o.s.d.r.c.RepositoryConfigurationDelegate - Bootstrapping Spring Data JDBC repositories in DEFAULT mode.
2025-05-19 00:58:55 [main] INFO  o.s.d.r.c.RepositoryConfigurationDelegate - Finished Spring Data repository scanning in 170 ms. Found 1 JDBC repository interface.
2025-05-19 00:58:56 [main] INFO  com.zaxxer.hikari.HikariDataSource - HikariPool-1 - Starting...
2025-05-19 00:58:56 [main] INFO  com.zaxxer.hikari.pool.HikariPool - HikariPool-1 - Added connection org.postgresql.jdbc.PgConnection@781654f8
2025-05-19 00:58:56 [main] INFO  com.zaxxer.hikari.HikariDataSource - HikariPool-1 - Start completed.
2025-05-19 00:58:57 [main] INFO  o.s.b.w.e.netty.NettyWebServer - Netty started on port 8118
2025-05-19 00:58:57 [main] INFO  c.A.m.MainServiceApplication - Started MainServiceApplication in 4.814 seconds (process running for 5.64)
