2025-05-11 08:43:21 [background-preinit] INFO  o.h.validator.internal.util.Version - HV000001: Hibernate Validator 8.0.1.Final
2025-05-11 08:43:22 [main] INFO  c.A.r.RateServiceApplication - Starting RateServiceApplication using Java 17.0.13 with PID 326285 (/home/mwas/SPRINGBOOT-PROJECTS/Microservices/fx-exchange-system/rate-service/target/classes started by mwas in /home/mwas/SPRINGBOOT-PROJECTS/Microservices/fx-exchange-system)
2025-05-11 08:43:22 [main] INFO  c.A.r.RateServiceApplication - The following 1 profile is active: "dev"
2025-05-11 08:43:29 [main] INFO  o.s.b.w.e.netty.NettyWebServer - Netty started on port 8080
2025-05-11 08:43:30 [main] INFO  c.A.r.RateServiceApplication - Started RateServiceApplication in 10.675 seconds (process running for 12.603)
2025-05-11 08:43:33 [scheduling-1] INFO  c.A.r.i.cache.CacheServiceImpl - cache put for currency :USD rates:{AUD=1.5594902766, BGN=1.7345102305, BRL=5.6478010921, CAD=1.3932901873, CHF=0.8307100994, CNY=7.2365013525, CZK=22.1574237656, DKK=6.6309212233, EUR=0.8884901153, GBP=0.751640143, HKD=7.7750108745, HRK=6.3629711129, HUF=359.1598667231, IDR=16496.323118604, ILS=3.5504105213, INR=85.3791729306, ISK=130.4721193637, JPY=145.3289686856, KRW=1393.9254544357, MXN=19.4421421692, MYR=4.296280781, NOK=10.3640913604, NZD=1.6917201999, PHP=55.3707475816, PLN=3.7599504337, RON=4.5481806023, RUB=82.4831235941, SEK=9.7044609952, SGD=1.2967102211, THB=32.9416839127, TRY=38.7495854585, USD=1.0, ZAR=18.1698420433}
2025-05-11 08:43:33 [scheduling-1] INFO  c.A.r.i.cache.CacheServiceImpl - cache put for currency :EUR rates:{AUD=1.7552139858, BGN=1.9521998058, BRL=6.3566279409, CAD=1.5681549668, CHF=0.9349683076, CNY=8.1447179073, CZK=24.9382895589, DKK=7.4631344898, EUR=1.0, GBP=0.8459746823, HKD=8.7508130261, HRK=7.161555321, HUF=404.2361986231, IDR=18566.6929035378, ILS=3.9960045252, INR=96.0946795697, ISK=146.8470128333, JPY=163.5684699053, KRW=1568.8699631341, MXN=21.8822267512, MYR=4.8354851754, NOK=11.6648358625, NZD=1.9040394156, PHP=62.3200490676, PLN=4.2318427284, RON=5.1189996647, RUB=92.8351617803, SEK=10.9224186382, SGD=1.4594537393, THB=37.0760274599, TRY=43.6128492498, USD=1.1255049243, ZAR=20.4502466943}
2025-05-11 08:43:33 [scheduling-1] INFO  c.A.r.i.cache.CacheServiceImpl - cache put for currency :JPY rates:{AUD=0.0107307599, BGN=0.0119350619, BRL=0.0388621838, CAD=0.009587147, CHF=0.0057160668, CNY=0.0497939359, CZK=0.1524639166, DKK=0.045626975, EUR=0.0061136477, GBP=0.0051719912, HKD=0.0534993879, HRK=0.0437832262, HUF=2.4713577064, IDR=113.5102193857, ILS=0.0244301639, INR=0.5874890168, ISK=0.8977709024, JPY=1.0, KRW=9.5915182434, MXN=0.1337802253, MYR=0.0295624528, NOK=0.071314697, NZD=0.0116406262, PHP=0.3810028247, PLN=0.0258719956, RON=0.0312957605, RUB=0.5675614734, SEK=0.0667758196, SGD=0.008922586, THB=0.22666977, TRY=0.2666335956, USD=0.0068809406, ZAR=0.1250256037}
2025-05-11 08:43:34 [scheduling-1] INFO  c.A.r.i.cache.CacheServiceImpl - cache put for currency :GBP rates:{AUD=2.0747831141, BGN=2.3076338413, BRL=7.5139694769, CAD=1.8536665455, CHF=1.1051965587, CNY=9.6276142512, CZK=29.4787658322, DKK=8.8219359823, EUR=1.182068472, GBP=1.0, HKD=10.3440601821, HRK=8.4654487552, HUF=477.8348656175, IDR=21947.1023098403, ILS=4.723550963, INR=113.5904910425, ISK=173.5832240718, JPY=193.3491312818, KRW=1854.5117200262, MXN=25.8662903389, MYR=5.7158745724, NOK=13.7886347036, NZD=2.2507049625, PHP=73.6665651739, PLN=5.0023278676, RON=6.0510081116, RUB=109.7375178299, SEK=12.9110467098, SGD=1.7251742515, THB=43.8264031259, TRY=51.5533740705, USD=1.3304238861, ZAR=24.1735918611}
2025-05-11 08:43:34 [scheduling-1] INFO  c.A.r.i.cache.CacheServiceImpl - cache put for currency :CAD rates:{AUD=1.1192860546, BGN=1.2449023515, BRL=4.053571283, CAD=1.0, CHF=0.5962218833, CNY=5.1938220899, CZK=15.9029496996, DKK=4.7591817439, EUR=0.6376920784, GBP=0.5394713534, HKD=5.5803241459, HRK=4.566867097, HUF=257.7782216489, IDR=11839.8329859565, ILS=2.5482204308, INR=61.2788159343, ISK=93.6431768148, JPY=104.3063175283, KRW=1000.4559474699, MXN=13.9541226562, MYR=3.0835505914, NOK=7.4385734249, NZD=1.2141908522, PHP=39.7410016135, PLN=2.6986125848, RON=3.2643455353, RUB=59.2002472607, SEK=6.9651398421, SGD=0.9306820883, THB=23.6430890083, TRY=27.8115684814, USD=0.7177255744, ZAR=13.0409603175}
2025-05-11 08:43:34 [scheduling-1] INFO  c.A.r.i.cache.CacheServiceImpl - cache put for currency :CHF rates:{AUD=1.8772978416, BGN=2.0879850043, BRL=6.7987630055, CAD=1.6772279382, CHF=1.0, CNY=8.7112235156, CZK=26.6728715368, DKK=7.982232584, EUR=1.0695549698, GBP=0.9048164258, HKD=9.3594755621, HRK=7.6596770853, HUF=432.352835222, IDR=19858.0986682585, ILS=4.2739464993, INR=102.7785421079, ISK=157.0609523803, JPY=174.9454698945, KRW=1677.9926660847, MXN=23.4042443727, MYR=5.1718172009, NOK=12.4761831689, NZD=2.0364748197, PHP=66.6547182002, PLN=4.5261884217, RON=5.4750515319, RUB=99.292308657, SEK=11.682127137, SGD=1.5609660001, THB=39.6548494312, TRY=46.6463396635, USD=1.2037893854, ZAR=21.8726629861}
2025-05-11 08:43:35 [scheduling-1] INFO  c.A.r.i.cache.CacheServiceImpl - cache put for currency :AUD rates:{AUD=1.0, BGN=1.1122289485, BRL=3.6215686477, CAD=0.8934266588, CHF=0.5326805251, CNY=4.6402991164, CZK=14.2081192157, DKK=4.2519798442, EUR=0.5697311029, GBP=0.4819780888, HKD=4.9856103569, HRK=4.0801608118, HUF=230.3059352868, IDR=10578.0224257437, ILS=2.2766480654, INR=54.7481277772, ISK=83.6633105839, JPY=93.1900447641, KRW=893.8340144542, MXN=12.4669851816, MYR=2.7549263022, NOK=6.6458198015, NZD=1.0847904763, PHP=35.5056702901, PLN=2.4110124251, RON=2.9164533249, RUB=52.891079112, SEK=6.2228416174, SGD=0.8314961886, THB=21.1233660171, TRY=24.8475967051, USD=0.6412351619, ZAR=11.6511416044}
2025-05-11 08:53:30 [reactor-http-epoll-3] WARN  r.n.http.client.HttpClientConnect - [e0651a35-8, L:/192.168.1.197:42576 - R:api.freecurrencyapi.com/172.67.202.166:443] The connection observed an error, the request cannot be retried as the headers/body were sent
io.netty.channel.unix.Errors$NativeIoException: recvAddress(..) failed: Connection reset by peer
2025-05-11 08:53:30 [scheduling-1] ERROR o.s.s.s.TaskUtils$LoggingErrorHandler - Unexpected error occurred in scheduled task
org.springframework.web.reactive.function.client.WebClientRequestException: recvAddress(..) failed: Connection reset by peer
	at org.springframework.web.reactive.function.client.ExchangeFunctions$DefaultExchangeFunction.lambda$wrapException$9(ExchangeFunctions.java:136)
	Suppressed: reactor.core.publisher.FluxOnAssembly$OnAssemblyException: 
Error has been observed at the following site(s):
	*__checkpoint ⇢ Request to GET https://api.freecurrencyapi.com/v1/latest [DefaultWebClient]
Original Stack Trace:
		at org.springframework.web.reactive.function.client.ExchangeFunctions$DefaultExchangeFunction.lambda$wrapException$9(ExchangeFunctions.java:136)
		at reactor.core.publisher.MonoErrorSupplied.subscribe(MonoErrorSupplied.java:55)
		at reactor.core.publisher.Mono.subscribe(Mono.java:4495)
		at reactor.core.publisher.FluxOnErrorResume$ResumeSubscriber.onError(FluxOnErrorResume.java:103)
		at reactor.core.publisher.FluxPeek$PeekSubscriber.onError(FluxPeek.java:222)
		at reactor.core.publisher.FluxPeek$PeekSubscriber.onError(FluxPeek.java:222)
		at reactor.core.publisher.FluxPeek$PeekSubscriber.onError(FluxPeek.java:222)
		at reactor.core.publisher.MonoNext$NextSubscriber.onError(MonoNext.java:93)
		at reactor.core.publisher.MonoFlatMapMany$FlatMapManyMain.onError(MonoFlatMapMany.java:204)
		at reactor.core.publisher.SerializedSubscriber.onError(SerializedSubscriber.java:124)
		at reactor.core.publisher.FluxRetryWhen$RetryWhenMainSubscriber.whenError(FluxRetryWhen.java:225)
		at reactor.core.publisher.FluxRetryWhen$RetryWhenOtherSubscriber.onError(FluxRetryWhen.java:274)
		at reactor.core.publisher.FluxContextWrite$ContextWriteSubscriber.onError(FluxContextWrite.java:121)
		at reactor.core.publisher.FluxConcatMapNoPrefetch$FluxConcatMapNoPrefetchSubscriber.maybeOnError(FluxConcatMapNoPrefetch.java:326)
		at reactor.core.publisher.FluxConcatMapNoPrefetch$FluxConcatMapNoPrefetchSubscriber.onNext(FluxConcatMapNoPrefetch.java:211)
		at reactor.core.publisher.FluxContextWrite$ContextWriteSubscriber.onNext(FluxContextWrite.java:107)
		at reactor.core.publisher.SinkManyEmitterProcessor.drain(SinkManyEmitterProcessor.java:471)
		at reactor.core.publisher.SinkManyEmitterProcessor$EmitterInner.drainParent(SinkManyEmitterProcessor.java:615)
		at reactor.core.publisher.FluxPublish$PubSubInner.request(FluxPublish.java:873)
		at reactor.core.publisher.FluxContextWrite$ContextWriteSubscriber.request(FluxContextWrite.java:136)
		at reactor.core.publisher.FluxConcatMapNoPrefetch$FluxConcatMapNoPrefetchSubscriber.request(FluxConcatMapNoPrefetch.java:336)
		at reactor.core.publisher.FluxContextWrite$ContextWriteSubscriber.request(FluxContextWrite.java:136)
		at reactor.core.publisher.Operators$DeferredSubscription.request(Operators.java:1717)
		at reactor.core.publisher.FluxRetryWhen$RetryWhenMainSubscriber.onError(FluxRetryWhen.java:192)
		at reactor.core.publisher.MonoCreate$DefaultMonoSink.error(MonoCreate.java:201)
		at reactor.netty.http.client.HttpClientConnect$HttpObserver.onUncaughtException(HttpClientConnect.java:403)
		at reactor.netty.ReactorNetty$CompositeConnectionObserver.onUncaughtException(ReactorNetty.java:703)
		at reactor.netty.resources.DefaultPooledConnectionProvider$DisposableAcquire.onUncaughtException(DefaultPooledConnectionProvider.java:223)
		at reactor.netty.resources.DefaultPooledConnectionProvider$PooledConnection.onUncaughtException(DefaultPooledConnectionProvider.java:476)
		at reactor.netty.channel.FluxReceive.drainReceiver(FluxReceive.java:247)
		at reactor.netty.channel.FluxReceive.onInboundError(FluxReceive.java:468)
		at reactor.netty.channel.ChannelOperations.onInboundError(ChannelOperations.java:515)
		at reactor.netty.channel.ChannelOperationsHandler.exceptionCaught(ChannelOperationsHandler.java:145)
		at io.netty.channel.AbstractChannelHandlerContext.invokeExceptionCaught(AbstractChannelHandlerContext.java:346)
		at io.netty.channel.AbstractChannelHandlerContext.invokeExceptionCaught(AbstractChannelHandlerContext.java:325)
		at io.netty.channel.AbstractChannelHandlerContext.fireExceptionCaught(AbstractChannelHandlerContext.java:317)
		at io.netty.channel.CombinedChannelDuplexHandler$DelegatingChannelHandlerContext.fireExceptionCaught(CombinedChannelDuplexHandler.java:424)
		at io.netty.channel.ChannelHandlerAdapter.exceptionCaught(ChannelHandlerAdapter.java:92)
		at io.netty.channel.CombinedChannelDuplexHandler$1.fireExceptionCaught(CombinedChannelDuplexHandler.java:145)
		at io.netty.channel.ChannelInboundHandlerAdapter.exceptionCaught(ChannelInboundHandlerAdapter.java:143)
		at io.netty.channel.CombinedChannelDuplexHandler.exceptionCaught(CombinedChannelDuplexHandler.java:231)
		at io.netty.channel.AbstractChannelHandlerContext.invokeExceptionCaught(AbstractChannelHandlerContext.java:346)
		at io.netty.channel.AbstractChannelHandlerContext.invokeExceptionCaught(AbstractChannelHandlerContext.java:325)
		at io.netty.channel.AbstractChannelHandlerContext.fireExceptionCaught(AbstractChannelHandlerContext.java:317)
		at io.netty.handler.ssl.SslHandler.exceptionCaught(SslHandler.java:1204)
		at io.netty.channel.AbstractChannelHandlerContext.invokeExceptionCaught(AbstractChannelHandlerContext.java:346)
		at io.netty.channel.AbstractChannelHandlerContext.invokeExceptionCaught(AbstractChannelHandlerContext.java:325)
		at io.netty.channel.AbstractChannelHandlerContext.fireExceptionCaught(AbstractChannelHandlerContext.java:317)
		at io.netty.channel.DefaultChannelPipeline$HeadContext.exceptionCaught(DefaultChannelPipeline.java:1377)
		at io.netty.channel.AbstractChannelHandlerContext.invokeExceptionCaught(AbstractChannelHandlerContext.java:346)
		at io.netty.channel.AbstractChannelHandlerContext.invokeExceptionCaught(AbstractChannelHandlerContext.java:325)
		at io.netty.channel.DefaultChannelPipeline.fireExceptionCaught(DefaultChannelPipeline.java:907)
		at io.netty.channel.epoll.AbstractEpollStreamChannel$EpollStreamUnsafe.handleReadException(AbstractEpollStreamChannel.java:728)
		at io.netty.channel.epoll.AbstractEpollStreamChannel$EpollStreamUnsafe.epollInReady(AbstractEpollStreamChannel.java:826)
		at io.netty.channel.epoll.EpollEventLoop.processReady(EpollEventLoop.java:509)
		at io.netty.channel.epoll.EpollEventLoop.run(EpollEventLoop.java:407)
		at io.netty.util.concurrent.SingleThreadEventExecutor$4.run(SingleThreadEventExecutor.java:997)
		at io.netty.util.internal.ThreadExecutorMap$2.run(ThreadExecutorMap.java:74)
		at io.netty.util.concurrent.FastThreadLocalRunnable.run(FastThreadLocalRunnable.java:30)
		at java.base/java.lang.Thread.run(Thread.java:840)
	Suppressed: java.lang.Exception: #block terminated with an error
		at reactor.core.publisher.BlockingSingleSubscriber.blockingGet(BlockingSingleSubscriber.java:103)
		at reactor.core.publisher.Mono.block(Mono.java:1712)
		at com.AnvilShieldGroup.rate_service.infrastructure.scheduler.SchedulerServiceImpl.preFetchMajorCurrenciesRates(SchedulerServiceImpl.java:33)
		at java.base/jdk.internal.reflect.NativeMethodAccessorImpl.invoke0(Native Method)
		at java.base/jdk.internal.reflect.NativeMethodAccessorImpl.invoke(NativeMethodAccessorImpl.java:77)
		at java.base/jdk.internal.reflect.DelegatingMethodAccessorImpl.invoke(DelegatingMethodAccessorImpl.java:43)
		at java.base/java.lang.reflect.Method.invoke(Method.java:569)
		at org.springframework.scheduling.support.ScheduledMethodRunnable.run(ScheduledMethodRunnable.java:84)
		at org.springframework.scheduling.support.DelegatingErrorHandlingRunnable.run(DelegatingErrorHandlingRunnable.java:54)
		at java.base/java.util.concurrent.Executors$RunnableAdapter.call(Executors.java:539)
		at java.base/java.util.concurrent.FutureTask.runAndReset(FutureTask.java:305)
		at java.base/java.util.concurrent.ScheduledThreadPoolExecutor$ScheduledFutureTask.run(ScheduledThreadPoolExecutor.java:305)
		at java.base/java.util.concurrent.ThreadPoolExecutor.runWorker(ThreadPoolExecutor.java:1136)
		at java.base/java.util.concurrent.ThreadPoolExecutor$Worker.run(ThreadPoolExecutor.java:635)
		at java.base/java.lang.Thread.run(Thread.java:840)
Caused by: io.netty.channel.unix.Errors$NativeIoException: recvAddress(..) failed: Connection reset by peer
2025-05-11 09:14:31 [background-preinit] INFO  o.h.validator.internal.util.Version - HV000001: Hibernate Validator 8.0.1.Final
2025-05-11 09:14:31 [main] INFO  c.A.r.RateServiceApplication - Starting RateServiceApplication using Java 17.0.13 with PID 17599 (/home/mwas/SPRINGBOOT-PROJECTS/Microservices/fx-exchange-system/rate-service/target/classes started by mwas in /home/mwas/SPRINGBOOT-PROJECTS/Microservices/fx-exchange-system)
2025-05-11 09:14:31 [main] INFO  c.A.r.RateServiceApplication - The following 1 profile is active: "dev"
2025-05-11 09:14:38 [main] INFO  o.s.b.w.e.netty.NettyWebServer - Netty started on port 8080
2025-05-11 09:14:38 [main] INFO  c.A.r.RateServiceApplication - Started RateServiceApplication in 10.26 seconds (process running for 11.867)
2025-05-11 09:14:42 [scheduling-1] INFO  c.A.r.i.cache.CacheServiceImpl - cache put for currency :USD rates:{AUD=1.5594902766, BGN=1.7345102305, BRL=5.6478010921, CAD=1.3932901873, CHF=0.8307100994, CNY=7.2365013525, CZK=22.1574237656, DKK=6.6309212233, EUR=0.8884901153, GBP=0.751640143, HKD=7.7750108745, HRK=6.3629711129, HUF=359.1598667231, IDR=16496.323118604, ILS=3.5504105213, INR=85.3791729306, ISK=130.4721193637, JPY=145.3289686856, KRW=1393.9254544357, MXN=19.4421421692, MYR=4.296280781, NOK=10.3640913604, NZD=1.6917201999, PHP=55.3707475816, PLN=3.7599504337, RON=4.5481806023, RUB=82.4831235941, SEK=9.7044609952, SGD=1.2967102211, THB=32.9416839127, TRY=38.7495854585, USD=1.0, ZAR=18.1698420433}
2025-05-11 09:14:43 [scheduling-1] INFO  c.A.r.i.cache.CacheServiceImpl - cache put for currency :EUR rates:{AUD=1.7552139858, BGN=1.9521998058, BRL=6.3566279409, CAD=1.5681549668, CHF=0.9349683076, CNY=8.1447179073, CZK=24.9382895589, DKK=7.4631344898, EUR=1.0, GBP=0.8459746823, HKD=8.7508130261, HRK=7.161555321, HUF=404.2361986231, IDR=18566.6929035378, ILS=3.9960045252, INR=96.0946795697, ISK=146.8470128333, JPY=163.5684699053, KRW=1568.8699631341, MXN=21.8822267512, MYR=4.8354851754, NOK=11.6648358625, NZD=1.9040394156, PHP=62.3200490676, PLN=4.2318427284, RON=5.1189996647, RUB=92.8351617803, SEK=10.9224186382, SGD=1.4594537393, THB=37.0760274599, TRY=43.6128492498, USD=1.1255049243, ZAR=20.4502466943}
2025-05-11 09:14:43 [scheduling-1] INFO  c.A.r.i.cache.CacheServiceImpl - cache put for currency :JPY rates:{AUD=0.0107307599, BGN=0.0119350619, BRL=0.0388621838, CAD=0.009587147, CHF=0.0057160668, CNY=0.0497939359, CZK=0.1524639166, DKK=0.045626975, EUR=0.0061136477, GBP=0.0051719912, HKD=0.0534993879, HRK=0.0437832262, HUF=2.4713577064, IDR=113.5102193857, ILS=0.0244301639, INR=0.5874890168, ISK=0.8977709024, JPY=1.0, KRW=9.5915182434, MXN=0.1337802253, MYR=0.0295624528, NOK=0.071314697, NZD=0.0116406262, PHP=0.3810028247, PLN=0.0258719956, RON=0.0312957605, RUB=0.5675614734, SEK=0.0667758196, SGD=0.008922586, THB=0.22666977, TRY=0.2666335956, USD=0.0068809406, ZAR=0.1250256037}
2025-05-11 09:14:44 [scheduling-1] INFO  c.A.r.i.cache.CacheServiceImpl - cache put for currency :GBP rates:{AUD=2.0747831141, BGN=2.3076338413, BRL=7.5139694769, CAD=1.8536665455, CHF=1.1051965587, CNY=9.6276142512, CZK=29.4787658322, DKK=8.8219359823, EUR=1.182068472, GBP=1.0, HKD=10.3440601821, HRK=8.4654487552, HUF=477.8348656175, IDR=21947.1023098403, ILS=4.723550963, INR=113.5904910425, ISK=173.5832240718, JPY=193.3491312818, KRW=1854.5117200262, MXN=25.8662903389, MYR=5.7158745724, NOK=13.7886347036, NZD=2.2507049625, PHP=73.6665651739, PLN=5.0023278676, RON=6.0510081116, RUB=109.7375178299, SEK=12.9110467098, SGD=1.7251742515, THB=43.8264031259, TRY=51.5533740705, USD=1.3304238861, ZAR=24.1735918611}
2025-05-11 09:14:44 [scheduling-1] INFO  c.A.r.i.cache.CacheServiceImpl - cache put for currency :CAD rates:{AUD=1.1192860546, BGN=1.2449023515, BRL=4.053571283, CAD=1.0, CHF=0.5962218833, CNY=5.1938220899, CZK=15.9029496996, DKK=4.7591817439, EUR=0.6376920784, GBP=0.5394713534, HKD=5.5803241459, HRK=4.566867097, HUF=257.7782216489, IDR=11839.8329859565, ILS=2.5482204308, INR=61.2788159343, ISK=93.6431768148, JPY=104.3063175283, KRW=1000.4559474699, MXN=13.9541226562, MYR=3.0835505914, NOK=7.4385734249, NZD=1.2141908522, PHP=39.7410016135, PLN=2.6986125848, RON=3.2643455353, RUB=59.2002472607, SEK=6.9651398421, SGD=0.9306820883, THB=23.6430890083, TRY=27.8115684814, USD=0.7177255744, ZAR=13.0409603175}
2025-05-11 09:14:45 [scheduling-1] INFO  c.A.r.i.cache.CacheServiceImpl - cache put for currency :CHF rates:{AUD=1.8772978416, BGN=2.0879850043, BRL=6.7987630055, CAD=1.6772279382, CHF=1.0, CNY=8.7112235156, CZK=26.6728715368, DKK=7.982232584, EUR=1.0695549698, GBP=0.9048164258, HKD=9.3594755621, HRK=7.6596770853, HUF=432.352835222, IDR=19858.0986682585, ILS=4.2739464993, INR=102.7785421079, ISK=157.0609523803, JPY=174.9454698945, KRW=1677.9926660847, MXN=23.4042443727, MYR=5.1718172009, NOK=12.4761831689, NZD=2.0364748197, PHP=66.6547182002, PLN=4.5261884217, RON=5.4750515319, RUB=99.292308657, SEK=11.682127137, SGD=1.5609660001, THB=39.6548494312, TRY=46.6463396635, USD=1.2037893854, ZAR=21.8726629861}
2025-05-11 09:14:45 [scheduling-1] INFO  c.A.r.i.cache.CacheServiceImpl - cache put for currency :AUD rates:{AUD=1.0, BGN=1.1122289485, BRL=3.6215686477, CAD=0.8934266588, CHF=0.5326805251, CNY=4.6402991164, CZK=14.2081192157, DKK=4.2519798442, EUR=0.5697311029, GBP=0.4819780888, HKD=4.9856103569, HRK=4.0801608118, HUF=230.3059352868, IDR=10578.0224257437, ILS=2.2766480654, INR=54.7481277772, ISK=83.6633105839, JPY=93.1900447641, KRW=893.8340144542, MXN=12.4669851816, MYR=2.7549263022, NOK=6.6458198015, NZD=1.0847904763, PHP=35.5056702901, PLN=2.4110124251, RON=2.9164533249, RUB=52.891079112, SEK=6.2228416174, SGD=0.8314961886, THB=21.1233660171, TRY=24.8475967051, USD=0.6412351619, ZAR=11.6511416044}
2025-05-11 09:14:56 [reactor-http-epoll-2] INFO  c.A.r.f.RequestResponseLoggingFilter - CORRELATION_ID=ae6a63d1-f916-4102-95a3-e2f645ffbc7a - REQUEST: method=GET, uri=http://localhost:8080/api/v1/rateService/rate?from=USD&to=GBP, headers=[Host:"localhost:8080", User-Agent:"Mozilla/5.0 (X11; Ubuntu; Linux x86_64; rv:138.0) Gecko/20100101 Firefox/138.0", Accept:"text/html,application/xhtml+xml,application/xml;q=0.9,*/*;q=0.8", Accept-Language:"en-US,en;q=0.5", Accept-Encoding:"gzip, deflate, br, zstd", Connection:"keep-alive", Cookie:"__stripe_mid=92addb05-7388-4c9e-891b-ba1f68a8740b7bda73", Upgrade-Insecure-Requests:"1", Sec-Fetch-Dest:"document", Sec-Fetch-Mode:"navigate", Sec-Fetch-Site:"none", Sec-Fetch-User:"?1", Priority:"u=0, i"]
2025-05-11 09:14:57 [reactor-http-epoll-2] INFO  c.A.r.i.cache.CacheServiceImpl - cache hit for:GBP:0.751640143
2025-05-11 09:14:57 [reactor-http-epoll-2] INFO  c.A.r.f.RequestResponseLoggingFilter - CORRELATION_ID=ae6a63d1-f916-4102-95a3-e2f645ffbc7a - RESPONSE: status=200 OK, headers=[X-Correlation-ID:"ae6a63d1-f916-4102-95a3-e2f645ffbc7a", Content-Type:"application/json", Content-Length:"80"]
2025-05-11 09:14:57 [reactor-http-epoll-3] INFO  c.A.r.f.RequestResponseLoggingFilter - CORRELATION_ID=b0895825-d700-4013-8bfd-a64dde0faba1 - REQUEST: method=GET, uri=http://localhost:8080/favicon.ico, headers=[Host:"localhost:8080", User-Agent:"Mozilla/5.0 (X11; Ubuntu; Linux x86_64; rv:138.0) Gecko/20100101 Firefox/138.0", Accept:"image/avif,image/webp,image/png,image/svg+xml,image/*;q=0.8,*/*;q=0.5", Accept-Language:"en-US,en;q=0.5", Accept-Encoding:"gzip, deflate, br, zstd", Connection:"keep-alive", Referer:"http://localhost:8080/api/v1/rateService/rate?from=USD&to=GBP", Sec-Fetch-Dest:"image", Sec-Fetch-Mode:"no-cors", Sec-Fetch-Site:"cross-site", Priority:"u=6"]
2025-05-11 09:14:57 [reactor-http-epoll-3] INFO  c.A.r.f.RequestResponseLoggingFilter - CORRELATION_ID=b0895825-d700-4013-8bfd-a64dde0faba1 - RESPONSE: status=200 OK, headers=[transfer-encoding:"chunked", X-Correlation-ID:"b0895825-d700-4013-8bfd-a64dde0faba1"]
2025-05-11 09:18:21 [background-preinit] INFO  o.h.validator.internal.util.Version - HV000001: Hibernate Validator 8.0.1.Final
2025-05-11 09:18:21 [main] INFO  c.A.r.RateServiceApplication - Starting RateServiceApplication using Java 17.0.13 with PID 22494 (/home/mwas/SPRINGBOOT-PROJECTS/Microservices/fx-exchange-system/rate-service/target/classes started by mwas in /home/mwas/SPRINGBOOT-PROJECTS/Microservices/fx-exchange-system)
2025-05-11 09:18:21 [main] INFO  c.A.r.RateServiceApplication - The following 1 profile is active: "dev"
2025-05-11 09:18:29 [main] INFO  o.s.b.w.e.netty.NettyWebServer - Netty started on port 8080
2025-05-11 09:18:29 [main] INFO  c.A.r.RateServiceApplication - Started RateServiceApplication in 9.149 seconds (process running for 10.623)
2025-05-11 09:18:32 [scheduling-1] INFO  c.A.r.i.cache.CacheServiceImpl - cache put for currency :USD rates:{AUD=1.5594902766, BGN=1.7345102305, BRL=5.6478010921, CAD=1.3932901873, CHF=0.8307100994, CNY=7.2365013525, CZK=22.1574237656, DKK=6.6309212233, EUR=0.8884901153, GBP=0.751640143, HKD=7.7750108745, HRK=6.3629711129, HUF=359.1598667231, IDR=16496.323118604, ILS=3.5504105213, INR=85.3791729306, ISK=130.4721193637, JPY=145.3289686856, KRW=1393.9254544357, MXN=19.4421421692, MYR=4.296280781, NOK=10.3640913604, NZD=1.6917201999, PHP=55.3707475816, PLN=3.7599504337, RON=4.5481806023, RUB=82.4831235941, SEK=9.7044609952, SGD=1.2967102211, THB=32.9416839127, TRY=38.7495854585, USD=1.0, ZAR=18.1698420433}
2025-05-11 09:18:32 [scheduling-1] INFO  c.A.r.i.cache.CacheServiceImpl - cache put for currency :EUR rates:{AUD=1.7552139858, BGN=1.9521998058, BRL=6.3566279409, CAD=1.5681549668, CHF=0.9349683076, CNY=8.1447179073, CZK=24.9382895589, DKK=7.4631344898, EUR=1.0, GBP=0.8459746823, HKD=8.7508130261, HRK=7.161555321, HUF=404.2361986231, IDR=18566.6929035378, ILS=3.9960045252, INR=96.0946795697, ISK=146.8470128333, JPY=163.5684699053, KRW=1568.8699631341, MXN=21.8822267512, MYR=4.8354851754, NOK=11.6648358625, NZD=1.9040394156, PHP=62.3200490676, PLN=4.2318427284, RON=5.1189996647, RUB=92.8351617803, SEK=10.9224186382, SGD=1.4594537393, THB=37.0760274599, TRY=43.6128492498, USD=1.1255049243, ZAR=20.4502466943}
2025-05-11 09:18:33 [scheduling-1] INFO  c.A.r.i.cache.CacheServiceImpl - cache put for currency :JPY rates:{AUD=0.0107307599, BGN=0.0119350619, BRL=0.0388621838, CAD=0.009587147, CHF=0.0057160668, CNY=0.0497939359, CZK=0.1524639166, DKK=0.045626975, EUR=0.0061136477, GBP=0.0051719912, HKD=0.0534993879, HRK=0.0437832262, HUF=2.4713577064, IDR=113.5102193857, ILS=0.0244301639, INR=0.5874890168, ISK=0.8977709024, JPY=1.0, KRW=9.5915182434, MXN=0.1337802253, MYR=0.0295624528, NOK=0.071314697, NZD=0.0116406262, PHP=0.3810028247, PLN=0.0258719956, RON=0.0312957605, RUB=0.5675614734, SEK=0.0667758196, SGD=0.008922586, THB=0.22666977, TRY=0.2666335956, USD=0.0068809406, ZAR=0.1250256037}
2025-05-11 09:18:33 [scheduling-1] INFO  c.A.r.i.cache.CacheServiceImpl - cache put for currency :GBP rates:{AUD=2.0747831141, BGN=2.3076338413, BRL=7.5139694769, CAD=1.8536665455, CHF=1.1051965587, CNY=9.6276142512, CZK=29.4787658322, DKK=8.8219359823, EUR=1.182068472, GBP=1.0, HKD=10.3440601821, HRK=8.4654487552, HUF=477.8348656175, IDR=21947.1023098403, ILS=4.723550963, INR=113.5904910425, ISK=173.5832240718, JPY=193.3491312818, KRW=1854.5117200262, MXN=25.8662903389, MYR=5.7158745724, NOK=13.7886347036, NZD=2.2507049625, PHP=73.6665651739, PLN=5.0023278676, RON=6.0510081116, RUB=109.7375178299, SEK=12.9110467098, SGD=1.7251742515, THB=43.8264031259, TRY=51.5533740705, USD=1.3304238861, ZAR=24.1735918611}
2025-05-11 09:18:33 [scheduling-1] INFO  c.A.r.i.cache.CacheServiceImpl - cache put for currency :CAD rates:{AUD=1.1192860546, BGN=1.2449023515, BRL=4.053571283, CAD=1.0, CHF=0.5962218833, CNY=5.1938220899, CZK=15.9029496996, DKK=4.7591817439, EUR=0.6376920784, GBP=0.5394713534, HKD=5.5803241459, HRK=4.566867097, HUF=257.7782216489, IDR=11839.8329859565, ILS=2.5482204308, INR=61.2788159343, ISK=93.6431768148, JPY=104.3063175283, KRW=1000.4559474699, MXN=13.9541226562, MYR=3.0835505914, NOK=7.4385734249, NZD=1.2141908522, PHP=39.7410016135, PLN=2.6986125848, RON=3.2643455353, RUB=59.2002472607, SEK=6.9651398421, SGD=0.9306820883, THB=23.6430890083, TRY=27.8115684814, USD=0.7177255744, ZAR=13.0409603175}
2025-05-11 09:18:34 [scheduling-1] INFO  c.A.r.i.cache.CacheServiceImpl - cache put for currency :CHF rates:{AUD=1.8772978416, BGN=2.0879850043, BRL=6.7987630055, CAD=1.6772279382, CHF=1.0, CNY=8.7112235156, CZK=26.6728715368, DKK=7.982232584, EUR=1.0695549698, GBP=0.9048164258, HKD=9.3594755621, HRK=7.6596770853, HUF=432.352835222, IDR=19858.0986682585, ILS=4.2739464993, INR=102.7785421079, ISK=157.0609523803, JPY=174.9454698945, KRW=1677.9926660847, MXN=23.4042443727, MYR=5.1718172009, NOK=12.4761831689, NZD=2.0364748197, PHP=66.6547182002, PLN=4.5261884217, RON=5.4750515319, RUB=99.292308657, SEK=11.682127137, SGD=1.5609660001, THB=39.6548494312, TRY=46.6463396635, USD=1.2037893854, ZAR=21.8726629861}
2025-05-11 09:18:34 [scheduling-1] INFO  c.A.r.i.cache.CacheServiceImpl - cache put for currency :AUD rates:{AUD=1.0, BGN=1.1122289485, BRL=3.6215686477, CAD=0.8934266588, CHF=0.5326805251, CNY=4.6402991164, CZK=14.2081192157, DKK=4.2519798442, EUR=0.5697311029, GBP=0.4819780888, HKD=4.9856103569, HRK=4.0801608118, HUF=230.3059352868, IDR=10578.0224257437, ILS=2.2766480654, INR=54.7481277772, ISK=83.6633105839, JPY=93.1900447641, KRW=893.8340144542, MXN=12.4669851816, MYR=2.7549263022, NOK=6.6458198015, NZD=1.0847904763, PHP=35.5056702901, PLN=2.4110124251, RON=2.9164533249, RUB=52.891079112, SEK=6.2228416174, SGD=0.8314961886, THB=21.1233660171, TRY=24.8475967051, USD=0.6412351619, ZAR=11.6511416044}
2025-05-11 09:28:29 [reactor-http-epoll-3] WARN  r.n.http.client.HttpClientConnect - [fa363792-8, L:/192.168.1.197:53152 - R:api.freecurrencyapi.com/172.67.202.166:443] The connection observed an error, the request cannot be retried as the headers/body were sent
io.netty.channel.unix.Errors$NativeIoException: recvAddress(..) failed: Connection reset by peer
2025-05-11 09:28:29 [scheduling-1] ERROR o.s.s.s.TaskUtils$LoggingErrorHandler - Unexpected error occurred in scheduled task
org.springframework.web.reactive.function.client.WebClientRequestException: recvAddress(..) failed: Connection reset by peer
	at org.springframework.web.reactive.function.client.ExchangeFunctions$DefaultExchangeFunction.lambda$wrapException$9(ExchangeFunctions.java:136)
	Suppressed: reactor.core.publisher.FluxOnAssembly$OnAssemblyException: 
Error has been observed at the following site(s):
	*__checkpoint ⇢ Request to GET https://api.freecurrencyapi.com/v1/latest [DefaultWebClient]
Original Stack Trace:
		at org.springframework.web.reactive.function.client.ExchangeFunctions$DefaultExchangeFunction.lambda$wrapException$9(ExchangeFunctions.java:136)
		at reactor.core.publisher.MonoErrorSupplied.subscribe(MonoErrorSupplied.java:55)
		at reactor.core.publisher.Mono.subscribe(Mono.java:4495)
		at reactor.core.publisher.FluxOnErrorResume$ResumeSubscriber.onError(FluxOnErrorResume.java:103)
		at reactor.core.publisher.FluxPeek$PeekSubscriber.onError(FluxPeek.java:222)
		at reactor.core.publisher.FluxPeek$PeekSubscriber.onError(FluxPeek.java:222)
		at reactor.core.publisher.FluxPeek$PeekSubscriber.onError(FluxPeek.java:222)
		at reactor.core.publisher.MonoNext$NextSubscriber.onError(MonoNext.java:93)
		at reactor.core.publisher.MonoFlatMapMany$FlatMapManyMain.onError(MonoFlatMapMany.java:204)
		at reactor.core.publisher.SerializedSubscriber.onError(SerializedSubscriber.java:124)
		at reactor.core.publisher.FluxRetryWhen$RetryWhenMainSubscriber.whenError(FluxRetryWhen.java:225)
		at reactor.core.publisher.FluxRetryWhen$RetryWhenOtherSubscriber.onError(FluxRetryWhen.java:274)
		at reactor.core.publisher.FluxContextWrite$ContextWriteSubscriber.onError(FluxContextWrite.java:121)
		at reactor.core.publisher.FluxConcatMapNoPrefetch$FluxConcatMapNoPrefetchSubscriber.maybeOnError(FluxConcatMapNoPrefetch.java:326)
		at reactor.core.publisher.FluxConcatMapNoPrefetch$FluxConcatMapNoPrefetchSubscriber.onNext(FluxConcatMapNoPrefetch.java:211)
		at reactor.core.publisher.FluxContextWrite$ContextWriteSubscriber.onNext(FluxContextWrite.java:107)
		at reactor.core.publisher.SinkManyEmitterProcessor.drain(SinkManyEmitterProcessor.java:471)
		at reactor.core.publisher.SinkManyEmitterProcessor$EmitterInner.drainParent(SinkManyEmitterProcessor.java:615)
		at reactor.core.publisher.FluxPublish$PubSubInner.request(FluxPublish.java:873)
		at reactor.core.publisher.FluxContextWrite$ContextWriteSubscriber.request(FluxContextWrite.java:136)
		at reactor.core.publisher.FluxConcatMapNoPrefetch$FluxConcatMapNoPrefetchSubscriber.request(FluxConcatMapNoPrefetch.java:336)
		at reactor.core.publisher.FluxContextWrite$ContextWriteSubscriber.request(FluxContextWrite.java:136)
		at reactor.core.publisher.Operators$DeferredSubscription.request(Operators.java:1717)
		at reactor.core.publisher.FluxRetryWhen$RetryWhenMainSubscriber.onError(FluxRetryWhen.java:192)
		at reactor.core.publisher.MonoCreate$DefaultMonoSink.error(MonoCreate.java:201)
		at reactor.netty.http.client.HttpClientConnect$HttpObserver.onUncaughtException(HttpClientConnect.java:403)
		at reactor.netty.ReactorNetty$CompositeConnectionObserver.onUncaughtException(ReactorNetty.java:703)
		at reactor.netty.resources.DefaultPooledConnectionProvider$DisposableAcquire.onUncaughtException(DefaultPooledConnectionProvider.java:223)
		at reactor.netty.resources.DefaultPooledConnectionProvider$PooledConnection.onUncaughtException(DefaultPooledConnectionProvider.java:476)
		at reactor.netty.channel.FluxReceive.drainReceiver(FluxReceive.java:247)
		at reactor.netty.channel.FluxReceive.onInboundError(FluxReceive.java:468)
		at reactor.netty.channel.ChannelOperations.onInboundError(ChannelOperations.java:515)
		at reactor.netty.channel.ChannelOperationsHandler.exceptionCaught(ChannelOperationsHandler.java:145)
		at io.netty.channel.AbstractChannelHandlerContext.invokeExceptionCaught(AbstractChannelHandlerContext.java:346)
		at io.netty.channel.AbstractChannelHandlerContext.invokeExceptionCaught(AbstractChannelHandlerContext.java:325)
		at io.netty.channel.AbstractChannelHandlerContext.fireExceptionCaught(AbstractChannelHandlerContext.java:317)
		at io.netty.channel.CombinedChannelDuplexHandler$DelegatingChannelHandlerContext.fireExceptionCaught(CombinedChannelDuplexHandler.java:424)
		at io.netty.channel.ChannelHandlerAdapter.exceptionCaught(ChannelHandlerAdapter.java:92)
		at io.netty.channel.CombinedChannelDuplexHandler$1.fireExceptionCaught(CombinedChannelDuplexHandler.java:145)
		at io.netty.channel.ChannelInboundHandlerAdapter.exceptionCaught(ChannelInboundHandlerAdapter.java:143)
		at io.netty.channel.CombinedChannelDuplexHandler.exceptionCaught(CombinedChannelDuplexHandler.java:231)
		at io.netty.channel.AbstractChannelHandlerContext.invokeExceptionCaught(AbstractChannelHandlerContext.java:346)
		at io.netty.channel.AbstractChannelHandlerContext.invokeExceptionCaught(AbstractChannelHandlerContext.java:325)
		at io.netty.channel.AbstractChannelHandlerContext.fireExceptionCaught(AbstractChannelHandlerContext.java:317)
		at io.netty.handler.ssl.SslHandler.exceptionCaught(SslHandler.java:1204)
		at io.netty.channel.AbstractChannelHandlerContext.invokeExceptionCaught(AbstractChannelHandlerContext.java:346)
		at io.netty.channel.AbstractChannelHandlerContext.invokeExceptionCaught(AbstractChannelHandlerContext.java:325)
		at io.netty.channel.AbstractChannelHandlerContext.fireExceptionCaught(AbstractChannelHandlerContext.java:317)
		at io.netty.channel.DefaultChannelPipeline$HeadContext.exceptionCaught(DefaultChannelPipeline.java:1377)
		at io.netty.channel.AbstractChannelHandlerContext.invokeExceptionCaught(AbstractChannelHandlerContext.java:346)
		at io.netty.channel.AbstractChannelHandlerContext.invokeExceptionCaught(AbstractChannelHandlerContext.java:325)
		at io.netty.channel.DefaultChannelPipeline.fireExceptionCaught(DefaultChannelPipeline.java:907)
		at io.netty.channel.epoll.AbstractEpollStreamChannel$EpollStreamUnsafe.handleReadException(AbstractEpollStreamChannel.java:728)
		at io.netty.channel.epoll.AbstractEpollStreamChannel$EpollStreamUnsafe.epollInReady(AbstractEpollStreamChannel.java:826)
		at io.netty.channel.epoll.EpollEventLoop.processReady(EpollEventLoop.java:509)
		at io.netty.channel.epoll.EpollEventLoop.run(EpollEventLoop.java:407)
		at io.netty.util.concurrent.SingleThreadEventExecutor$4.run(SingleThreadEventExecutor.java:997)
		at io.netty.util.internal.ThreadExecutorMap$2.run(ThreadExecutorMap.java:74)
		at io.netty.util.concurrent.FastThreadLocalRunnable.run(FastThreadLocalRunnable.java:30)
		at java.base/java.lang.Thread.run(Thread.java:840)
	Suppressed: java.lang.Exception: #block terminated with an error
		at reactor.core.publisher.BlockingSingleSubscriber.blockingGet(BlockingSingleSubscriber.java:103)
		at reactor.core.publisher.Mono.block(Mono.java:1712)
		at com.AnvilShieldGroup.rate_service.infrastructure.scheduler.SchedulerServiceImpl.preFetchMajorCurrenciesRates(SchedulerServiceImpl.java:33)
		at java.base/jdk.internal.reflect.NativeMethodAccessorImpl.invoke0(Native Method)
		at java.base/jdk.internal.reflect.NativeMethodAccessorImpl.invoke(NativeMethodAccessorImpl.java:77)
		at java.base/jdk.internal.reflect.DelegatingMethodAccessorImpl.invoke(DelegatingMethodAccessorImpl.java:43)
		at java.base/java.lang.reflect.Method.invoke(Method.java:569)
		at org.springframework.scheduling.support.ScheduledMethodRunnable.run(ScheduledMethodRunnable.java:84)
		at org.springframework.scheduling.support.DelegatingErrorHandlingRunnable.run(DelegatingErrorHandlingRunnable.java:54)
		at java.base/java.util.concurrent.Executors$RunnableAdapter.call(Executors.java:539)
		at java.base/java.util.concurrent.FutureTask.runAndReset(FutureTask.java:305)
		at java.base/java.util.concurrent.ScheduledThreadPoolExecutor$ScheduledFutureTask.run(ScheduledThreadPoolExecutor.java:305)
		at java.base/java.util.concurrent.ThreadPoolExecutor.runWorker(ThreadPoolExecutor.java:1136)
		at java.base/java.util.concurrent.ThreadPoolExecutor$Worker.run(ThreadPoolExecutor.java:635)
		at java.base/java.lang.Thread.run(Thread.java:840)
Caused by: io.netty.channel.unix.Errors$NativeIoException: recvAddress(..) failed: Connection reset by peer
2025-05-11 09:31:14 [background-preinit] INFO  o.h.validator.internal.util.Version - HV000001: Hibernate Validator 8.0.1.Final
2025-05-11 09:31:15 [main] INFO  c.A.r.RateServiceApplication - Starting RateServiceApplication using Java 17.0.13 with PID 39323 (/home/mwas/SPRINGBOOT-PROJECTS/Microservices/fx-exchange-system/rate-service/target/classes started by mwas in /home/mwas/SPRINGBOOT-PROJECTS/Microservices/fx-exchange-system)
2025-05-11 09:31:15 [main] INFO  c.A.r.RateServiceApplication - The following 1 profile is active: "dev"
2025-05-11 09:31:21 [main] INFO  o.s.b.w.e.netty.NettyWebServer - Netty started on port 8080
2025-05-11 09:31:21 [main] INFO  c.A.r.RateServiceApplication - Started RateServiceApplication in 8.492 seconds (process running for 9.831)
2025-05-11 09:31:26 [scheduling-1] INFO  c.A.r.i.cache.CacheServiceImpl - cache put for currency :USD rates:{AUD=1.5594902766, BGN=1.7345102305, BRL=5.6478010921, CAD=1.3932901873, CHF=0.8307100994, CNY=7.2365013525, CZK=22.1574237656, DKK=6.6309212233, EUR=0.8884901153, GBP=0.751640143, HKD=7.7750108745, HRK=6.3629711129, HUF=359.1598667231, IDR=16496.323118604, ILS=3.5504105213, INR=85.3791729306, ISK=130.4721193637, JPY=145.3289686856, KRW=1393.9254544357, MXN=19.4421421692, MYR=4.296280781, NOK=10.3640913604, NZD=1.6917201999, PHP=55.3707475816, PLN=3.7599504337, RON=4.5481806023, RUB=82.4831235941, SEK=9.7044609952, SGD=1.2967102211, THB=32.9416839127, TRY=38.7495854585, USD=1.0, ZAR=18.1698420433}
2025-05-11 09:31:26 [scheduling-1] INFO  c.A.r.i.cache.CacheServiceImpl - cache put for currency :EUR rates:{AUD=1.7552139858, BGN=1.9521998058, BRL=6.3566279409, CAD=1.5681549668, CHF=0.9349683076, CNY=8.1447179073, CZK=24.9382895589, DKK=7.4631344898, EUR=1.0, GBP=0.8459746823, HKD=8.7508130261, HRK=7.161555321, HUF=404.2361986231, IDR=18566.6929035378, ILS=3.9960045252, INR=96.0946795697, ISK=146.8470128333, JPY=163.5684699053, KRW=1568.8699631341, MXN=21.8822267512, MYR=4.8354851754, NOK=11.6648358625, NZD=1.9040394156, PHP=62.3200490676, PLN=4.2318427284, RON=5.1189996647, RUB=92.8351617803, SEK=10.9224186382, SGD=1.4594537393, THB=37.0760274599, TRY=43.6128492498, USD=1.1255049243, ZAR=20.4502466943}
2025-05-11 09:31:27 [scheduling-1] INFO  c.A.r.i.cache.CacheServiceImpl - cache put for currency :JPY rates:{AUD=0.0107307599, BGN=0.0119350619, BRL=0.0388621838, CAD=0.009587147, CHF=0.0057160668, CNY=0.0497939359, CZK=0.1524639166, DKK=0.045626975, EUR=0.0061136477, GBP=0.0051719912, HKD=0.0534993879, HRK=0.0437832262, HUF=2.4713577064, IDR=113.5102193857, ILS=0.0244301639, INR=0.5874890168, ISK=0.8977709024, JPY=1.0, KRW=9.5915182434, MXN=0.1337802253, MYR=0.0295624528, NOK=0.071314697, NZD=0.0116406262, PHP=0.3810028247, PLN=0.0258719956, RON=0.0312957605, RUB=0.5675614734, SEK=0.0667758196, SGD=0.008922586, THB=0.22666977, TRY=0.2666335956, USD=0.0068809406, ZAR=0.1250256037}
2025-05-11 09:31:27 [scheduling-1] INFO  c.A.r.i.cache.CacheServiceImpl - cache put for currency :GBP rates:{AUD=2.0747831141, BGN=2.3076338413, BRL=7.5139694769, CAD=1.8536665455, CHF=1.1051965587, CNY=9.6276142512, CZK=29.4787658322, DKK=8.8219359823, EUR=1.182068472, GBP=1.0, HKD=10.3440601821, HRK=8.4654487552, HUF=477.8348656175, IDR=21947.1023098403, ILS=4.723550963, INR=113.5904910425, ISK=173.5832240718, JPY=193.3491312818, KRW=1854.5117200262, MXN=25.8662903389, MYR=5.7158745724, NOK=13.7886347036, NZD=2.2507049625, PHP=73.6665651739, PLN=5.0023278676, RON=6.0510081116, RUB=109.7375178299, SEK=12.9110467098, SGD=1.7251742515, THB=43.8264031259, TRY=51.5533740705, USD=1.3304238861, ZAR=24.1735918611}
2025-05-11 09:31:28 [scheduling-1] INFO  c.A.r.i.cache.CacheServiceImpl - cache put for currency :CAD rates:{AUD=1.1192860546, BGN=1.2449023515, BRL=4.053571283, CAD=1.0, CHF=0.5962218833, CNY=5.1938220899, CZK=15.9029496996, DKK=4.7591817439, EUR=0.6376920784, GBP=0.5394713534, HKD=5.5803241459, HRK=4.566867097, HUF=257.7782216489, IDR=11839.8329859565, ILS=2.5482204308, INR=61.2788159343, ISK=93.6431768148, JPY=104.3063175283, KRW=1000.4559474699, MXN=13.9541226562, MYR=3.0835505914, NOK=7.4385734249, NZD=1.2141908522, PHP=39.7410016135, PLN=2.6986125848, RON=3.2643455353, RUB=59.2002472607, SEK=6.9651398421, SGD=0.9306820883, THB=23.6430890083, TRY=27.8115684814, USD=0.7177255744, ZAR=13.0409603175}
2025-05-11 09:31:28 [scheduling-1] INFO  c.A.r.i.cache.CacheServiceImpl - cache put for currency :CHF rates:{AUD=1.8772978416, BGN=2.0879850043, BRL=6.7987630055, CAD=1.6772279382, CHF=1.0, CNY=8.7112235156, CZK=26.6728715368, DKK=7.982232584, EUR=1.0695549698, GBP=0.9048164258, HKD=9.3594755621, HRK=7.6596770853, HUF=432.352835222, IDR=19858.0986682585, ILS=4.2739464993, INR=102.7785421079, ISK=157.0609523803, JPY=174.9454698945, KRW=1677.9926660847, MXN=23.4042443727, MYR=5.1718172009, NOK=12.4761831689, NZD=2.0364748197, PHP=66.6547182002, PLN=4.5261884217, RON=5.4750515319, RUB=99.292308657, SEK=11.682127137, SGD=1.5609660001, THB=39.6548494312, TRY=46.6463396635, USD=1.2037893854, ZAR=21.8726629861}
2025-05-11 09:31:28 [scheduling-1] INFO  c.A.r.i.cache.CacheServiceImpl - cache put for currency :AUD rates:{AUD=1.0, BGN=1.1122289485, BRL=3.6215686477, CAD=0.8934266588, CHF=0.5326805251, CNY=4.6402991164, CZK=14.2081192157, DKK=4.2519798442, EUR=0.5697311029, GBP=0.4819780888, HKD=4.9856103569, HRK=4.0801608118, HUF=230.3059352868, IDR=10578.0224257437, ILS=2.2766480654, INR=54.7481277772, ISK=83.6633105839, JPY=93.1900447641, KRW=893.8340144542, MXN=12.4669851816, MYR=2.7549263022, NOK=6.6458198015, NZD=1.0847904763, PHP=35.5056702901, PLN=2.4110124251, RON=2.9164533249, RUB=52.891079112, SEK=6.2228416174, SGD=0.8314961886, THB=21.1233660171, TRY=24.8475967051, USD=0.6412351619, ZAR=11.6511416044}
2025-05-11 09:31:30 [reactor-http-epoll-1] INFO  c.A.r.i.cache.CacheServiceImpl - cache hit for:GBP:0.751640143
2025-05-11 09:31:30 [reactor-http-epoll-1] INFO  c.A.r.c.RequestResponseLoggingFilter - 
--- RESPONSE ---
ID: 2f02f371-ab24-4ffb-8677-7097de0b3dca
Status: 200 OK
Duration: 371ms
Body:
{"responseStatus":"success","data":{"to":"GBP","from":"USD","rate":0.751640143}}
----------------

2025-05-11 09:31:30 [reactor-http-epoll-2] INFO  c.A.r.c.RequestResponseLoggingFilter - 
--- RESPONSE ---
ID: c0457e61-4a95-4fcf-a0b2-c8b8863d6c10
Status: 200 OK
Duration: 25ms
Body:

----------------

2025-05-11 09:41:22 [reactor-http-epoll-4] WARN  r.n.http.client.HttpClientConnect - [da5f1654-3, L:/192.168.1.197:48332 - R:api.freecurrencyapi.com/172.67.202.166:443] The connection observed an error, the request cannot be retried as the headers/body were sent
io.netty.channel.unix.Errors$NativeIoException: recvAddress(..) failed: Connection reset by peer
2025-05-11 09:41:22 [scheduling-1] ERROR o.s.s.s.TaskUtils$LoggingErrorHandler - Unexpected error occurred in scheduled task
org.springframework.web.reactive.function.client.WebClientRequestException: recvAddress(..) failed: Connection reset by peer
	at org.springframework.web.reactive.function.client.ExchangeFunctions$DefaultExchangeFunction.lambda$wrapException$9(ExchangeFunctions.java:136)
	Suppressed: reactor.core.publisher.FluxOnAssembly$OnAssemblyException: 
Error has been observed at the following site(s):
	*__checkpoint ⇢ Request to GET https://api.freecurrencyapi.com/v1/latest [DefaultWebClient]
Original Stack Trace:
		at org.springframework.web.reactive.function.client.ExchangeFunctions$DefaultExchangeFunction.lambda$wrapException$9(ExchangeFunctions.java:136)
		at reactor.core.publisher.MonoErrorSupplied.subscribe(MonoErrorSupplied.java:55)
		at reactor.core.publisher.Mono.subscribe(Mono.java:4495)
		at reactor.core.publisher.FluxOnErrorResume$ResumeSubscriber.onError(FluxOnErrorResume.java:103)
		at reactor.core.publisher.FluxPeek$PeekSubscriber.onError(FluxPeek.java:222)
		at reactor.core.publisher.FluxPeek$PeekSubscriber.onError(FluxPeek.java:222)
		at reactor.core.publisher.FluxPeek$PeekSubscriber.onError(FluxPeek.java:222)
		at reactor.core.publisher.MonoNext$NextSubscriber.onError(MonoNext.java:93)
		at reactor.core.publisher.MonoFlatMapMany$FlatMapManyMain.onError(MonoFlatMapMany.java:204)
		at reactor.core.publisher.SerializedSubscriber.onError(SerializedSubscriber.java:124)
		at reactor.core.publisher.FluxRetryWhen$RetryWhenMainSubscriber.whenError(FluxRetryWhen.java:225)
		at reactor.core.publisher.FluxRetryWhen$RetryWhenOtherSubscriber.onError(FluxRetryWhen.java:274)
		at reactor.core.publisher.FluxContextWrite$ContextWriteSubscriber.onError(FluxContextWrite.java:121)
		at reactor.core.publisher.FluxConcatMapNoPrefetch$FluxConcatMapNoPrefetchSubscriber.maybeOnError(FluxConcatMapNoPrefetch.java:326)
		at reactor.core.publisher.FluxConcatMapNoPrefetch$FluxConcatMapNoPrefetchSubscriber.onNext(FluxConcatMapNoPrefetch.java:211)
		at reactor.core.publisher.FluxContextWrite$ContextWriteSubscriber.onNext(FluxContextWrite.java:107)
		at reactor.core.publisher.SinkManyEmitterProcessor.drain(SinkManyEmitterProcessor.java:471)
		at reactor.core.publisher.SinkManyEmitterProcessor$EmitterInner.drainParent(SinkManyEmitterProcessor.java:615)
		at reactor.core.publisher.FluxPublish$PubSubInner.request(FluxPublish.java:873)
		at reactor.core.publisher.FluxContextWrite$ContextWriteSubscriber.request(FluxContextWrite.java:136)
		at reactor.core.publisher.FluxConcatMapNoPrefetch$FluxConcatMapNoPrefetchSubscriber.request(FluxConcatMapNoPrefetch.java:336)
		at reactor.core.publisher.FluxContextWrite$ContextWriteSubscriber.request(FluxContextWrite.java:136)
		at reactor.core.publisher.Operators$DeferredSubscription.request(Operators.java:1717)
		at reactor.core.publisher.FluxRetryWhen$RetryWhenMainSubscriber.onError(FluxRetryWhen.java:192)
		at reactor.core.publisher.MonoCreate$DefaultMonoSink.error(MonoCreate.java:201)
		at reactor.netty.http.client.HttpClientConnect$HttpObserver.onUncaughtException(HttpClientConnect.java:403)
		at reactor.netty.ReactorNetty$CompositeConnectionObserver.onUncaughtException(ReactorNetty.java:703)
		at reactor.netty.resources.DefaultPooledConnectionProvider$DisposableAcquire.onUncaughtException(DefaultPooledConnectionProvider.java:223)
		at reactor.netty.resources.DefaultPooledConnectionProvider$PooledConnection.onUncaughtException(DefaultPooledConnectionProvider.java:476)
		at reactor.netty.channel.FluxReceive.drainReceiver(FluxReceive.java:247)
		at reactor.netty.channel.FluxReceive.onInboundError(FluxReceive.java:468)
		at reactor.netty.channel.ChannelOperations.onInboundError(ChannelOperations.java:515)
		at reactor.netty.channel.ChannelOperationsHandler.exceptionCaught(ChannelOperationsHandler.java:145)
		at io.netty.channel.AbstractChannelHandlerContext.invokeExceptionCaught(AbstractChannelHandlerContext.java:346)
		at io.netty.channel.AbstractChannelHandlerContext.invokeExceptionCaught(AbstractChannelHandlerContext.java:325)
		at io.netty.channel.AbstractChannelHandlerContext.fireExceptionCaught(AbstractChannelHandlerContext.java:317)
		at io.netty.channel.CombinedChannelDuplexHandler$DelegatingChannelHandlerContext.fireExceptionCaught(CombinedChannelDuplexHandler.java:424)
		at io.netty.channel.ChannelHandlerAdapter.exceptionCaught(ChannelHandlerAdapter.java:92)
		at io.netty.channel.CombinedChannelDuplexHandler$1.fireExceptionCaught(CombinedChannelDuplexHandler.java:145)
		at io.netty.channel.ChannelInboundHandlerAdapter.exceptionCaught(ChannelInboundHandlerAdapter.java:143)
		at io.netty.channel.CombinedChannelDuplexHandler.exceptionCaught(CombinedChannelDuplexHandler.java:231)
		at io.netty.channel.AbstractChannelHandlerContext.invokeExceptionCaught(AbstractChannelHandlerContext.java:346)
		at io.netty.channel.AbstractChannelHandlerContext.invokeExceptionCaught(AbstractChannelHandlerContext.java:325)
		at io.netty.channel.AbstractChannelHandlerContext.fireExceptionCaught(AbstractChannelHandlerContext.java:317)
		at io.netty.handler.ssl.SslHandler.exceptionCaught(SslHandler.java:1204)
		at io.netty.channel.AbstractChannelHandlerContext.invokeExceptionCaught(AbstractChannelHandlerContext.java:346)
		at io.netty.channel.AbstractChannelHandlerContext.invokeExceptionCaught(AbstractChannelHandlerContext.java:325)
		at io.netty.channel.AbstractChannelHandlerContext.fireExceptionCaught(AbstractChannelHandlerContext.java:317)
		at io.netty.channel.DefaultChannelPipeline$HeadContext.exceptionCaught(DefaultChannelPipeline.java:1377)
		at io.netty.channel.AbstractChannelHandlerContext.invokeExceptionCaught(AbstractChannelHandlerContext.java:346)
		at io.netty.channel.AbstractChannelHandlerContext.invokeExceptionCaught(AbstractChannelHandlerContext.java:325)
		at io.netty.channel.DefaultChannelPipeline.fireExceptionCaught(DefaultChannelPipeline.java:907)
		at io.netty.channel.epoll.AbstractEpollStreamChannel$EpollStreamUnsafe.handleReadException(AbstractEpollStreamChannel.java:728)
		at io.netty.channel.epoll.AbstractEpollStreamChannel$EpollStreamUnsafe.epollInReady(AbstractEpollStreamChannel.java:826)
		at io.netty.channel.epoll.EpollEventLoop.processReady(EpollEventLoop.java:509)
		at io.netty.channel.epoll.EpollEventLoop.run(EpollEventLoop.java:407)
		at io.netty.util.concurrent.SingleThreadEventExecutor$4.run(SingleThreadEventExecutor.java:997)
		at io.netty.util.internal.ThreadExecutorMap$2.run(ThreadExecutorMap.java:74)
		at io.netty.util.concurrent.FastThreadLocalRunnable.run(FastThreadLocalRunnable.java:30)
		at java.base/java.lang.Thread.run(Thread.java:840)
	Suppressed: java.lang.Exception: #block terminated with an error
		at reactor.core.publisher.BlockingSingleSubscriber.blockingGet(BlockingSingleSubscriber.java:103)
		at reactor.core.publisher.Mono.block(Mono.java:1712)
		at com.AnvilShieldGroup.rate_service.infrastructure.scheduler.SchedulerServiceImpl.preFetchMajorCurrenciesRates(SchedulerServiceImpl.java:33)
		at java.base/jdk.internal.reflect.NativeMethodAccessorImpl.invoke0(Native Method)
		at java.base/jdk.internal.reflect.NativeMethodAccessorImpl.invoke(NativeMethodAccessorImpl.java:77)
		at java.base/jdk.internal.reflect.DelegatingMethodAccessorImpl.invoke(DelegatingMethodAccessorImpl.java:43)
		at java.base/java.lang.reflect.Method.invoke(Method.java:569)
		at org.springframework.scheduling.support.ScheduledMethodRunnable.run(ScheduledMethodRunnable.java:84)
		at org.springframework.scheduling.support.DelegatingErrorHandlingRunnable.run(DelegatingErrorHandlingRunnable.java:54)
		at java.base/java.util.concurrent.Executors$RunnableAdapter.call(Executors.java:539)
		at java.base/java.util.concurrent.FutureTask.runAndReset(FutureTask.java:305)
		at java.base/java.util.concurrent.ScheduledThreadPoolExecutor$ScheduledFutureTask.run(ScheduledThreadPoolExecutor.java:305)
		at java.base/java.util.concurrent.ThreadPoolExecutor.runWorker(ThreadPoolExecutor.java:1136)
		at java.base/java.util.concurrent.ThreadPoolExecutor$Worker.run(ThreadPoolExecutor.java:635)
		at java.base/java.lang.Thread.run(Thread.java:840)
Caused by: io.netty.channel.unix.Errors$NativeIoException: recvAddress(..) failed: Connection reset by peer
2025-05-11 09:41:38 [background-preinit] INFO  o.h.validator.internal.util.Version - HV000001: Hibernate Validator 8.0.1.Final
2025-05-11 09:41:39 [main] INFO  c.A.r.RateServiceApplication - Starting RateServiceApplication using Java 17.0.13 with PID 46492 (/home/mwas/SPRINGBOOT-PROJECTS/Microservices/fx-exchange-system/rate-service/target/classes started by mwas in /home/mwas/SPRINGBOOT-PROJECTS/Microservices/fx-exchange-system)
2025-05-11 09:41:39 [main] INFO  c.A.r.RateServiceApplication - The following 1 profile is active: "dev"
2025-05-11 09:41:47 [main] INFO  o.s.b.w.e.netty.NettyWebServer - Netty started on port 8080
2025-05-11 09:41:47 [main] INFO  c.A.r.RateServiceApplication - Started RateServiceApplication in 9.823 seconds (process running for 11.007)
2025-05-11 09:41:50 [scheduling-1] INFO  c.A.r.i.cache.CacheServiceImpl - cache put for currency :USD rates:{AUD=1.5594902766, BGN=1.7345102305, BRL=5.6478010921, CAD=1.3932901873, CHF=0.8307100994, CNY=7.2365013525, CZK=22.1574237656, DKK=6.6309212233, EUR=0.8884901153, GBP=0.751640143, HKD=7.7750108745, HRK=6.3629711129, HUF=359.1598667231, IDR=16496.323118604, ILS=3.5504105213, INR=85.3791729306, ISK=130.4721193637, JPY=145.3289686856, KRW=1393.9254544357, MXN=19.4421421692, MYR=4.296280781, NOK=10.3640913604, NZD=1.6917201999, PHP=55.3707475816, PLN=3.7599504337, RON=4.5481806023, RUB=82.4831235941, SEK=9.7044609952, SGD=1.2967102211, THB=32.9416839127, TRY=38.7495854585, USD=1.0, ZAR=18.1698420433}
2025-05-11 09:41:50 [scheduling-1] INFO  c.A.r.i.cache.CacheServiceImpl - cache put for currency :EUR rates:{AUD=1.7552139858, BGN=1.9521998058, BRL=6.3566279409, CAD=1.5681549668, CHF=0.9349683076, CNY=8.1447179073, CZK=24.9382895589, DKK=7.4631344898, EUR=1.0, GBP=0.8459746823, HKD=8.7508130261, HRK=7.161555321, HUF=404.2361986231, IDR=18566.6929035378, ILS=3.9960045252, INR=96.0946795697, ISK=146.8470128333, JPY=163.5684699053, KRW=1568.8699631341, MXN=21.8822267512, MYR=4.8354851754, NOK=11.6648358625, NZD=1.9040394156, PHP=62.3200490676, PLN=4.2318427284, RON=5.1189996647, RUB=92.8351617803, SEK=10.9224186382, SGD=1.4594537393, THB=37.0760274599, TRY=43.6128492498, USD=1.1255049243, ZAR=20.4502466943}
2025-05-11 09:41:51 [scheduling-1] INFO  c.A.r.i.cache.CacheServiceImpl - cache put for currency :JPY rates:{AUD=0.0107307599, BGN=0.0119350619, BRL=0.0388621838, CAD=0.009587147, CHF=0.0057160668, CNY=0.0497939359, CZK=0.1524639166, DKK=0.045626975, EUR=0.0061136477, GBP=0.0051719912, HKD=0.0534993879, HRK=0.0437832262, HUF=2.4713577064, IDR=113.5102193857, ILS=0.0244301639, INR=0.5874890168, ISK=0.8977709024, JPY=1.0, KRW=9.5915182434, MXN=0.1337802253, MYR=0.0295624528, NOK=0.071314697, NZD=0.0116406262, PHP=0.3810028247, PLN=0.0258719956, RON=0.0312957605, RUB=0.5675614734, SEK=0.0667758196, SGD=0.008922586, THB=0.22666977, TRY=0.2666335956, USD=0.0068809406, ZAR=0.1250256037}
2025-05-11 09:41:51 [scheduling-1] INFO  c.A.r.i.cache.CacheServiceImpl - cache put for currency :GBP rates:{AUD=2.0747831141, BGN=2.3076338413, BRL=7.5139694769, CAD=1.8536665455, CHF=1.1051965587, CNY=9.6276142512, CZK=29.4787658322, DKK=8.8219359823, EUR=1.182068472, GBP=1.0, HKD=10.3440601821, HRK=8.4654487552, HUF=477.8348656175, IDR=21947.1023098403, ILS=4.723550963, INR=113.5904910425, ISK=173.5832240718, JPY=193.3491312818, KRW=1854.5117200262, MXN=25.8662903389, MYR=5.7158745724, NOK=13.7886347036, NZD=2.2507049625, PHP=73.6665651739, PLN=5.0023278676, RON=6.0510081116, RUB=109.7375178299, SEK=12.9110467098, SGD=1.7251742515, THB=43.8264031259, TRY=51.5533740705, USD=1.3304238861, ZAR=24.1735918611}
2025-05-11 09:41:51 [scheduling-1] INFO  c.A.r.i.cache.CacheServiceImpl - cache put for currency :CAD rates:{AUD=1.1192860546, BGN=1.2449023515, BRL=4.053571283, CAD=1.0, CHF=0.5962218833, CNY=5.1938220899, CZK=15.9029496996, DKK=4.7591817439, EUR=0.6376920784, GBP=0.5394713534, HKD=5.5803241459, HRK=4.566867097, HUF=257.7782216489, IDR=11839.8329859565, ILS=2.5482204308, INR=61.2788159343, ISK=93.6431768148, JPY=104.3063175283, KRW=1000.4559474699, MXN=13.9541226562, MYR=3.0835505914, NOK=7.4385734249, NZD=1.2141908522, PHP=39.7410016135, PLN=2.6986125848, RON=3.2643455353, RUB=59.2002472607, SEK=6.9651398421, SGD=0.9306820883, THB=23.6430890083, TRY=27.8115684814, USD=0.7177255744, ZAR=13.0409603175}
2025-05-11 09:41:52 [scheduling-1] INFO  c.A.r.i.cache.CacheServiceImpl - cache put for currency :CHF rates:{AUD=1.8772978416, BGN=2.0879850043, BRL=6.7987630055, CAD=1.6772279382, CHF=1.0, CNY=8.7112235156, CZK=26.6728715368, DKK=7.982232584, EUR=1.0695549698, GBP=0.9048164258, HKD=9.3594755621, HRK=7.6596770853, HUF=432.352835222, IDR=19858.0986682585, ILS=4.2739464993, INR=102.7785421079, ISK=157.0609523803, JPY=174.9454698945, KRW=1677.9926660847, MXN=23.4042443727, MYR=5.1718172009, NOK=12.4761831689, NZD=2.0364748197, PHP=66.6547182002, PLN=4.5261884217, RON=5.4750515319, RUB=99.292308657, SEK=11.682127137, SGD=1.5609660001, THB=39.6548494312, TRY=46.6463396635, USD=1.2037893854, ZAR=21.8726629861}
2025-05-11 09:41:52 [scheduling-1] INFO  c.A.r.i.cache.CacheServiceImpl - cache put for currency :AUD rates:{AUD=1.0, BGN=1.1122289485, BRL=3.6215686477, CAD=0.8934266588, CHF=0.5326805251, CNY=4.6402991164, CZK=14.2081192157, DKK=4.2519798442, EUR=0.5697311029, GBP=0.4819780888, HKD=4.9856103569, HRK=4.0801608118, HUF=230.3059352868, IDR=10578.0224257437, ILS=2.2766480654, INR=54.7481277772, ISK=83.6633105839, JPY=93.1900447641, KRW=893.8340144542, MXN=12.4669851816, MYR=2.7549263022, NOK=6.6458198015, NZD=1.0847904763, PHP=35.5056702901, PLN=2.4110124251, RON=2.9164533249, RUB=52.891079112, SEK=6.2228416174, SGD=0.8314961886, THB=21.1233660171, TRY=24.8475967051, USD=0.6412351619, ZAR=11.6511416044}
2025-05-11 09:41:54 [reactor-http-epoll-1] INFO  c.A.r.f.RequestResponseLoggingFilter - 
--- REQUEST ---
ID: 388588ee-4dc0-4b2a-8732-b0f4185d86a8
Method: GET
URI: http://localhost:8080/api/v1/rateService/rate?from=USD&to=GBP
Client IP: 127.0.0.1
---------------

2025-05-11 09:41:54 [reactor-http-epoll-1] INFO  c.A.r.i.cache.CacheServiceImpl - cache hit for:GBP:0.751640143
2025-05-11 09:41:54 [reactor-http-epoll-1] INFO  c.A.r.f.RequestResponseLoggingFilter - 
--- RESPONSE ---
ID: 388588ee-4dc0-4b2a-8732-b0f4185d86a8
Status: 200 OK
Duration: 446ms
Body:
{"responseStatus":"success","data":{"to":"GBP","from":"USD","rate":0.751640143}}
----------------

2025-05-11 09:41:55 [reactor-http-epoll-2] INFO  c.A.r.f.RequestResponseLoggingFilter - 
--- REQUEST ---
ID: 956b2335-15d3-4b1c-8c3a-0a5305c5dfe3
Method: GET
URI: http://localhost:8080/favicon.ico
Client IP: 127.0.0.1
---------------

2025-05-11 09:41:55 [reactor-http-epoll-2] INFO  c.A.r.f.RequestResponseLoggingFilter - 
--- RESPONSE ---
ID: 956b2335-15d3-4b1c-8c3a-0a5305c5dfe3
Status: 200 OK
Duration: 51ms
Body:

----------------

2025-05-11 09:49:02 [background-preinit] INFO  o.h.validator.internal.util.Version - HV000001: Hibernate Validator 8.0.1.Final
2025-05-11 09:49:02 [main] INFO  c.A.r.RateServiceApplication - Starting RateServiceApplication using Java 17.0.13 with PID 56156 (/home/mwas/SPRINGBOOT-PROJECTS/Microservices/fx-exchange-system/rate-service/target/classes started by mwas in /home/mwas/SPRINGBOOT-PROJECTS/Microservices/fx-exchange-system)
2025-05-11 09:49:02 [main] INFO  c.A.r.RateServiceApplication - The following 1 profile is active: "dev"
2025-05-11 09:49:07 [main] INFO  o.s.b.w.e.netty.NettyWebServer - Netty started on port 8080
2025-05-11 09:49:07 [main] INFO  c.A.r.RateServiceApplication - Started RateServiceApplication in 7.206 seconds (process running for 8.662)
2025-05-11 09:49:11 [scheduling-1] INFO  c.A.r.i.cache.CacheServiceImpl - cache put for currency :USD rates:{AUD=1.5594902766, BGN=1.7345102305, BRL=5.6478010921, CAD=1.3932901873, CHF=0.8307100994, CNY=7.2365013525, CZK=22.1574237656, DKK=6.6309212233, EUR=0.8884901153, GBP=0.751640143, HKD=7.7750108745, HRK=6.3629711129, HUF=359.1598667231, IDR=16496.323118604, ILS=3.5504105213, INR=85.3791729306, ISK=130.4721193637, JPY=145.3289686856, KRW=1393.9254544357, MXN=19.4421421692, MYR=4.296280781, NOK=10.3640913604, NZD=1.6917201999, PHP=55.3707475816, PLN=3.7599504337, RON=4.5481806023, RUB=82.4831235941, SEK=9.7044609952, SGD=1.2967102211, THB=32.9416839127, TRY=38.7495854585, USD=1.0, ZAR=18.1698420433}
2025-05-11 09:49:11 [scheduling-1] INFO  c.A.r.i.cache.CacheServiceImpl - cache put for currency :EUR rates:{AUD=1.7552139858, BGN=1.9521998058, BRL=6.3566279409, CAD=1.5681549668, CHF=0.9349683076, CNY=8.1447179073, CZK=24.9382895589, DKK=7.4631344898, EUR=1.0, GBP=0.8459746823, HKD=8.7508130261, HRK=7.161555321, HUF=404.2361986231, IDR=18566.6929035378, ILS=3.9960045252, INR=96.0946795697, ISK=146.8470128333, JPY=163.5684699053, KRW=1568.8699631341, MXN=21.8822267512, MYR=4.8354851754, NOK=11.6648358625, NZD=1.9040394156, PHP=62.3200490676, PLN=4.2318427284, RON=5.1189996647, RUB=92.8351617803, SEK=10.9224186382, SGD=1.4594537393, THB=37.0760274599, TRY=43.6128492498, USD=1.1255049243, ZAR=20.4502466943}
2025-05-11 09:49:11 [scheduling-1] INFO  c.A.r.i.cache.CacheServiceImpl - cache put for currency :JPY rates:{AUD=0.0107307599, BGN=0.0119350619, BRL=0.0388621838, CAD=0.009587147, CHF=0.0057160668, CNY=0.0497939359, CZK=0.1524639166, DKK=0.045626975, EUR=0.0061136477, GBP=0.0051719912, HKD=0.0534993879, HRK=0.0437832262, HUF=2.4713577064, IDR=113.5102193857, ILS=0.0244301639, INR=0.5874890168, ISK=0.8977709024, JPY=1.0, KRW=9.5915182434, MXN=0.1337802253, MYR=0.0295624528, NOK=0.071314697, NZD=0.0116406262, PHP=0.3810028247, PLN=0.0258719956, RON=0.0312957605, RUB=0.5675614734, SEK=0.0667758196, SGD=0.008922586, THB=0.22666977, TRY=0.2666335956, USD=0.0068809406, ZAR=0.1250256037}
2025-05-11 09:49:12 [scheduling-1] INFO  c.A.r.i.cache.CacheServiceImpl - cache put for currency :GBP rates:{AUD=2.0747831141, BGN=2.3076338413, BRL=7.5139694769, CAD=1.8536665455, CHF=1.1051965587, CNY=9.6276142512, CZK=29.4787658322, DKK=8.8219359823, EUR=1.182068472, GBP=1.0, HKD=10.3440601821, HRK=8.4654487552, HUF=477.8348656175, IDR=21947.1023098403, ILS=4.723550963, INR=113.5904910425, ISK=173.5832240718, JPY=193.3491312818, KRW=1854.5117200262, MXN=25.8662903389, MYR=5.7158745724, NOK=13.7886347036, NZD=2.2507049625, PHP=73.6665651739, PLN=5.0023278676, RON=6.0510081116, RUB=109.7375178299, SEK=12.9110467098, SGD=1.7251742515, THB=43.8264031259, TRY=51.5533740705, USD=1.3304238861, ZAR=24.1735918611}
2025-05-11 09:49:12 [scheduling-1] INFO  c.A.r.i.cache.CacheServiceImpl - cache put for currency :CAD rates:{AUD=1.1192860546, BGN=1.2449023515, BRL=4.053571283, CAD=1.0, CHF=0.5962218833, CNY=5.1938220899, CZK=15.9029496996, DKK=4.7591817439, EUR=0.6376920784, GBP=0.5394713534, HKD=5.5803241459, HRK=4.566867097, HUF=257.7782216489, IDR=11839.8329859565, ILS=2.5482204308, INR=61.2788159343, ISK=93.6431768148, JPY=104.3063175283, KRW=1000.4559474699, MXN=13.9541226562, MYR=3.0835505914, NOK=7.4385734249, NZD=1.2141908522, PHP=39.7410016135, PLN=2.6986125848, RON=3.2643455353, RUB=59.2002472607, SEK=6.9651398421, SGD=0.9306820883, THB=23.6430890083, TRY=27.8115684814, USD=0.7177255744, ZAR=13.0409603175}
2025-05-11 09:49:12 [scheduling-1] INFO  c.A.r.i.cache.CacheServiceImpl - cache put for currency :CHF rates:{AUD=1.8772978416, BGN=2.0879850043, BRL=6.7987630055, CAD=1.6772279382, CHF=1.0, CNY=8.7112235156, CZK=26.6728715368, DKK=7.982232584, EUR=1.0695549698, GBP=0.9048164258, HKD=9.3594755621, HRK=7.6596770853, HUF=432.352835222, IDR=19858.0986682585, ILS=4.2739464993, INR=102.7785421079, ISK=157.0609523803, JPY=174.9454698945, KRW=1677.9926660847, MXN=23.4042443727, MYR=5.1718172009, NOK=12.4761831689, NZD=2.0364748197, PHP=66.6547182002, PLN=4.5261884217, RON=5.4750515319, RUB=99.292308657, SEK=11.682127137, SGD=1.5609660001, THB=39.6548494312, TRY=46.6463396635, USD=1.2037893854, ZAR=21.8726629861}
2025-05-11 09:49:13 [scheduling-1] INFO  c.A.r.i.cache.CacheServiceImpl - cache put for currency :AUD rates:{AUD=1.0, BGN=1.1122289485, BRL=3.6215686477, CAD=0.8934266588, CHF=0.5326805251, CNY=4.6402991164, CZK=14.2081192157, DKK=4.2519798442, EUR=0.5697311029, GBP=0.4819780888, HKD=4.9856103569, HRK=4.0801608118, HUF=230.3059352868, IDR=10578.0224257437, ILS=2.2766480654, INR=54.7481277772, ISK=83.6633105839, JPY=93.1900447641, KRW=893.8340144542, MXN=12.4669851816, MYR=2.7549263022, NOK=6.6458198015, NZD=1.0847904763, PHP=35.5056702901, PLN=2.4110124251, RON=2.9164533249, RUB=52.891079112, SEK=6.2228416174, SGD=0.8314961886, THB=21.1233660171, TRY=24.8475967051, USD=0.6412351619, ZAR=11.6511416044}
2025-05-11 09:49:18 [reactor-http-epoll-4] INFO  c.A.r.f.RequestResponseLoggingFilter - request id : 63023265-132e-444b-95cd-2fa855b398f9 | Method: GET | URI: http://localhost:8080/api/v1/rateService/rate?from=USD&to=GBP | Client IP: 127.0.0.1
2025-05-11 09:49:18 [reactor-http-epoll-4] INFO  c.A.r.i.cache.CacheServiceImpl - cache hit for:GBP:0.751640143
2025-05-11 09:49:18 [reactor-http-epoll-4] INFO  c.A.r.f.RequestResponseLoggingFilter - response id : 63023265-132e-444b-95cd-2fa855b398f9 | Status: 200 OK | Duration: 546ms | Body: {"responseStatus":"success","data":{"to":"GBP","from":"USD","rate":0.751640143}}
2025-05-11 09:49:19 [reactor-http-epoll-1] INFO  c.A.r.f.RequestResponseLoggingFilter - request id : 96785964-8b80-431f-a537-fcc7d01c7327 | Method: GET | URI: http://localhost:8080/favicon.ico | Client IP: 127.0.0.1
2025-05-11 09:49:19 [reactor-http-epoll-1] INFO  c.A.r.f.RequestResponseLoggingFilter - response id : 96785964-8b80-431f-a537-fcc7d01c7327 | Status: 200 OK | Duration: 88ms | Body: [No Body]
2025-05-11 09:54:06 [background-preinit] INFO  o.h.validator.internal.util.Version - HV000001: Hibernate Validator 8.0.1.Final
2025-05-11 09:54:06 [main] INFO  c.A.r.RateServiceApplication - Starting RateServiceApplication using Java 17.0.13 with PID 62982 (/home/mwas/SPRINGBOOT-PROJECTS/Microservices/fx-exchange-system/rate-service/target/classes started by mwas in /home/mwas/SPRINGBOOT-PROJECTS/Microservices/fx-exchange-system)
2025-05-11 09:54:06 [main] INFO  c.A.r.RateServiceApplication - The following 1 profile is active: "dev"
2025-05-11 09:54:13 [main] INFO  o.s.b.w.e.netty.NettyWebServer - Netty started on port 8080
2025-05-11 09:54:13 [main] INFO  c.A.r.RateServiceApplication - Started RateServiceApplication in 9.401 seconds (process running for 11.067)
2025-05-11 09:54:17 [scheduling-1] INFO  c.A.r.i.cache.CacheServiceImpl - cache put for currency :USD rates:{AUD=1.5594902766, BGN=1.7345102305, BRL=5.6478010921, CAD=1.3932901873, CHF=0.8307100994, CNY=7.2365013525, CZK=22.1574237656, DKK=6.6309212233, EUR=0.8884901153, GBP=0.751640143, HKD=7.7750108745, HRK=6.3629711129, HUF=359.1598667231, IDR=16496.323118604, ILS=3.5504105213, INR=85.3791729306, ISK=130.4721193637, JPY=145.3289686856, KRW=1393.9254544357, MXN=19.4421421692, MYR=4.296280781, NOK=10.3640913604, NZD=1.6917201999, PHP=55.3707475816, PLN=3.7599504337, RON=4.5481806023, RUB=82.4831235941, SEK=9.7044609952, SGD=1.2967102211, THB=32.9416839127, TRY=38.7495854585, USD=1.0, ZAR=18.1698420433}
2025-05-11 09:54:17 [scheduling-1] INFO  c.A.r.i.cache.CacheServiceImpl - cache put for currency :EUR rates:{AUD=1.7552139858, BGN=1.9521998058, BRL=6.3566279409, CAD=1.5681549668, CHF=0.9349683076, CNY=8.1447179073, CZK=24.9382895589, DKK=7.4631344898, EUR=1.0, GBP=0.8459746823, HKD=8.7508130261, HRK=7.161555321, HUF=404.2361986231, IDR=18566.6929035378, ILS=3.9960045252, INR=96.0946795697, ISK=146.8470128333, JPY=163.5684699053, KRW=1568.8699631341, MXN=21.8822267512, MYR=4.8354851754, NOK=11.6648358625, NZD=1.9040394156, PHP=62.3200490676, PLN=4.2318427284, RON=5.1189996647, RUB=92.8351617803, SEK=10.9224186382, SGD=1.4594537393, THB=37.0760274599, TRY=43.6128492498, USD=1.1255049243, ZAR=20.4502466943}
2025-05-11 09:54:17 [scheduling-1] INFO  c.A.r.i.cache.CacheServiceImpl - cache put for currency :JPY rates:{AUD=0.0107307599, BGN=0.0119350619, BRL=0.0388621838, CAD=0.009587147, CHF=0.0057160668, CNY=0.0497939359, CZK=0.1524639166, DKK=0.045626975, EUR=0.0061136477, GBP=0.0051719912, HKD=0.0534993879, HRK=0.0437832262, HUF=2.4713577064, IDR=113.5102193857, ILS=0.0244301639, INR=0.5874890168, ISK=0.8977709024, JPY=1.0, KRW=9.5915182434, MXN=0.1337802253, MYR=0.0295624528, NOK=0.071314697, NZD=0.0116406262, PHP=0.3810028247, PLN=0.0258719956, RON=0.0312957605, RUB=0.5675614734, SEK=0.0667758196, SGD=0.008922586, THB=0.22666977, TRY=0.2666335956, USD=0.0068809406, ZAR=0.1250256037}
2025-05-11 09:54:18 [scheduling-1] INFO  c.A.r.i.cache.CacheServiceImpl - cache put for currency :GBP rates:{AUD=2.0747831141, BGN=2.3076338413, BRL=7.5139694769, CAD=1.8536665455, CHF=1.1051965587, CNY=9.6276142512, CZK=29.4787658322, DKK=8.8219359823, EUR=1.182068472, GBP=1.0, HKD=10.3440601821, HRK=8.4654487552, HUF=477.8348656175, IDR=21947.1023098403, ILS=4.723550963, INR=113.5904910425, ISK=173.5832240718, JPY=193.3491312818, KRW=1854.5117200262, MXN=25.8662903389, MYR=5.7158745724, NOK=13.7886347036, NZD=2.2507049625, PHP=73.6665651739, PLN=5.0023278676, RON=6.0510081116, RUB=109.7375178299, SEK=12.9110467098, SGD=1.7251742515, THB=43.8264031259, TRY=51.5533740705, USD=1.3304238861, ZAR=24.1735918611}
2025-05-11 09:54:18 [scheduling-1] INFO  c.A.r.i.cache.CacheServiceImpl - cache put for currency :CAD rates:{AUD=1.1192860546, BGN=1.2449023515, BRL=4.053571283, CAD=1.0, CHF=0.5962218833, CNY=5.1938220899, CZK=15.9029496996, DKK=4.7591817439, EUR=0.6376920784, GBP=0.5394713534, HKD=5.5803241459, HRK=4.566867097, HUF=257.7782216489, IDR=11839.8329859565, ILS=2.5482204308, INR=61.2788159343, ISK=93.6431768148, JPY=104.3063175283, KRW=1000.4559474699, MXN=13.9541226562, MYR=3.0835505914, NOK=7.4385734249, NZD=1.2141908522, PHP=39.7410016135, PLN=2.6986125848, RON=3.2643455353, RUB=59.2002472607, SEK=6.9651398421, SGD=0.9306820883, THB=23.6430890083, TRY=27.8115684814, USD=0.7177255744, ZAR=13.0409603175}
2025-05-11 09:54:18 [scheduling-1] INFO  c.A.r.i.cache.CacheServiceImpl - cache put for currency :CHF rates:{AUD=1.8772978416, BGN=2.0879850043, BRL=6.7987630055, CAD=1.6772279382, CHF=1.0, CNY=8.7112235156, CZK=26.6728715368, DKK=7.982232584, EUR=1.0695549698, GBP=0.9048164258, HKD=9.3594755621, HRK=7.6596770853, HUF=432.352835222, IDR=19858.0986682585, ILS=4.2739464993, INR=102.7785421079, ISK=157.0609523803, JPY=174.9454698945, KRW=1677.9926660847, MXN=23.4042443727, MYR=5.1718172009, NOK=12.4761831689, NZD=2.0364748197, PHP=66.6547182002, PLN=4.5261884217, RON=5.4750515319, RUB=99.292308657, SEK=11.682127137, SGD=1.5609660001, THB=39.6548494312, TRY=46.6463396635, USD=1.2037893854, ZAR=21.8726629861}
2025-05-11 09:54:19 [scheduling-1] INFO  c.A.r.i.cache.CacheServiceImpl - cache put for currency :AUD rates:{AUD=1.0, BGN=1.1122289485, BRL=3.6215686477, CAD=0.8934266588, CHF=0.5326805251, CNY=4.6402991164, CZK=14.2081192157, DKK=4.2519798442, EUR=0.5697311029, GBP=0.4819780888, HKD=4.9856103569, HRK=4.0801608118, HUF=230.3059352868, IDR=10578.0224257437, ILS=2.2766480654, INR=54.7481277772, ISK=83.6633105839, JPY=93.1900447641, KRW=893.8340144542, MXN=12.4669851816, MYR=2.7549263022, NOK=6.6458198015, NZD=1.0847904763, PHP=35.5056702901, PLN=2.4110124251, RON=2.9164533249, RUB=52.891079112, SEK=6.2228416174, SGD=0.8314961886, THB=21.1233660171, TRY=24.8475967051, USD=0.6412351619, ZAR=11.6511416044}
2025-05-11 09:54:32 [reactor-http-epoll-1] INFO  c.A.r.f.RequestResponseLoggingFilter - request{
       requestId: de0c706a-d471-4c67-a205-d564ece5386c
       clientIp: 0:0:0:0:0:0:0:1%0
       method: GET
       uri: http://localhost:8080/api/v1/rateService/rate?from=NYS&to=CAD
}
2025-05-11 09:54:33 [reactor-http-epoll-1] INFO  c.A.r.f.RequestResponseLoggingFilter - response{
        responseId: de0c706a-d471-4c67-a205-d564ece5386c
        status: 422 UNPROCESSABLE_ENTITY
        duration: 836ms
        body: {"responseMessage":"WebClient error: 422 Unprocessable Entity from GET https://api.freecurrencyapi.com/v1/latest","responseCode":422,"path":"/api/v1/rateService/rate"}
}
2025-05-11 09:58:49 [reactor-http-epoll-2] INFO  c.A.r.f.RequestResponseLoggingFilter - request{
       requestId: 06e6fc1d-3361-4a48-9862-0ce1b2fd7bb7
       clientIp: 127.0.0.1
       method: GET
       uri: http://localhost:8080/
}
2025-05-11 09:58:49 [reactor-http-epoll-2] INFO  c.A.r.f.RequestResponseLoggingFilter - response{
        responseId: 06e6fc1d-3361-4a48-9862-0ce1b2fd7bb7
        status: 200 OK
        duration: 21ms
        body: [No Body]
}
2025-05-11 10:04:13 [reactor-http-epoll-3] WARN  r.n.http.client.HttpClientConnect - [93e1a34d-9, L:/192.168.1.197:52968 - R:api.freecurrencyapi.com/104.21.14.78:443] The connection observed an error, the request cannot be retried as the headers/body were sent
io.netty.channel.unix.Errors$NativeIoException: recvAddress(..) failed: Connection reset by peer
2025-05-11 10:04:13 [scheduling-1] ERROR o.s.s.s.TaskUtils$LoggingErrorHandler - Unexpected error occurred in scheduled task
org.springframework.web.reactive.function.client.WebClientRequestException: recvAddress(..) failed: Connection reset by peer
	at org.springframework.web.reactive.function.client.ExchangeFunctions$DefaultExchangeFunction.lambda$wrapException$9(ExchangeFunctions.java:136)
	Suppressed: reactor.core.publisher.FluxOnAssembly$OnAssemblyException: 
Error has been observed at the following site(s):
	*__checkpoint ⇢ Request to GET https://api.freecurrencyapi.com/v1/latest [DefaultWebClient]
Original Stack Trace:
		at org.springframework.web.reactive.function.client.ExchangeFunctions$DefaultExchangeFunction.lambda$wrapException$9(ExchangeFunctions.java:136)
		at reactor.core.publisher.MonoErrorSupplied.subscribe(MonoErrorSupplied.java:55)
		at reactor.core.publisher.Mono.subscribe(Mono.java:4495)
		at reactor.core.publisher.FluxOnErrorResume$ResumeSubscriber.onError(FluxOnErrorResume.java:103)
		at reactor.core.publisher.FluxPeek$PeekSubscriber.onError(FluxPeek.java:222)
		at reactor.core.publisher.FluxPeek$PeekSubscriber.onError(FluxPeek.java:222)
		at reactor.core.publisher.FluxPeek$PeekSubscriber.onError(FluxPeek.java:222)
		at reactor.core.publisher.MonoNext$NextSubscriber.onError(MonoNext.java:93)
		at reactor.core.publisher.MonoFlatMapMany$FlatMapManyMain.onError(MonoFlatMapMany.java:204)
		at reactor.core.publisher.SerializedSubscriber.onError(SerializedSubscriber.java:124)
		at reactor.core.publisher.FluxRetryWhen$RetryWhenMainSubscriber.whenError(FluxRetryWhen.java:225)
		at reactor.core.publisher.FluxRetryWhen$RetryWhenOtherSubscriber.onError(FluxRetryWhen.java:274)
		at reactor.core.publisher.FluxContextWrite$ContextWriteSubscriber.onError(FluxContextWrite.java:121)
		at reactor.core.publisher.FluxConcatMapNoPrefetch$FluxConcatMapNoPrefetchSubscriber.maybeOnError(FluxConcatMapNoPrefetch.java:326)
		at reactor.core.publisher.FluxConcatMapNoPrefetch$FluxConcatMapNoPrefetchSubscriber.onNext(FluxConcatMapNoPrefetch.java:211)
		at reactor.core.publisher.FluxContextWrite$ContextWriteSubscriber.onNext(FluxContextWrite.java:107)
		at reactor.core.publisher.SinkManyEmitterProcessor.drain(SinkManyEmitterProcessor.java:471)
		at reactor.core.publisher.SinkManyEmitterProcessor$EmitterInner.drainParent(SinkManyEmitterProcessor.java:615)
		at reactor.core.publisher.FluxPublish$PubSubInner.request(FluxPublish.java:873)
		at reactor.core.publisher.FluxContextWrite$ContextWriteSubscriber.request(FluxContextWrite.java:136)
		at reactor.core.publisher.FluxConcatMapNoPrefetch$FluxConcatMapNoPrefetchSubscriber.request(FluxConcatMapNoPrefetch.java:336)
		at reactor.core.publisher.FluxContextWrite$ContextWriteSubscriber.request(FluxContextWrite.java:136)
		at reactor.core.publisher.Operators$DeferredSubscription.request(Operators.java:1717)
		at reactor.core.publisher.FluxRetryWhen$RetryWhenMainSubscriber.onError(FluxRetryWhen.java:192)
		at reactor.core.publisher.MonoCreate$DefaultMonoSink.error(MonoCreate.java:201)
		at reactor.netty.http.client.HttpClientConnect$HttpObserver.onUncaughtException(HttpClientConnect.java:403)
		at reactor.netty.ReactorNetty$CompositeConnectionObserver.onUncaughtException(ReactorNetty.java:703)
		at reactor.netty.resources.DefaultPooledConnectionProvider$DisposableAcquire.onUncaughtException(DefaultPooledConnectionProvider.java:223)
		at reactor.netty.resources.DefaultPooledConnectionProvider$PooledConnection.onUncaughtException(DefaultPooledConnectionProvider.java:476)
		at reactor.netty.channel.FluxReceive.drainReceiver(FluxReceive.java:247)
		at reactor.netty.channel.FluxReceive.onInboundError(FluxReceive.java:468)
		at reactor.netty.channel.ChannelOperations.onInboundError(ChannelOperations.java:515)
		at reactor.netty.channel.ChannelOperationsHandler.exceptionCaught(ChannelOperationsHandler.java:145)
		at io.netty.channel.AbstractChannelHandlerContext.invokeExceptionCaught(AbstractChannelHandlerContext.java:346)
		at io.netty.channel.AbstractChannelHandlerContext.invokeExceptionCaught(AbstractChannelHandlerContext.java:325)
		at io.netty.channel.AbstractChannelHandlerContext.fireExceptionCaught(AbstractChannelHandlerContext.java:317)
		at io.netty.channel.CombinedChannelDuplexHandler$DelegatingChannelHandlerContext.fireExceptionCaught(CombinedChannelDuplexHandler.java:424)
		at io.netty.channel.ChannelHandlerAdapter.exceptionCaught(ChannelHandlerAdapter.java:92)
		at io.netty.channel.CombinedChannelDuplexHandler$1.fireExceptionCaught(CombinedChannelDuplexHandler.java:145)
		at io.netty.channel.ChannelInboundHandlerAdapter.exceptionCaught(ChannelInboundHandlerAdapter.java:143)
		at io.netty.channel.CombinedChannelDuplexHandler.exceptionCaught(CombinedChannelDuplexHandler.java:231)
		at io.netty.channel.AbstractChannelHandlerContext.invokeExceptionCaught(AbstractChannelHandlerContext.java:346)
		at io.netty.channel.AbstractChannelHandlerContext.invokeExceptionCaught(AbstractChannelHandlerContext.java:325)
		at io.netty.channel.AbstractChannelHandlerContext.fireExceptionCaught(AbstractChannelHandlerContext.java:317)
		at io.netty.handler.ssl.SslHandler.exceptionCaught(SslHandler.java:1204)
		at io.netty.channel.AbstractChannelHandlerContext.invokeExceptionCaught(AbstractChannelHandlerContext.java:346)
		at io.netty.channel.AbstractChannelHandlerContext.invokeExceptionCaught(AbstractChannelHandlerContext.java:325)
		at io.netty.channel.AbstractChannelHandlerContext.fireExceptionCaught(AbstractChannelHandlerContext.java:317)
		at io.netty.channel.DefaultChannelPipeline$HeadContext.exceptionCaught(DefaultChannelPipeline.java:1377)
		at io.netty.channel.AbstractChannelHandlerContext.invokeExceptionCaught(AbstractChannelHandlerContext.java:346)
		at io.netty.channel.AbstractChannelHandlerContext.invokeExceptionCaught(AbstractChannelHandlerContext.java:325)
		at io.netty.channel.DefaultChannelPipeline.fireExceptionCaught(DefaultChannelPipeline.java:907)
		at io.netty.channel.epoll.AbstractEpollStreamChannel$EpollStreamUnsafe.handleReadException(AbstractEpollStreamChannel.java:728)
		at io.netty.channel.epoll.AbstractEpollStreamChannel$EpollStreamUnsafe.epollInReady(AbstractEpollStreamChannel.java:826)
		at io.netty.channel.epoll.EpollEventLoop.processReady(EpollEventLoop.java:509)
		at io.netty.channel.epoll.EpollEventLoop.run(EpollEventLoop.java:407)
		at io.netty.util.concurrent.SingleThreadEventExecutor$4.run(SingleThreadEventExecutor.java:997)
		at io.netty.util.internal.ThreadExecutorMap$2.run(ThreadExecutorMap.java:74)
		at io.netty.util.concurrent.FastThreadLocalRunnable.run(FastThreadLocalRunnable.java:30)
		at java.base/java.lang.Thread.run(Thread.java:840)
	Suppressed: java.lang.Exception: #block terminated with an error
		at reactor.core.publisher.BlockingSingleSubscriber.blockingGet(BlockingSingleSubscriber.java:103)
		at reactor.core.publisher.Mono.block(Mono.java:1712)
		at com.AnvilShieldGroup.rate_service.infrastructure.scheduler.SchedulerServiceImpl.preFetchMajorCurrenciesRates(SchedulerServiceImpl.java:33)
		at java.base/jdk.internal.reflect.NativeMethodAccessorImpl.invoke0(Native Method)
		at java.base/jdk.internal.reflect.NativeMethodAccessorImpl.invoke(NativeMethodAccessorImpl.java:77)
		at java.base/jdk.internal.reflect.DelegatingMethodAccessorImpl.invoke(DelegatingMethodAccessorImpl.java:43)
		at java.base/java.lang.reflect.Method.invoke(Method.java:569)
		at org.springframework.scheduling.support.ScheduledMethodRunnable.run(ScheduledMethodRunnable.java:84)
		at org.springframework.scheduling.support.DelegatingErrorHandlingRunnable.run(DelegatingErrorHandlingRunnable.java:54)
		at java.base/java.util.concurrent.Executors$RunnableAdapter.call(Executors.java:539)
		at java.base/java.util.concurrent.FutureTask.runAndReset(FutureTask.java:305)
		at java.base/java.util.concurrent.ScheduledThreadPoolExecutor$ScheduledFutureTask.run(ScheduledThreadPoolExecutor.java:305)
		at java.base/java.util.concurrent.ThreadPoolExecutor.runWorker(ThreadPoolExecutor.java:1136)
		at java.base/java.util.concurrent.ThreadPoolExecutor$Worker.run(ThreadPoolExecutor.java:635)
		at java.base/java.lang.Thread.run(Thread.java:840)
Caused by: io.netty.channel.unix.Errors$NativeIoException: recvAddress(..) failed: Connection reset by peer
2025-05-11 10:11:28 [background-preinit] INFO  o.h.validator.internal.util.Version - HV000001: Hibernate Validator 8.0.1.Final
2025-05-11 10:11:29 [main] INFO  c.A.r.RateServiceApplication - Starting RateServiceApplication using Java 17.0.13 with PID 86489 (/home/mwas/SPRINGBOOT-PROJECTS/Microservices/fx-exchange-system/rate-service/target/classes started by mwas in /home/mwas/SPRINGBOOT-PROJECTS/Microservices/fx-exchange-system)
2025-05-11 10:11:29 [main] INFO  c.A.r.RateServiceApplication - The following 1 profile is active: "dev"
2025-05-11 10:11:41 [main] INFO  o.s.b.w.e.netty.NettyWebServer - Netty started on port 8080
2025-05-11 10:11:41 [main] INFO  c.A.r.RateServiceApplication - Started RateServiceApplication in 15.01 seconds (process running for 18.656)
2025-05-11 10:11:44 [scheduling-1] INFO  c.A.r.i.cache.CacheServiceImpl - cache put for currency :USD rates:{AUD=1.5594902766, BGN=1.7345102305, BRL=5.6478010921, CAD=1.3932901873, CHF=0.8307100994, CNY=7.2365013525, CZK=22.1574237656, DKK=6.6309212233, EUR=0.8884901153, GBP=0.751640143, HKD=7.7750108745, HRK=6.3629711129, HUF=359.1598667231, IDR=16496.323118604, ILS=3.5504105213, INR=85.3791729306, ISK=130.4721193637, JPY=145.3289686856, KRW=1393.9254544357, MXN=19.4421421692, MYR=4.296280781, NOK=10.3640913604, NZD=1.6917201999, PHP=55.3707475816, PLN=3.7599504337, RON=4.5481806023, RUB=82.4831235941, SEK=9.7044609952, SGD=1.2967102211, THB=32.9416839127, TRY=38.7495854585, USD=1.0, ZAR=18.1698420433}
2025-05-11 10:11:45 [scheduling-1] INFO  c.A.r.i.cache.CacheServiceImpl - cache put for currency :EUR rates:{AUD=1.7552139858, BGN=1.9521998058, BRL=6.3566279409, CAD=1.5681549668, CHF=0.9349683076, CNY=8.1447179073, CZK=24.9382895589, DKK=7.4631344898, EUR=1.0, GBP=0.8459746823, HKD=8.7508130261, HRK=7.161555321, HUF=404.2361986231, IDR=18566.6929035378, ILS=3.9960045252, INR=96.0946795697, ISK=146.8470128333, JPY=163.5684699053, KRW=1568.8699631341, MXN=21.8822267512, MYR=4.8354851754, NOK=11.6648358625, NZD=1.9040394156, PHP=62.3200490676, PLN=4.2318427284, RON=5.1189996647, RUB=92.8351617803, SEK=10.9224186382, SGD=1.4594537393, THB=37.0760274599, TRY=43.6128492498, USD=1.1255049243, ZAR=20.4502466943}
2025-05-11 10:11:45 [scheduling-1] INFO  c.A.r.i.cache.CacheServiceImpl - cache put for currency :JPY rates:{AUD=0.0107307599, BGN=0.0119350619, BRL=0.0388621838, CAD=0.009587147, CHF=0.0057160668, CNY=0.0497939359, CZK=0.1524639166, DKK=0.045626975, EUR=0.0061136477, GBP=0.0051719912, HKD=0.0534993879, HRK=0.0437832262, HUF=2.4713577064, IDR=113.5102193857, ILS=0.0244301639, INR=0.5874890168, ISK=0.8977709024, JPY=1.0, KRW=9.5915182434, MXN=0.1337802253, MYR=0.0295624528, NOK=0.071314697, NZD=0.0116406262, PHP=0.3810028247, PLN=0.0258719956, RON=0.0312957605, RUB=0.5675614734, SEK=0.0667758196, SGD=0.008922586, THB=0.22666977, TRY=0.2666335956, USD=0.0068809406, ZAR=0.1250256037}
2025-05-11 10:11:45 [scheduling-1] INFO  c.A.r.i.cache.CacheServiceImpl - cache put for currency :GBP rates:{AUD=2.0747831141, BGN=2.3076338413, BRL=7.5139694769, CAD=1.8536665455, CHF=1.1051965587, CNY=9.6276142512, CZK=29.4787658322, DKK=8.8219359823, EUR=1.182068472, GBP=1.0, HKD=10.3440601821, HRK=8.4654487552, HUF=477.8348656175, IDR=21947.1023098403, ILS=4.723550963, INR=113.5904910425, ISK=173.5832240718, JPY=193.3491312818, KRW=1854.5117200262, MXN=25.8662903389, MYR=5.7158745724, NOK=13.7886347036, NZD=2.2507049625, PHP=73.6665651739, PLN=5.0023278676, RON=6.0510081116, RUB=109.7375178299, SEK=12.9110467098, SGD=1.7251742515, THB=43.8264031259, TRY=51.5533740705, USD=1.3304238861, ZAR=24.1735918611}
2025-05-11 10:11:46 [scheduling-1] INFO  c.A.r.i.cache.CacheServiceImpl - cache put for currency :CAD rates:{AUD=1.1192860546, BGN=1.2449023515, BRL=4.053571283, CAD=1.0, CHF=0.5962218833, CNY=5.1938220899, CZK=15.9029496996, DKK=4.7591817439, EUR=0.6376920784, GBP=0.5394713534, HKD=5.5803241459, HRK=4.566867097, HUF=257.7782216489, IDR=11839.8329859565, ILS=2.5482204308, INR=61.2788159343, ISK=93.6431768148, JPY=104.3063175283, KRW=1000.4559474699, MXN=13.9541226562, MYR=3.0835505914, NOK=7.4385734249, NZD=1.2141908522, PHP=39.7410016135, PLN=2.6986125848, RON=3.2643455353, RUB=59.2002472607, SEK=6.9651398421, SGD=0.9306820883, THB=23.6430890083, TRY=27.8115684814, USD=0.7177255744, ZAR=13.0409603175}
2025-05-11 10:11:46 [scheduling-1] INFO  c.A.r.i.cache.CacheServiceImpl - cache put for currency :CHF rates:{AUD=1.8772978416, BGN=2.0879850043, BRL=6.7987630055, CAD=1.6772279382, CHF=1.0, CNY=8.7112235156, CZK=26.6728715368, DKK=7.982232584, EUR=1.0695549698, GBP=0.9048164258, HKD=9.3594755621, HRK=7.6596770853, HUF=432.352835222, IDR=19858.0986682585, ILS=4.2739464993, INR=102.7785421079, ISK=157.0609523803, JPY=174.9454698945, KRW=1677.9926660847, MXN=23.4042443727, MYR=5.1718172009, NOK=12.4761831689, NZD=2.0364748197, PHP=66.6547182002, PLN=4.5261884217, RON=5.4750515319, RUB=99.292308657, SEK=11.682127137, SGD=1.5609660001, THB=39.6548494312, TRY=46.6463396635, USD=1.2037893854, ZAR=21.8726629861}
2025-05-11 10:11:47 [scheduling-1] INFO  c.A.r.i.cache.CacheServiceImpl - cache put for currency :AUD rates:{AUD=1.0, BGN=1.1122289485, BRL=3.6215686477, CAD=0.8934266588, CHF=0.5326805251, CNY=4.6402991164, CZK=14.2081192157, DKK=4.2519798442, EUR=0.5697311029, GBP=0.4819780888, HKD=4.9856103569, HRK=4.0801608118, HUF=230.3059352868, IDR=10578.0224257437, ILS=2.2766480654, INR=54.7481277772, ISK=83.6633105839, JPY=93.1900447641, KRW=893.8340144542, MXN=12.4669851816, MYR=2.7549263022, NOK=6.6458198015, NZD=1.0847904763, PHP=35.5056702901, PLN=2.4110124251, RON=2.9164533249, RUB=52.891079112, SEK=6.2228416174, SGD=0.8314961886, THB=21.1233660171, TRY=24.8475967051, USD=0.6412351619, ZAR=11.6511416044}
2025-05-11 10:11:49 [reactor-http-epoll-2] INFO  c.A.r.f.RequestResponseLoggingFilter - ID: d25f07b4-0bcb-4831-ad82-8a989d008f0f Method: GET URI:http://localhost:8080/api/v1/rateService/rate?from=NYS&to=CAD | Req Body: [No Body] | Status: 422 UNPROCESSABLE_ENTITY | Duration: 1744ms | Res Body: {"responseMessage":"WebClient error: 422 Unprocessable Entity from GET https://api.freecurrencyapi.com/v1/latest","responseCode":422,"path":"/api/v1/rateService/rate"}
