2025-05-12 07:53:05 [reactor-http-epoll-1] INFO  c.A.r.filter.SecurityFilter - Request ID: null - API Key Auth SUCCESS for /api/v1/rateService/rate
2025-05-12 07:53:57 [reactor-http-epoll-1] WARN  r.n.http.client.HttpClientConnect - [f3d90756-1, L:/192.168.1.197:42080 ! R:api.freecurrencyapi.com/104.21.14.78:443] The connection observed an error
reactor.netty.http.client.PrematureCloseException: Connection has been closed BEFORE response, while sending request body
Caused by: io.netty.channel.unix.Errors$NativeIoException: writevAddresses(..) failed: Broken pipe
2025-05-12 07:53:58 [reactor-http-epoll-1] INFO  c.A.r.f.RequestResponseLoggingFilter - ID: f033b58f-711f-46f6-81a6-425e2729ab22 Method: GET URI:http://localhost:8080/api/v1/rateService/rate?from=NZD&to=CAD | Req Body: [No Body] | Status: 500 INTERNAL_SERVER_ERROR | Duration: 48192ms | Res Body: {"responseMessage":"An unexpected error occurred: Connection has been closed BEFORE response, while sending request body","responseCode":500,"path":"/api/v1/rateService/rate"}
2025-05-12 07:55:05 [reactor-http-epoll-3] INFO  c.A.r.filter.SecurityFilter - Request ID: null - API Key Auth SUCCESS for /api/v1/rateService/rate
2025-05-12 07:55:24 [reactor-http-epoll-3] INFO  c.A.r.i.cache.CacheServiceImpl - cache put for currency :NZD rates:{CAD=0.8245245753}
2025-05-12 07:55:25 [reactor-http-epoll-3] INFO  c.A.r.f.RequestResponseLoggingFilter - ID: c81d2ed2-d3da-47cb-a270-907c8f9f9a7c Method: GET URI:http://localhost:8080/api/v1/rateService/rate?from=NZD&to=CAD | Req Body: [No Body] | Status: 200 OK | Duration: 19830ms | Res Body: {"responseStatus":"success","data":{"to":"CAD","from":"NZD","rate":0.8245245753}}
2025-05-12 08:00:13 [scheduling-1] INFO  c.A.r.i.cache.CacheServiceImpl - cache put for currency :USD rates:{AUD=1.556970218, BGN=1.736430195, BRL=5.6405505826, CAD=1.3923501888, CHF=0.8337801336, CNY=7.2445112219, CZK=22.131144056, DKK=6.6421813193, EUR=0.8901301515, GBP=0.7524701236, HKD=7.774431114, HRK=6.3700109778, HUF=359.1598433852, IDR=16514.569917763, ILS=3.5419106776, INR=85.4736143512, ISK=130.6164336577, JPY=145.8050095508, KRW=1392.3671118641, MXN=19.4318131686, MYR=4.301030491, NOK=10.366081379, NZD=1.6886703325, PHP=55.4205558474, PLN=3.7645906582, RON=4.5560708762, RUB=82.4720237766, SEK=9.7124814368, SGD=1.2948901428, THB=33.0665356885, TRY=38.7513577258, USD=1.0, ZAR=18.2065723497}
2025-05-12 08:00:18 [reactor-http-epoll-3] WARN  r.n.http.client.HttpClientConnect - [edfe5794-3, L:/192.168.1.197:38404 - R:api.freecurrencyapi.com/172.67.202.166:443] The connection observed an error
io.netty.handler.timeout.ReadTimeoutException: null
2025-05-12 08:00:18 [scheduling-1] ERROR o.s.s.s.TaskUtils$LoggingErrorHandler - Unexpected error occurred in scheduled task
org.springframework.web.reactive.function.client.WebClientRequestException: null
	at org.springframework.web.reactive.function.client.ExchangeFunctions$DefaultExchangeFunction.lambda$wrapException$9(ExchangeFunctions.java:136)
	Suppressed: reactor.core.publisher.FluxOnAssembly$OnAssemblyException: 
Error has been observed at the following site(s):
	*__checkpoint ⇢ Request to GET https://api.freecurrencyapi.com/v1/latest [DefaultWebClient]
Original Stack Trace:
		at org.springframework.web.reactive.function.client.ExchangeFunctions$DefaultExchangeFunction.lambda$wrapException$9(ExchangeFunctions.java:136)
		at reactor.core.publisher.MonoErrorSupplied.subscribe(MonoErrorSupplied.java:55)
		at reactor.core.publisher.Mono.subscribe(Mono.java:4495)
		at reactor.core.publisher.FluxOnErrorResume$ResumeSubscriber.onError(FluxOnErrorResume.java:103)
		at reactor.core.publisher.FluxPeek$PeekSubscriber.onError(FluxPeek.java:222)
		at reactor.core.publisher.FluxPeek$PeekSubscriber.onError(FluxPeek.java:222)
		at reactor.core.publisher.FluxPeek$PeekSubscriber.onError(FluxPeek.java:222)
		at reactor.core.publisher.MonoNext$NextSubscriber.onError(MonoNext.java:93)
		at reactor.core.publisher.MonoFlatMapMany$FlatMapManyMain.onError(MonoFlatMapMany.java:204)
		at reactor.core.publisher.SerializedSubscriber.onError(SerializedSubscriber.java:124)
		at reactor.core.publisher.FluxRetryWhen$RetryWhenMainSubscriber.whenError(FluxRetryWhen.java:225)
		at reactor.core.publisher.FluxRetryWhen$RetryWhenOtherSubscriber.onError(FluxRetryWhen.java:274)
		at reactor.core.publisher.FluxContextWrite$ContextWriteSubscriber.onError(FluxContextWrite.java:121)
		at reactor.core.publisher.FluxConcatMapNoPrefetch$FluxConcatMapNoPrefetchSubscriber.maybeOnError(FluxConcatMapNoPrefetch.java:326)
		at reactor.core.publisher.FluxConcatMapNoPrefetch$FluxConcatMapNoPrefetchSubscriber.onNext(FluxConcatMapNoPrefetch.java:211)
		at reactor.core.publisher.FluxContextWrite$ContextWriteSubscriber.onNext(FluxContextWrite.java:107)
		at reactor.core.publisher.SinkManyEmitterProcessor.drain(SinkManyEmitterProcessor.java:471)
		at reactor.core.publisher.SinkManyEmitterProcessor$EmitterInner.drainParent(SinkManyEmitterProcessor.java:615)
		at reactor.core.publisher.FluxPublish$PubSubInner.request(FluxPublish.java:873)
		at reactor.core.publisher.FluxContextWrite$ContextWriteSubscriber.request(FluxContextWrite.java:136)
		at reactor.core.publisher.FluxConcatMapNoPrefetch$FluxConcatMapNoPrefetchSubscriber.request(FluxConcatMapNoPrefetch.java:336)
		at reactor.core.publisher.FluxContextWrite$ContextWriteSubscriber.request(FluxContextWrite.java:136)
		at reactor.core.publisher.Operators$DeferredSubscription.request(Operators.java:1717)
		at reactor.core.publisher.FluxRetryWhen$RetryWhenMainSubscriber.onError(FluxRetryWhen.java:192)
		at reactor.core.publisher.MonoCreate$DefaultMonoSink.error(MonoCreate.java:201)
		at reactor.netty.http.client.HttpClientConnect$HttpObserver.onUncaughtException(HttpClientConnect.java:403)
		at reactor.netty.ReactorNetty$CompositeConnectionObserver.onUncaughtException(ReactorNetty.java:703)
		at reactor.netty.resources.DefaultPooledConnectionProvider$DisposableAcquire.onUncaughtException(DefaultPooledConnectionProvider.java:223)
		at reactor.netty.resources.DefaultPooledConnectionProvider$PooledConnection.onUncaughtException(DefaultPooledConnectionProvider.java:476)
		at reactor.netty.channel.FluxReceive.drainReceiver(FluxReceive.java:247)
		at reactor.netty.channel.FluxReceive.onInboundError(FluxReceive.java:468)
		at reactor.netty.channel.ChannelOperations.onInboundError(ChannelOperations.java:515)
		at reactor.netty.channel.ChannelOperationsHandler.exceptionCaught(ChannelOperationsHandler.java:145)
		at io.netty.channel.AbstractChannelHandlerContext.invokeExceptionCaught(AbstractChannelHandlerContext.java:346)
		at io.netty.channel.AbstractChannelHandlerContext.invokeExceptionCaught(AbstractChannelHandlerContext.java:325)
		at io.netty.channel.AbstractChannelHandlerContext.fireExceptionCaught(AbstractChannelHandlerContext.java:317)
		at io.netty.handler.timeout.ReadTimeoutHandler.readTimedOut(ReadTimeoutHandler.java:98)
		at io.netty.handler.timeout.ReadTimeoutHandler.channelIdle(ReadTimeoutHandler.java:90)
		at io.netty.handler.timeout.IdleStateHandler$ReaderIdleTimeoutTask.run(IdleStateHandler.java:525)
		at io.netty.handler.timeout.IdleStateHandler$AbstractIdleTask.run(IdleStateHandler.java:497)
		at io.netty.util.concurrent.PromiseTask.runTask(PromiseTask.java:98)
		at io.netty.util.concurrent.ScheduledFutureTask.run(ScheduledFutureTask.java:153)
		at io.netty.util.concurrent.AbstractEventExecutor.runTask(AbstractEventExecutor.java:173)
		at io.netty.util.concurrent.AbstractEventExecutor.safeExecute(AbstractEventExecutor.java:166)
		at io.netty.util.concurrent.SingleThreadEventExecutor.runAllTasks(SingleThreadEventExecutor.java:470)
		at io.netty.channel.epoll.EpollEventLoop.run(EpollEventLoop.java:416)
		at io.netty.util.concurrent.SingleThreadEventExecutor$4.run(SingleThreadEventExecutor.java:997)
		at io.netty.util.internal.ThreadExecutorMap$2.run(ThreadExecutorMap.java:74)
		at io.netty.util.concurrent.FastThreadLocalRunnable.run(FastThreadLocalRunnable.java:30)
		at java.base/java.lang.Thread.run(Thread.java:840)
	Suppressed: java.lang.Exception: #block terminated with an error
		at reactor.core.publisher.BlockingSingleSubscriber.blockingGet(BlockingSingleSubscriber.java:103)
		at reactor.core.publisher.Mono.block(Mono.java:1712)
		at com.AnvilShieldGroup.rate_service.infrastructure.scheduler.SchedulerServiceImpl.preFetchMajorCurrenciesRates(SchedulerServiceImpl.java:33)
		at jdk.internal.reflect.GeneratedMethodAccessor3.invoke(Unknown Source)
		at java.base/jdk.internal.reflect.DelegatingMethodAccessorImpl.invoke(DelegatingMethodAccessorImpl.java:43)
		at java.base/java.lang.reflect.Method.invoke(Method.java:569)
		at org.springframework.scheduling.support.ScheduledMethodRunnable.run(ScheduledMethodRunnable.java:84)
		at org.springframework.scheduling.support.DelegatingErrorHandlingRunnable.run(DelegatingErrorHandlingRunnable.java:54)
		at java.base/java.util.concurrent.Executors$RunnableAdapter.call(Executors.java:539)
		at java.base/java.util.concurrent.FutureTask.runAndReset(FutureTask.java:305)
		at java.base/java.util.concurrent.ScheduledThreadPoolExecutor$ScheduledFutureTask.run(ScheduledThreadPoolExecutor.java:305)
		at java.base/java.util.concurrent.ThreadPoolExecutor.runWorker(ThreadPoolExecutor.java:1136)
		at java.base/java.util.concurrent.ThreadPoolExecutor$Worker.run(ThreadPoolExecutor.java:635)
		at java.base/java.lang.Thread.run(Thread.java:840)
Caused by: io.netty.handler.timeout.ReadTimeoutException: null
2025-05-12 08:07:00 [background-preinit] INFO  o.h.validator.internal.util.Version - HV000001: Hibernate Validator 8.0.1.Final
2025-05-12 08:07:00 [main] INFO  c.A.r.RateServiceApplication - Starting RateServiceApplication using Java 17.0.13 with PID 266171 (/home/mwas/SPRINGBOOT-PROJECTS/Microservices/fx-exchange-system/rate-service/target/classes started by mwas in /home/mwas/SPRINGBOOT-PROJECTS/Microservices/fx-exchange-system)
2025-05-12 08:07:00 [main] INFO  c.A.r.RateServiceApplication - The following 1 profile is active: "dev"
2025-05-12 08:07:10 [main] INFO  o.s.b.w.e.netty.NettyWebServer - Netty started on port 8080
2025-05-12 08:07:10 [main] INFO  c.A.r.RateServiceApplication - Started RateServiceApplication in 12.126 seconds (process running for 15.878)
2025-05-12 08:07:12 [scheduling-1] INFO  c.A.r.i.cache.CacheServiceImpl - cache put for currency :USD rates:{AUD=1.556970218, BGN=1.736430195, BRL=5.6405505826, CAD=1.3923501888, CHF=0.8337801336, CNY=7.2445112219, CZK=22.131144056, DKK=6.6421813193, EUR=0.8901301515, GBP=0.7524701236, HKD=7.774431114, HRK=6.3700109778, HUF=359.1598433852, IDR=16514.569917763, ILS=3.5419106776, INR=85.4736143512, ISK=130.6164336577, JPY=145.8050095508, KRW=1392.3671118641, MXN=19.4318131686, MYR=4.301030491, NOK=10.366081379, NZD=1.6886703325, PHP=55.4205558474, PLN=3.7645906582, RON=4.5560708762, RUB=82.4720237766, SEK=9.7124814368, SGD=1.2948901428, THB=33.0665356885, TRY=38.7513577258, USD=1.0, ZAR=18.2065723497}
2025-05-12 08:07:13 [scheduling-1] INFO  c.A.r.i.cache.CacheServiceImpl - cache put for currency :EUR rates:{AUD=1.7491489479, BGN=1.9507598884, BRL=6.3367706094, CAD=1.5642096681, CHF=0.9366946308, CNY=8.1387100636, CZK=24.8628181156, DKK=7.4620338476, EUR=1.0, GBP=0.8453484272, HKD=8.7340386132, HRK=7.1562691895, HUF=403.4913801987, IDR=18552.9833922978, ILS=3.9790930255, INR=96.0237266507, ISK=146.7385791141, JPY=163.8018994246, KRW=1564.2286799495, MXN=21.8303055299, MYR=4.8319119218, NOK=11.6455794263, NZD=1.8971049679, PHP=62.2611825406, PLN=4.2292586672, RON=5.1184322523, RUB=92.6516460965, SEK=10.9113048473, SGD=1.4547200099, THB=37.1479784532, TRY=43.5344849969, USD=1.1234312177, ZAR=20.4538317447}
2025-05-12 08:07:13 [scheduling-1] INFO  c.A.r.i.cache.CacheServiceImpl - cache put for currency :JPY rates:{AUD=0.0106784412, BGN=0.0119092629, BRL=0.0386855747, CAD=0.0095493988, CHF=0.0057184601, CNY=0.0496862985, CZK=0.1517858963, DKK=0.0455552339, EUR=0.0061049353, GBP=0.0051607975, HKD=0.0533207407, HRK=0.0436885605, HUF=2.4632887751, IDR=113.264763458, ILS=0.0242921055, INR=0.5862186396, ISK=0.8958295333, JPY=1.0, KRW=9.5495149046, MXN=0.1332726031, MYR=0.0294985097, NOK=0.0710955091, NZD=0.0115817031, PHP=0.3801004919, PLN=0.0258193506, RON=0.0312476978, RUB=0.565632306, SEK=0.0666128103, SGD=0.0088809716, THB=0.2267860054, TRY=0.2657752148, USD=0.0068584749, ZAR=0.1248693197}
2025-05-12 08:07:14 [scheduling-1] INFO  c.A.r.i.cache.CacheServiceImpl - cache put for currency :GBP rates:{AUD=2.0691455636, BGN=2.3076400518, BRL=7.496045897, CAD=1.8503727193, CHF=1.1080574596, CNY=9.6276396825, CZK=29.4113259276, DKK=8.8271694928, EUR=1.1829441776, GBP=1.0, HKD=10.3318801241, HRK=8.4654669707, HUF=477.3077789014, IDR=21947.1436802744, ILS=4.7070449265, INR=113.590708349, ISK=173.5835477863, JPY=193.7685031975, KRW=1850.3952093177, MXN=25.8240328209, MYR=5.7158820744, NOK=13.7760703766, NZD=2.244169276, PHP=73.6515033743, PLN=5.0029769158, RON=6.0548196311, RUB=109.6017252911, SEK=12.9074645387, SGD=1.7208525657, THB=43.9439848194, TRY=51.4988655502, USD=1.3289564179, ZAR=24.1957411712}
2025-05-12 08:07:14 [scheduling-1] INFO  c.A.r.i.cache.CacheServiceImpl - cache put for currency :CAD rates:{AUD=1.1182317714, BGN=1.2471217435, BRL=4.0511005263, CAD=1.0, CHF=0.5988293321, CNY=5.2030812939, CZK=15.8948116889, DKK=4.7704818606, EUR=0.6393004854, GBP=0.5404316598, HKD=5.5836751246, HRK=4.5750063662, HUF=257.9522352022, IDR=11860.9312876929, ILS=2.5438361025, INR=61.3880150545, ISK=93.8100448496, JPY=104.7186338061, KRW=1000.0121543159, MXN=13.9561249209, MYR=3.0890436369, NOK=7.4450245796, NZD=1.2128201268, PHP=39.8036042177, PLN=2.7037671187, RON=3.2722162232, RUB=59.2322423195, SEK=6.9756024849, SGD=0.9300032084, THB=23.7487206555, TRY=27.8316173887, USD=0.7182101227, ZAR=13.076144562}
2025-05-12 08:07:14 [scheduling-1] INFO  c.A.r.i.cache.CacheServiceImpl - cache put for currency :CHF rates:{AUD=1.8673630556, BGN=2.0825996267, BRL=6.7650335566, CAD=1.6699248791, CHF=1.0, CNY=8.6887549007, CZK=26.543141488, DKK=7.9663463444, EUR=1.0675837857, GBP=0.9024802742, HKD=9.3243180075, HRK=7.639916953, HUF=430.7608551843, IDR=19806.8642466429, ILS=4.2480151959, INR=102.5133736182, ISK=156.6557278041, JPY=174.8722518984, KRW=1669.945175897, MXN=23.3056802214, MYR=5.1584708218, NOK=12.432631771, NZD=2.0253185036, PHP=66.469028961, PLN=4.5150879788, RON=5.464355281, RUB=98.9133950944, SEK=11.6487321362, SGD=1.5530354954, THB=39.6585794695, TRY=46.4767103031, USD=1.1993569524, ZAR=21.8361791269}
2025-05-12 08:07:15 [scheduling-1] INFO  c.A.r.i.cache.CacheServiceImpl - cache put for currency :AUD rates:{AUD=1.0, BGN=1.1152623056, BRL=3.6227735877, CAD=0.8942689929, CHF=0.5355145037, CNY=4.6529542686, CZK=14.2142372411, DKK=4.2660940091, EUR=0.5717066012, GBP=0.4832912762, HKD=4.9933075303, HRK=4.0912863356, HUF=230.6786855863, IDR=10606.863077302, ILS=2.2748737494, INR=54.8973983979, ISK=83.89141433, JPY=93.6466271899, KRW=894.2798621111, MXN=12.4805297776, MYR=2.7624359421, NOK=6.6578546328, NZD=1.0845874333, PHP=35.5951290569, PLN=2.4178950982, RON=2.9262415064, RUB=52.9695576853, SEK=6.2380650089, SGD=0.8316730326, THB=21.2377445029, TRY=24.8889524525, USD=0.6422730431, ZAR=11.6935906283}
2025-05-12 08:07:25 [reactor-http-epoll-2] WARN  c.A.r.filter.SecurityFilter - Request ID: null - API Key Auth FAILED for /api/v1/rateService/rate. Provided Key: frankl, Provided Passphrase: frank
2025-05-12 08:07:26 [reactor-http-epoll-2] ERROR o.s.b.a.w.r.e.AbstractErrorWebExceptionHandler - [1eb242a4-1]  500 Server Error for HTTP GET "/api/v1/rateService/rate?from=NZD&to=CAD"
java.lang.SecurityException: Invalid API Key or Passphrase
	at com.AnvilShieldGroup.rate_service.filter.SecurityFilter.filter(SecurityFilter.java:52)
	Suppressed: reactor.core.publisher.FluxOnAssembly$OnAssemblyException: 
Error has been observed at the following site(s):
	*__checkpoint ⇢ com.AnvilShieldGroup.rate_service.filter.SecurityFilter [DefaultWebFilterChain]
	*__checkpoint ⇢ HTTP GET "/api/v1/rateService/rate?from=NZD&to=CAD" [ExceptionHandlingWebHandler]
Original Stack Trace:
		at com.AnvilShieldGroup.rate_service.filter.SecurityFilter.filter(SecurityFilter.java:52)
		at org.springframework.web.server.handler.DefaultWebFilterChain.invokeFilter(DefaultWebFilterChain.java:114)
		at org.springframework.web.server.handler.DefaultWebFilterChain.lambda$filter$0(DefaultWebFilterChain.java:108)
		at reactor.core.publisher.MonoDefer.subscribe(MonoDefer.java:45)
		at reactor.core.publisher.Mono.subscribe(Mono.java:4495)
		at reactor.core.publisher.MonoIgnoreThen$ThenIgnoreMain.subscribeNext(MonoIgnoreThen.java:263)
		at reactor.core.publisher.MonoIgnoreThen.subscribe(MonoIgnoreThen.java:51)
		at reactor.core.publisher.InternalMonoOperator.subscribe(InternalMonoOperator.java:64)
		at reactor.core.publisher.MonoDeferContextual.subscribe(MonoDeferContextual.java:55)
		at reactor.netty.http.server.HttpServer$HttpServerHandle.onStateChange(HttpServer.java:1169)
		at reactor.netty.ReactorNetty$CompositeConnectionObserver.onStateChange(ReactorNetty.java:710)
		at reactor.netty.transport.ServerTransport$ChildObserver.onStateChange(ServerTransport.java:481)
		at reactor.netty.http.server.HttpServerOperations.onInboundNext(HttpServerOperations.java:652)
		at reactor.netty.channel.ChannelOperationsHandler.channelRead(ChannelOperationsHandler.java:114)
		at io.netty.channel.AbstractChannelHandlerContext.invokeChannelRead(AbstractChannelHandlerContext.java:444)
		at io.netty.channel.AbstractChannelHandlerContext.invokeChannelRead(AbstractChannelHandlerContext.java:420)
		at io.netty.channel.AbstractChannelHandlerContext.fireChannelRead(AbstractChannelHandlerContext.java:412)
		at reactor.netty.http.server.HttpTrafficHandler.channelRead(HttpTrafficHandler.java:238)
		at io.netty.channel.AbstractChannelHandlerContext.invokeChannelRead(AbstractChannelHandlerContext.java:442)
		at io.netty.channel.AbstractChannelHandlerContext.invokeChannelRead(AbstractChannelHandlerContext.java:420)
		at io.netty.channel.AbstractChannelHandlerContext.fireChannelRead(AbstractChannelHandlerContext.java:412)
		at io.netty.channel.CombinedChannelDuplexHandler$DelegatingChannelHandlerContext.fireChannelRead(CombinedChannelDuplexHandler.java:436)
		at io.netty.handler.codec.ByteToMessageDecoder.fireChannelRead(ByteToMessageDecoder.java:346)
		at io.netty.handler.codec.ByteToMessageDecoder.channelRead(ByteToMessageDecoder.java:318)
		at io.netty.channel.CombinedChannelDuplexHandler.channelRead(CombinedChannelDuplexHandler.java:251)
		at io.netty.channel.AbstractChannelHandlerContext.invokeChannelRead(AbstractChannelHandlerContext.java:442)
		at io.netty.channel.AbstractChannelHandlerContext.invokeChannelRead(AbstractChannelHandlerContext.java:420)
		at io.netty.channel.AbstractChannelHandlerContext.fireChannelRead(AbstractChannelHandlerContext.java:412)
		at io.netty.channel.DefaultChannelPipeline$HeadContext.channelRead(DefaultChannelPipeline.java:1410)
		at io.netty.channel.AbstractChannelHandlerContext.invokeChannelRead(AbstractChannelHandlerContext.java:440)
		at io.netty.channel.AbstractChannelHandlerContext.invokeChannelRead(AbstractChannelHandlerContext.java:420)
		at io.netty.channel.DefaultChannelPipeline.fireChannelRead(DefaultChannelPipeline.java:919)
		at io.netty.channel.epoll.AbstractEpollStreamChannel$EpollStreamUnsafe.epollInReady(AbstractEpollStreamChannel.java:800)
		at io.netty.channel.epoll.EpollEventLoop.processReady(EpollEventLoop.java:509)
		at io.netty.channel.epoll.EpollEventLoop.run(EpollEventLoop.java:407)
		at io.netty.util.concurrent.SingleThreadEventExecutor$4.run(SingleThreadEventExecutor.java:997)
		at io.netty.util.internal.ThreadExecutorMap$2.run(ThreadExecutorMap.java:74)
		at io.netty.util.concurrent.FastThreadLocalRunnable.run(FastThreadLocalRunnable.java:30)
		at java.base/java.lang.Thread.run(Thread.java:840)
2025-05-12 08:08:52 [background-preinit] INFO  o.h.validator.internal.util.Version - HV000001: Hibernate Validator 8.0.1.Final
2025-05-12 08:08:52 [main] INFO  c.A.r.RateServiceApplication - Starting RateServiceApplication using Java 17.0.13 with PID 268889 (/home/mwas/SPRINGBOOT-PROJECTS/Microservices/fx-exchange-system/rate-service/target/classes started by mwas in /home/mwas/SPRINGBOOT-PROJECTS/Microservices/fx-exchange-system)
2025-05-12 08:08:52 [main] INFO  c.A.r.RateServiceApplication - The following 1 profile is active: "dev"
2025-05-12 08:08:58 [main] INFO  o.s.b.w.e.netty.NettyWebServer - Netty started on port 8080
2025-05-12 08:08:58 [main] INFO  c.A.r.RateServiceApplication - Started RateServiceApplication in 8.643 seconds (process running for 10.169)
2025-05-12 08:09:02 [scheduling-1] INFO  c.A.r.i.cache.CacheServiceImpl - cache put for currency :USD rates:{AUD=1.556970218, BGN=1.736430195, BRL=5.6405505826, CAD=1.3923501888, CHF=0.8337801336, CNY=7.2445112219, CZK=22.131144056, DKK=6.6421813193, EUR=0.8901301515, GBP=0.7524701236, HKD=7.774431114, HRK=6.3700109778, HUF=359.1598433852, IDR=16514.569917763, ILS=3.5419106776, INR=85.4736143512, ISK=130.6164336577, JPY=145.8050095508, KRW=1392.3671118641, MXN=19.4318131686, MYR=4.301030491, NOK=10.366081379, NZD=1.6886703325, PHP=55.4205558474, PLN=3.7645906582, RON=4.5560708762, RUB=82.4720237766, SEK=9.7124814368, SGD=1.2948901428, THB=33.0665356885, TRY=38.7513577258, USD=1.0, ZAR=18.2065723497}
2025-05-12 08:09:02 [scheduling-1] INFO  c.A.r.i.cache.CacheServiceImpl - cache put for currency :EUR rates:{AUD=1.7491489479, BGN=1.9507598884, BRL=6.3367706094, CAD=1.5642096681, CHF=0.9366946308, CNY=8.1387100636, CZK=24.8628181156, DKK=7.4620338476, EUR=1.0, GBP=0.8453484272, HKD=8.7340386132, HRK=7.1562691895, HUF=403.4913801987, IDR=18552.9833922978, ILS=3.9790930255, INR=96.0237266507, ISK=146.7385791141, JPY=163.8018994246, KRW=1564.2286799495, MXN=21.8303055299, MYR=4.8319119218, NOK=11.6455794263, NZD=1.8971049679, PHP=62.2611825406, PLN=4.2292586672, RON=5.1184322523, RUB=92.6516460965, SEK=10.9113048473, SGD=1.4547200099, THB=37.1479784532, TRY=43.5344849969, USD=1.1234312177, ZAR=20.4538317447}
2025-05-12 08:09:03 [scheduling-1] INFO  c.A.r.i.cache.CacheServiceImpl - cache put for currency :JPY rates:{AUD=0.0106784412, BGN=0.0119092629, BRL=0.0386855747, CAD=0.0095493988, CHF=0.0057184601, CNY=0.0496862985, CZK=0.1517858963, DKK=0.0455552339, EUR=0.0061049353, GBP=0.0051607975, HKD=0.0533207407, HRK=0.0436885605, HUF=2.4632887751, IDR=113.264763458, ILS=0.0242921055, INR=0.5862186396, ISK=0.8958295333, JPY=1.0, KRW=9.5495149046, MXN=0.1332726031, MYR=0.0294985097, NOK=0.0710955091, NZD=0.0115817031, PHP=0.3801004919, PLN=0.0258193506, RON=0.0312476978, RUB=0.565632306, SEK=0.0666128103, SGD=0.0088809716, THB=0.2267860054, TRY=0.2657752148, USD=0.0068584749, ZAR=0.1248693197}
2025-05-12 08:09:03 [scheduling-1] INFO  c.A.r.i.cache.CacheServiceImpl - cache put for currency :GBP rates:{AUD=2.0691455636, BGN=2.3076400518, BRL=7.496045897, CAD=1.8503727193, CHF=1.1080574596, CNY=9.6276396825, CZK=29.4113259276, DKK=8.8271694928, EUR=1.1829441776, GBP=1.0, HKD=10.3318801241, HRK=8.4654669707, HUF=477.3077789014, IDR=21947.1436802744, ILS=4.7070449265, INR=113.590708349, ISK=173.5835477863, JPY=193.7685031975, KRW=1850.3952093177, MXN=25.8240328209, MYR=5.7158820744, NOK=13.7760703766, NZD=2.244169276, PHP=73.6515033743, PLN=5.0029769158, RON=6.0548196311, RUB=109.6017252911, SEK=12.9074645387, SGD=1.7208525657, THB=43.9439848194, TRY=51.4988655502, USD=1.3289564179, ZAR=24.1957411712}
2025-05-12 08:09:04 [scheduling-1] INFO  c.A.r.i.cache.CacheServiceImpl - cache put for currency :CAD rates:{AUD=1.1182317714, BGN=1.2471217435, BRL=4.0511005263, CAD=1.0, CHF=0.5988293321, CNY=5.2030812939, CZK=15.8948116889, DKK=4.7704818606, EUR=0.6393004854, GBP=0.5404316598, HKD=5.5836751246, HRK=4.5750063662, HUF=257.9522352022, IDR=11860.9312876929, ILS=2.5438361025, INR=61.3880150545, ISK=93.8100448496, JPY=104.7186338061, KRW=1000.0121543159, MXN=13.9561249209, MYR=3.0890436369, NOK=7.4450245796, NZD=1.2128201268, PHP=39.8036042177, PLN=2.7037671187, RON=3.2722162232, RUB=59.2322423195, SEK=6.9756024849, SGD=0.9300032084, THB=23.7487206555, TRY=27.8316173887, USD=0.7182101227, ZAR=13.076144562}
2025-05-12 08:09:04 [scheduling-1] INFO  c.A.r.i.cache.CacheServiceImpl - cache put for currency :CHF rates:{AUD=1.8673630556, BGN=2.0825996267, BRL=6.7650335566, CAD=1.6699248791, CHF=1.0, CNY=8.6887549007, CZK=26.543141488, DKK=7.9663463444, EUR=1.0675837857, GBP=0.9024802742, HKD=9.3243180075, HRK=7.639916953, HUF=430.7608551843, IDR=19806.8642466429, ILS=4.2480151959, INR=102.5133736182, ISK=156.6557278041, JPY=174.8722518984, KRW=1669.945175897, MXN=23.3056802214, MYR=5.1584708218, NOK=12.432631771, NZD=2.0253185036, PHP=66.469028961, PLN=4.5150879788, RON=5.464355281, RUB=98.9133950944, SEK=11.6487321362, SGD=1.5530354954, THB=39.6585794695, TRY=46.4767103031, USD=1.1993569524, ZAR=21.8361791269}
2025-05-12 08:09:04 [scheduling-1] INFO  c.A.r.i.cache.CacheServiceImpl - cache put for currency :AUD rates:{AUD=1.0, BGN=1.1152623056, BRL=3.6227735877, CAD=0.8942689929, CHF=0.5355145037, CNY=4.6529542686, CZK=14.2142372411, DKK=4.2660940091, EUR=0.5717066012, GBP=0.4832912762, HKD=4.9933075303, HRK=4.0912863356, HUF=230.6786855863, IDR=10606.863077302, ILS=2.2748737494, INR=54.8973983979, ISK=83.89141433, JPY=93.6466271899, KRW=894.2798621111, MXN=12.4805297776, MYR=2.7624359421, NOK=6.6578546328, NZD=1.0845874333, PHP=35.5951290569, PLN=2.4178950982, RON=2.9262415064, RUB=52.9695576853, SEK=6.2380650089, SGD=0.8316730326, THB=21.2377445029, TRY=24.8889524525, USD=0.6422730431, ZAR=11.6935906283}
2025-05-12 08:11:08 [background-preinit] INFO  o.h.validator.internal.util.Version - HV000001: Hibernate Validator 8.0.1.Final
2025-05-12 08:11:08 [main] INFO  c.A.r.RateServiceApplication - Starting RateServiceApplication using Java 17.0.13 with PID 272099 (/home/mwas/SPRINGBOOT-PROJECTS/Microservices/fx-exchange-system/rate-service/target/classes started by mwas in /home/mwas/SPRINGBOOT-PROJECTS/Microservices/fx-exchange-system)
2025-05-12 08:11:08 [main] INFO  c.A.r.RateServiceApplication - The following 1 profile is active: "dev"
2025-05-12 08:11:15 [main] INFO  o.s.b.w.e.netty.NettyWebServer - Netty started on port 8080
2025-05-12 08:11:15 [main] INFO  c.A.r.RateServiceApplication - Started RateServiceApplication in 9.736 seconds (process running for 11.689)
2025-05-12 08:11:18 [scheduling-1] INFO  c.A.r.i.cache.CacheServiceImpl - cache put for currency :USD rates:{AUD=1.556970218, BGN=1.736430195, BRL=5.6405505826, CAD=1.3923501888, CHF=0.8337801336, CNY=7.2445112219, CZK=22.131144056, DKK=6.6421813193, EUR=0.8901301515, GBP=0.7524701236, HKD=7.774431114, HRK=6.3700109778, HUF=359.1598433852, IDR=16514.569917763, ILS=3.5419106776, INR=85.4736143512, ISK=130.6164336577, JPY=145.8050095508, KRW=1392.3671118641, MXN=19.4318131686, MYR=4.301030491, NOK=10.366081379, NZD=1.6886703325, PHP=55.4205558474, PLN=3.7645906582, RON=4.5560708762, RUB=82.4720237766, SEK=9.7124814368, SGD=1.2948901428, THB=33.0665356885, TRY=38.7513577258, USD=1.0, ZAR=18.2065723497}
2025-05-12 08:11:19 [scheduling-1] INFO  c.A.r.i.cache.CacheServiceImpl - cache put for currency :EUR rates:{AUD=1.7491489479, BGN=1.9507598884, BRL=6.3367706094, CAD=1.5642096681, CHF=0.9366946308, CNY=8.1387100636, CZK=24.8628181156, DKK=7.4620338476, EUR=1.0, GBP=0.8453484272, HKD=8.7340386132, HRK=7.1562691895, HUF=403.4913801987, IDR=18552.9833922978, ILS=3.9790930255, INR=96.0237266507, ISK=146.7385791141, JPY=163.8018994246, KRW=1564.2286799495, MXN=21.8303055299, MYR=4.8319119218, NOK=11.6455794263, NZD=1.8971049679, PHP=62.2611825406, PLN=4.2292586672, RON=5.1184322523, RUB=92.6516460965, SEK=10.9113048473, SGD=1.4547200099, THB=37.1479784532, TRY=43.5344849969, USD=1.1234312177, ZAR=20.4538317447}
2025-05-12 08:11:19 [scheduling-1] INFO  c.A.r.i.cache.CacheServiceImpl - cache put for currency :JPY rates:{AUD=0.0106784412, BGN=0.0119092629, BRL=0.0386855747, CAD=0.0095493988, CHF=0.0057184601, CNY=0.0496862985, CZK=0.1517858963, DKK=0.0455552339, EUR=0.0061049353, GBP=0.0051607975, HKD=0.0533207407, HRK=0.0436885605, HUF=2.4632887751, IDR=113.264763458, ILS=0.0242921055, INR=0.5862186396, ISK=0.8958295333, JPY=1.0, KRW=9.5495149046, MXN=0.1332726031, MYR=0.0294985097, NOK=0.0710955091, NZD=0.0115817031, PHP=0.3801004919, PLN=0.0258193506, RON=0.0312476978, RUB=0.565632306, SEK=0.0666128103, SGD=0.0088809716, THB=0.2267860054, TRY=0.2657752148, USD=0.0068584749, ZAR=0.1248693197}
2025-05-12 08:11:20 [scheduling-1] INFO  c.A.r.i.cache.CacheServiceImpl - cache put for currency :GBP rates:{AUD=2.0691455636, BGN=2.3076400518, BRL=7.496045897, CAD=1.8503727193, CHF=1.1080574596, CNY=9.6276396825, CZK=29.4113259276, DKK=8.8271694928, EUR=1.1829441776, GBP=1.0, HKD=10.3318801241, HRK=8.4654669707, HUF=477.3077789014, IDR=21947.1436802744, ILS=4.7070449265, INR=113.590708349, ISK=173.5835477863, JPY=193.7685031975, KRW=1850.3952093177, MXN=25.8240328209, MYR=5.7158820744, NOK=13.7760703766, NZD=2.244169276, PHP=73.6515033743, PLN=5.0029769158, RON=6.0548196311, RUB=109.6017252911, SEK=12.9074645387, SGD=1.7208525657, THB=43.9439848194, TRY=51.4988655502, USD=1.3289564179, ZAR=24.1957411712}
2025-05-12 08:11:20 [scheduling-1] INFO  c.A.r.i.cache.CacheServiceImpl - cache put for currency :CAD rates:{AUD=1.1182317714, BGN=1.2471217435, BRL=4.0511005263, CAD=1.0, CHF=0.5988293321, CNY=5.2030812939, CZK=15.8948116889, DKK=4.7704818606, EUR=0.6393004854, GBP=0.5404316598, HKD=5.5836751246, HRK=4.5750063662, HUF=257.9522352022, IDR=11860.9312876929, ILS=2.5438361025, INR=61.3880150545, ISK=93.8100448496, JPY=104.7186338061, KRW=1000.0121543159, MXN=13.9561249209, MYR=3.0890436369, NOK=7.4450245796, NZD=1.2128201268, PHP=39.8036042177, PLN=2.7037671187, RON=3.2722162232, RUB=59.2322423195, SEK=6.9756024849, SGD=0.9300032084, THB=23.7487206555, TRY=27.8316173887, USD=0.7182101227, ZAR=13.076144562}
2025-05-12 08:11:20 [scheduling-1] INFO  c.A.r.i.cache.CacheServiceImpl - cache put for currency :CHF rates:{AUD=1.8673630556, BGN=2.0825996267, BRL=6.7650335566, CAD=1.6699248791, CHF=1.0, CNY=8.6887549007, CZK=26.543141488, DKK=7.9663463444, EUR=1.0675837857, GBP=0.9024802742, HKD=9.3243180075, HRK=7.639916953, HUF=430.7608551843, IDR=19806.8642466429, ILS=4.2480151959, INR=102.5133736182, ISK=156.6557278041, JPY=174.8722518984, KRW=1669.945175897, MXN=23.3056802214, MYR=5.1584708218, NOK=12.432631771, NZD=2.0253185036, PHP=66.469028961, PLN=4.5150879788, RON=5.464355281, RUB=98.9133950944, SEK=11.6487321362, SGD=1.5530354954, THB=39.6585794695, TRY=46.4767103031, USD=1.1993569524, ZAR=21.8361791269}
2025-05-12 08:11:21 [scheduling-1] INFO  c.A.r.i.cache.CacheServiceImpl - cache put for currency :AUD rates:{AUD=1.0, BGN=1.1152623056, BRL=3.6227735877, CAD=0.8942689929, CHF=0.5355145037, CNY=4.6529542686, CZK=14.2142372411, DKK=4.2660940091, EUR=0.5717066012, GBP=0.4832912762, HKD=4.9933075303, HRK=4.0912863356, HUF=230.6786855863, IDR=10606.863077302, ILS=2.2748737494, INR=54.8973983979, ISK=83.89141433, JPY=93.6466271899, KRW=894.2798621111, MXN=12.4805297776, MYR=2.7624359421, NOK=6.6578546328, NZD=1.0845874333, PHP=35.5951290569, PLN=2.4178950982, RON=2.9262415064, RUB=52.9695576853, SEK=6.2380650089, SGD=0.8316730326, THB=21.2377445029, TRY=24.8889524525, USD=0.6422730431, ZAR=11.6935906283}
2025-05-12 08:14:09 [background-preinit] INFO  o.h.validator.internal.util.Version - HV000001: Hibernate Validator 8.0.1.Final
2025-05-12 08:14:09 [main] INFO  c.A.r.RateServiceApplication - Starting RateServiceApplication using Java 17.0.13 with PID 276144 (/home/mwas/SPRINGBOOT-PROJECTS/Microservices/fx-exchange-system/rate-service/target/classes started by mwas in /home/mwas/SPRINGBOOT-PROJECTS/Microservices/fx-exchange-system)
2025-05-12 08:14:09 [main] INFO  c.A.r.RateServiceApplication - The following 1 profile is active: "dev"
2025-05-12 08:14:16 [main] INFO  o.s.b.w.e.netty.NettyWebServer - Netty started on port 8080
2025-05-12 08:14:16 [main] INFO  c.A.r.RateServiceApplication - Started RateServiceApplication in 9.266 seconds (process running for 10.707)
2025-05-12 08:14:19 [scheduling-1] INFO  c.A.r.i.cache.CacheServiceImpl - cache put for currency :USD rates:{AUD=1.556970218, BGN=1.736430195, BRL=5.6405505826, CAD=1.3923501888, CHF=0.8337801336, CNY=7.2445112219, CZK=22.131144056, DKK=6.6421813193, EUR=0.8901301515, GBP=0.7524701236, HKD=7.774431114, HRK=6.3700109778, HUF=359.1598433852, IDR=16514.569917763, ILS=3.5419106776, INR=85.4736143512, ISK=130.6164336577, JPY=145.8050095508, KRW=1392.3671118641, MXN=19.4318131686, MYR=4.301030491, NOK=10.366081379, NZD=1.6886703325, PHP=55.4205558474, PLN=3.7645906582, RON=4.5560708762, RUB=82.4720237766, SEK=9.7124814368, SGD=1.2948901428, THB=33.0665356885, TRY=38.7513577258, USD=1.0, ZAR=18.2065723497}
2025-05-12 08:14:19 [scheduling-1] INFO  c.A.r.i.cache.CacheServiceImpl - cache put for currency :EUR rates:{AUD=1.7491489479, BGN=1.9507598884, BRL=6.3367706094, CAD=1.5642096681, CHF=0.9366946308, CNY=8.1387100636, CZK=24.8628181156, DKK=7.4620338476, EUR=1.0, GBP=0.8453484272, HKD=8.7340386132, HRK=7.1562691895, HUF=403.4913801987, IDR=18552.9833922978, ILS=3.9790930255, INR=96.0237266507, ISK=146.7385791141, JPY=163.8018994246, KRW=1564.2286799495, MXN=21.8303055299, MYR=4.8319119218, NOK=11.6455794263, NZD=1.8971049679, PHP=62.2611825406, PLN=4.2292586672, RON=5.1184322523, RUB=92.6516460965, SEK=10.9113048473, SGD=1.4547200099, THB=37.1479784532, TRY=43.5344849969, USD=1.1234312177, ZAR=20.4538317447}
2025-05-12 08:14:19 [scheduling-1] INFO  c.A.r.i.cache.CacheServiceImpl - cache put for currency :JPY rates:{AUD=0.0106784412, BGN=0.0119092629, BRL=0.0386855747, CAD=0.0095493988, CHF=0.0057184601, CNY=0.0496862985, CZK=0.1517858963, DKK=0.0455552339, EUR=0.0061049353, GBP=0.0051607975, HKD=0.0533207407, HRK=0.0436885605, HUF=2.4632887751, IDR=113.264763458, ILS=0.0242921055, INR=0.5862186396, ISK=0.8958295333, JPY=1.0, KRW=9.5495149046, MXN=0.1332726031, MYR=0.0294985097, NOK=0.0710955091, NZD=0.0115817031, PHP=0.3801004919, PLN=0.0258193506, RON=0.0312476978, RUB=0.565632306, SEK=0.0666128103, SGD=0.0088809716, THB=0.2267860054, TRY=0.2657752148, USD=0.0068584749, ZAR=0.1248693197}
2025-05-12 08:14:20 [scheduling-1] INFO  c.A.r.i.cache.CacheServiceImpl - cache put for currency :GBP rates:{AUD=2.0691455636, BGN=2.3076400518, BRL=7.496045897, CAD=1.8503727193, CHF=1.1080574596, CNY=9.6276396825, CZK=29.4113259276, DKK=8.8271694928, EUR=1.1829441776, GBP=1.0, HKD=10.3318801241, HRK=8.4654669707, HUF=477.3077789014, IDR=21947.1436802744, ILS=4.7070449265, INR=113.590708349, ISK=173.5835477863, JPY=193.7685031975, KRW=1850.3952093177, MXN=25.8240328209, MYR=5.7158820744, NOK=13.7760703766, NZD=2.244169276, PHP=73.6515033743, PLN=5.0029769158, RON=6.0548196311, RUB=109.6017252911, SEK=12.9074645387, SGD=1.7208525657, THB=43.9439848194, TRY=51.4988655502, USD=1.3289564179, ZAR=24.1957411712}
2025-05-12 08:14:20 [scheduling-1] INFO  c.A.r.i.cache.CacheServiceImpl - cache put for currency :CAD rates:{AUD=1.1182317714, BGN=1.2471217435, BRL=4.0511005263, CAD=1.0, CHF=0.5988293321, CNY=5.2030812939, CZK=15.8948116889, DKK=4.7704818606, EUR=0.6393004854, GBP=0.5404316598, HKD=5.5836751246, HRK=4.5750063662, HUF=257.9522352022, IDR=11860.9312876929, ILS=2.5438361025, INR=61.3880150545, ISK=93.8100448496, JPY=104.7186338061, KRW=1000.0121543159, MXN=13.9561249209, MYR=3.0890436369, NOK=7.4450245796, NZD=1.2128201268, PHP=39.8036042177, PLN=2.7037671187, RON=3.2722162232, RUB=59.2322423195, SEK=6.9756024849, SGD=0.9300032084, THB=23.7487206555, TRY=27.8316173887, USD=0.7182101227, ZAR=13.076144562}
2025-05-12 08:14:20 [scheduling-1] INFO  c.A.r.i.cache.CacheServiceImpl - cache put for currency :CHF rates:{AUD=1.8673630556, BGN=2.0825996267, BRL=6.7650335566, CAD=1.6699248791, CHF=1.0, CNY=8.6887549007, CZK=26.543141488, DKK=7.9663463444, EUR=1.0675837857, GBP=0.9024802742, HKD=9.3243180075, HRK=7.639916953, HUF=430.7608551843, IDR=19806.8642466429, ILS=4.2480151959, INR=102.5133736182, ISK=156.6557278041, JPY=174.8722518984, KRW=1669.945175897, MXN=23.3056802214, MYR=5.1584708218, NOK=12.432631771, NZD=2.0253185036, PHP=66.469028961, PLN=4.5150879788, RON=5.464355281, RUB=98.9133950944, SEK=11.6487321362, SGD=1.5530354954, THB=39.6585794695, TRY=46.4767103031, USD=1.1993569524, ZAR=21.8361791269}
2025-05-12 08:14:21 [scheduling-1] INFO  c.A.r.i.cache.CacheServiceImpl - cache put for currency :AUD rates:{AUD=1.0, BGN=1.1152623056, BRL=3.6227735877, CAD=0.8942689929, CHF=0.5355145037, CNY=4.6529542686, CZK=14.2142372411, DKK=4.2660940091, EUR=0.5717066012, GBP=0.4832912762, HKD=4.9933075303, HRK=4.0912863356, HUF=230.6786855863, IDR=10606.863077302, ILS=2.2748737494, INR=54.8973983979, ISK=83.89141433, JPY=93.6466271899, KRW=894.2798621111, MXN=12.4805297776, MYR=2.7624359421, NOK=6.6578546328, NZD=1.0845874333, PHP=35.5951290569, PLN=2.4178950982, RON=2.9262415064, RUB=52.9695576853, SEK=6.2380650089, SGD=0.8316730326, THB=21.2377445029, TRY=24.8889524525, USD=0.6422730431, ZAR=11.6935906283}
2025-05-12 08:14:22 [reactor-http-epoll-1] WARN  c.A.r.filter.SecurityFilter - Request ID: null - API Key Auth FAILED for /api/v1/rateService/rate
2025-05-12 08:24:17 [reactor-http-epoll-3] WARN  r.n.http.client.HttpClientConnect - [55076ae3-8, L:/192.168.1.197:50672 - R:api.freecurrencyapi.com/172.67.202.166:443] The connection observed an error, the request cannot be retried as the headers/body were sent
io.netty.channel.unix.Errors$NativeIoException: recvAddress(..) failed: Connection reset by peer
2025-05-12 08:24:17 [scheduling-1] ERROR o.s.s.s.TaskUtils$LoggingErrorHandler - Unexpected error occurred in scheduled task
org.springframework.web.reactive.function.client.WebClientRequestException: recvAddress(..) failed: Connection reset by peer
	at org.springframework.web.reactive.function.client.ExchangeFunctions$DefaultExchangeFunction.lambda$wrapException$9(ExchangeFunctions.java:136)
	Suppressed: reactor.core.publisher.FluxOnAssembly$OnAssemblyException: 
Error has been observed at the following site(s):
	*__checkpoint ⇢ Request to GET https://api.freecurrencyapi.com/v1/latest [DefaultWebClient]
Original Stack Trace:
		at org.springframework.web.reactive.function.client.ExchangeFunctions$DefaultExchangeFunction.lambda$wrapException$9(ExchangeFunctions.java:136)
		at reactor.core.publisher.MonoErrorSupplied.subscribe(MonoErrorSupplied.java:55)
		at reactor.core.publisher.Mono.subscribe(Mono.java:4495)
		at reactor.core.publisher.FluxOnErrorResume$ResumeSubscriber.onError(FluxOnErrorResume.java:103)
		at reactor.core.publisher.FluxPeek$PeekSubscriber.onError(FluxPeek.java:222)
		at reactor.core.publisher.FluxPeek$PeekSubscriber.onError(FluxPeek.java:222)
		at reactor.core.publisher.FluxPeek$PeekSubscriber.onError(FluxPeek.java:222)
		at reactor.core.publisher.MonoNext$NextSubscriber.onError(MonoNext.java:93)
		at reactor.core.publisher.MonoFlatMapMany$FlatMapManyMain.onError(MonoFlatMapMany.java:204)
		at reactor.core.publisher.SerializedSubscriber.onError(SerializedSubscriber.java:124)
		at reactor.core.publisher.FluxRetryWhen$RetryWhenMainSubscriber.whenError(FluxRetryWhen.java:225)
		at reactor.core.publisher.FluxRetryWhen$RetryWhenOtherSubscriber.onError(FluxRetryWhen.java:274)
		at reactor.core.publisher.FluxContextWrite$ContextWriteSubscriber.onError(FluxContextWrite.java:121)
		at reactor.core.publisher.FluxConcatMapNoPrefetch$FluxConcatMapNoPrefetchSubscriber.maybeOnError(FluxConcatMapNoPrefetch.java:326)
		at reactor.core.publisher.FluxConcatMapNoPrefetch$FluxConcatMapNoPrefetchSubscriber.onNext(FluxConcatMapNoPrefetch.java:211)
		at reactor.core.publisher.FluxContextWrite$ContextWriteSubscriber.onNext(FluxContextWrite.java:107)
		at reactor.core.publisher.SinkManyEmitterProcessor.drain(SinkManyEmitterProcessor.java:471)
		at reactor.core.publisher.SinkManyEmitterProcessor$EmitterInner.drainParent(SinkManyEmitterProcessor.java:615)
		at reactor.core.publisher.FluxPublish$PubSubInner.request(FluxPublish.java:873)
		at reactor.core.publisher.FluxContextWrite$ContextWriteSubscriber.request(FluxContextWrite.java:136)
		at reactor.core.publisher.FluxConcatMapNoPrefetch$FluxConcatMapNoPrefetchSubscriber.request(FluxConcatMapNoPrefetch.java:336)
		at reactor.core.publisher.FluxContextWrite$ContextWriteSubscriber.request(FluxContextWrite.java:136)
		at reactor.core.publisher.Operators$DeferredSubscription.request(Operators.java:1717)
		at reactor.core.publisher.FluxRetryWhen$RetryWhenMainSubscriber.onError(FluxRetryWhen.java:192)
		at reactor.core.publisher.MonoCreate$DefaultMonoSink.error(MonoCreate.java:201)
		at reactor.netty.http.client.HttpClientConnect$HttpObserver.onUncaughtException(HttpClientConnect.java:403)
		at reactor.netty.ReactorNetty$CompositeConnectionObserver.onUncaughtException(ReactorNetty.java:703)
		at reactor.netty.resources.DefaultPooledConnectionProvider$DisposableAcquire.onUncaughtException(DefaultPooledConnectionProvider.java:223)
		at reactor.netty.resources.DefaultPooledConnectionProvider$PooledConnection.onUncaughtException(DefaultPooledConnectionProvider.java:476)
		at reactor.netty.channel.FluxReceive.drainReceiver(FluxReceive.java:247)
		at reactor.netty.channel.FluxReceive.onInboundError(FluxReceive.java:468)
		at reactor.netty.channel.ChannelOperations.onInboundError(ChannelOperations.java:515)
		at reactor.netty.channel.ChannelOperationsHandler.exceptionCaught(ChannelOperationsHandler.java:145)
		at io.netty.channel.AbstractChannelHandlerContext.invokeExceptionCaught(AbstractChannelHandlerContext.java:346)
		at io.netty.channel.AbstractChannelHandlerContext.invokeExceptionCaught(AbstractChannelHandlerContext.java:325)
		at io.netty.channel.AbstractChannelHandlerContext.fireExceptionCaught(AbstractChannelHandlerContext.java:317)
		at io.netty.channel.CombinedChannelDuplexHandler$DelegatingChannelHandlerContext.fireExceptionCaught(CombinedChannelDuplexHandler.java:424)
		at io.netty.channel.ChannelHandlerAdapter.exceptionCaught(ChannelHandlerAdapter.java:92)
		at io.netty.channel.CombinedChannelDuplexHandler$1.fireExceptionCaught(CombinedChannelDuplexHandler.java:145)
		at io.netty.channel.ChannelInboundHandlerAdapter.exceptionCaught(ChannelInboundHandlerAdapter.java:143)
		at io.netty.channel.CombinedChannelDuplexHandler.exceptionCaught(CombinedChannelDuplexHandler.java:231)
		at io.netty.channel.AbstractChannelHandlerContext.invokeExceptionCaught(AbstractChannelHandlerContext.java:346)
		at io.netty.channel.AbstractChannelHandlerContext.invokeExceptionCaught(AbstractChannelHandlerContext.java:325)
		at io.netty.channel.AbstractChannelHandlerContext.fireExceptionCaught(AbstractChannelHandlerContext.java:317)
		at io.netty.handler.ssl.SslHandler.exceptionCaught(SslHandler.java:1204)
		at io.netty.channel.AbstractChannelHandlerContext.invokeExceptionCaught(AbstractChannelHandlerContext.java:346)
		at io.netty.channel.AbstractChannelHandlerContext.invokeExceptionCaught(AbstractChannelHandlerContext.java:325)
		at io.netty.channel.AbstractChannelHandlerContext.fireExceptionCaught(AbstractChannelHandlerContext.java:317)
		at io.netty.channel.DefaultChannelPipeline$HeadContext.exceptionCaught(DefaultChannelPipeline.java:1377)
		at io.netty.channel.AbstractChannelHandlerContext.invokeExceptionCaught(AbstractChannelHandlerContext.java:346)
		at io.netty.channel.AbstractChannelHandlerContext.invokeExceptionCaught(AbstractChannelHandlerContext.java:325)
		at io.netty.channel.DefaultChannelPipeline.fireExceptionCaught(DefaultChannelPipeline.java:907)
		at io.netty.channel.epoll.AbstractEpollStreamChannel$EpollStreamUnsafe.handleReadException(AbstractEpollStreamChannel.java:728)
		at io.netty.channel.epoll.AbstractEpollStreamChannel$EpollStreamUnsafe.epollInReady(AbstractEpollStreamChannel.java:826)
		at io.netty.channel.epoll.EpollEventLoop.processReady(EpollEventLoop.java:509)
		at io.netty.channel.epoll.EpollEventLoop.run(EpollEventLoop.java:407)
		at io.netty.util.concurrent.SingleThreadEventExecutor$4.run(SingleThreadEventExecutor.java:997)
		at io.netty.util.internal.ThreadExecutorMap$2.run(ThreadExecutorMap.java:74)
		at io.netty.util.concurrent.FastThreadLocalRunnable.run(FastThreadLocalRunnable.java:30)
		at java.base/java.lang.Thread.run(Thread.java:840)
	Suppressed: java.lang.Exception: #block terminated with an error
		at reactor.core.publisher.BlockingSingleSubscriber.blockingGet(BlockingSingleSubscriber.java:103)
		at reactor.core.publisher.Mono.block(Mono.java:1712)
		at com.AnvilShieldGroup.rate_service.infrastructure.scheduler.SchedulerServiceImpl.preFetchMajorCurrenciesRates(SchedulerServiceImpl.java:33)
		at java.base/jdk.internal.reflect.NativeMethodAccessorImpl.invoke0(Native Method)
		at java.base/jdk.internal.reflect.NativeMethodAccessorImpl.invoke(NativeMethodAccessorImpl.java:77)
		at java.base/jdk.internal.reflect.DelegatingMethodAccessorImpl.invoke(DelegatingMethodAccessorImpl.java:43)
		at java.base/java.lang.reflect.Method.invoke(Method.java:569)
		at org.springframework.scheduling.support.ScheduledMethodRunnable.run(ScheduledMethodRunnable.java:84)
		at org.springframework.scheduling.support.DelegatingErrorHandlingRunnable.run(DelegatingErrorHandlingRunnable.java:54)
		at java.base/java.util.concurrent.Executors$RunnableAdapter.call(Executors.java:539)
		at java.base/java.util.concurrent.FutureTask.runAndReset(FutureTask.java:305)
		at java.base/java.util.concurrent.ScheduledThreadPoolExecutor$ScheduledFutureTask.run(ScheduledThreadPoolExecutor.java:305)
		at java.base/java.util.concurrent.ThreadPoolExecutor.runWorker(ThreadPoolExecutor.java:1136)
		at java.base/java.util.concurrent.ThreadPoolExecutor$Worker.run(ThreadPoolExecutor.java:635)
		at java.base/java.lang.Thread.run(Thread.java:840)
Caused by: io.netty.channel.unix.Errors$NativeIoException: recvAddress(..) failed: Connection reset by peer
